0[1.0000]  1[0.0000]  0
0[0.9956]  1[0.0044]  0
0[0.9999]  1[0.0001]  0
0[0.0097]  1[0.9903]  1
0[0.9949]  1[0.0051]  0
0[1.0000]  1[0.0000]  0
0[0.0133]  1[0.9867]  1
0[0.0003]  1[0.9997]  1
0[0.8976]  1[0.1024]  0
0[0.9840]  1[0.0160]  0
0[0.8643]  1[0.1357]  0
0[0.9962]  1[0.0038]  0
0[0.9996]  1[0.0004]  0
0[0.9974]  1[0.0026]  0
0[0.9974]  1[0.0026]  0
0[0.0133]  1[0.9867]  1
0[0.0100]  1[0.9900]  1
0[0.9997]  1[0.0003]  0
0[1.0000]  1[0.0000]  0
0[0.0248]  1[0.9752]  1
0[0.0116]  1[0.9884]  1
0[0.6938]  1[0.3062]  0
0[0.9964]  1[0.0036]  0
0[0.9996]  1[0.0004]  0
0[0.9937]  1[0.0063]  0
0[0.9999]  1[0.0001]  0
0[0.9958]  1[0.0042]  0
0[0.0000]  1[1.0000]  1
0[0.9959]  1[0.0041]  0
0[0.8848]  1[0.1152]  0
0[0.9999]  1[0.0001]  0
0[0.0008]  1[0.9992]  1
0[0.9976]  1[0.0024]  0
0[0.9981]  1[0.0019]  0
0[1.0000]  1[0.0000]  0
0[0.0060]  1[0.9940]  1
0[0.0432]  1[0.9568]  1
0[0.0191]  1[0.9809]  1
0[0.9999]  1[0.0001]  0
0[0.9994]  1[0.0006]  0
0[0.0115]  1[0.9885]  1
0[0.8387]  1[0.1613]  0
0[0.9990]  1[0.0010]  0
0[0.9210]  1[0.0790]  0
0[1.0000]  1[0.0000]  0
0[0.1036]  1[0.8964]  1
0[0.1661]  1[0.8339]  1
0[0.9995]  1[0.0005]  0
0[0.9911]  1[0.0089]  0
0[0.9972]  1[0.0028]  0
0[0.9995]  1[0.0005]  0
0[0.9974]  1[0.0026]  0
0[0.9927]  1[0.0073]  0
