0[0.0952]  1[0.9048]  1
0[1.0000]  1[0.0000]  0
0[0.9981]  1[0.0019]  0
0[0.0319]  1[0.9681]  1
0[0.0004]  1[0.9996]  1
0[0.9992]  1[0.0008]  0
0[0.9908]  1[0.0092]  0
0[0.9982]  1[0.0018]  0
0[0.0080]  1[0.9920]  1
0[0.9894]  1[0.0106]  0
0[0.0687]  1[0.9313]  1
0[0.9999]  1[0.0001]  0
0[0.0080]  1[0.9920]  1
0[0.9998]  1[0.0002]  0
0[0.9998]  1[0.0002]  0
0[0.9969]  1[0.0031]  0
0[0.9567]  1[0.0433]  0
0[0.0022]  1[0.9978]  1
0[0.0008]  1[0.9992]  1
0[0.0109]  1[0.9891]  1
0[0.8929]  1[0.1071]  0
0[0.9962]  1[0.0038]  0
0[0.9932]  1[0.0068]  0
0[0.9992]  1[0.0008]  0
0[0.0023]  1[0.9977]  1
