0[0.9999]  1[0.0001]  0
0[0.9999]  1[0.0001]  0
0[0.0301]  1[0.9699]  1
0[1.0000]  1[0.0000]  0
0[1.0000]  1[0.0000]  0
0[1.0000]  1[0.0000]  0
0[0.5031]  1[0.4969]  0
0[0.9831]  1[0.0169]  0
0[0.0024]  1[0.9976]  1
0[0.0687]  1[0.9313]  1
0[0.9754]  1[0.0246]  0
0[0.9786]  1[0.0214]  0
0[0.1402]  1[0.8598]  1
0[1.0000]  1[0.0000]  0
0[0.9992]  1[0.0008]  0
0[0.0003]  1[0.9997]  1
0[0.0093]  1[0.9907]  1
0[0.9967]  1[0.0033]  0
0[0.0116]  1[0.9884]  1
0[1.0000]  1[0.0000]  0
0[0.0148]  1[0.9852]  1
0[0.9996]  1[0.0004]  0
0[1.0000]  1[0.0000]  0
0[0.9393]  1[0.0607]  0
0[0.9997]  1[0.0003]  0
0[0.0767]  1[0.9233]  1
0[1.0000]  1[0.0000]  0
0[0.9995]  1[0.0005]  0
0[0.0003]  1[0.9997]  1
0[0.6065]  1[0.3935]  0
0[0.9885]  1[0.0115]  0
0[0.9390]  1[0.0610]  0
0[0.7799]  1[0.2201]  0
0[0.0212]  1[0.9788]  1
0[1.0000]  1[0.0000]  0
0[1.0000]  1[0.0000]  0
0[0.8536]  1[0.1464]  0
0[0.9889]  1[0.0111]  0
