0[0.9999]  1[0.0001]  0
0[0.2683]  1[0.7317]  1
0[0.9976]  1[0.0024]  0
0[1.0000]  1[0.0000]  0
0[0.0001]  1[0.9999]  1
0[1.0000]  1[0.0000]  0
0[1.0000]  1[0.0000]  0
0[0.9999]  1[0.0001]  0
0[0.9999]  1[0.0001]  0
0[1.0000]  1[0.0000]  0
0[0.9989]  1[0.0011]  0
0[0.0182]  1[0.9818]  1
0[0.9361]  1[0.0639]  0
0[0.9984]  1[0.0016]  0
0[0.0209]  1[0.9791]  1
0[1.0000]  1[0.0000]  0
0[0.9986]  1[0.0014]  0
0[0.9999]  1[0.0001]  0
0[0.0145]  1[0.9855]  1
0[0.9999]  1[0.0001]  0
0[0.9999]  1[0.0001]  0
0[0.9783]  1[0.0217]  0
0[1.0000]  1[0.0000]  0
0[0.0459]  1[0.9541]  1
0[0.9972]  1[0.0028]  0
0[0.0102]  1[0.9898]  1
0[0.9995]  1[0.0005]  0
0[0.9990]  1[0.0010]  0
0[0.9999]  1[0.0001]  0
0[0.9993]  1[0.0007]  0
0[0.9994]  1[0.0006]  0
0[0.9782]  1[0.0218]  0
0[0.9999]  1[0.0001]  0
0[0.9998]  1[0.0002]  0
0[0.0002]  1[0.9998]  1
0[0.9986]  1[0.0014]  0
0[0.9975]  1[0.0025]  0
0[0.0722]  1[0.9278]  1
0[1.0000]  1[0.0000]  0
0[0.9996]  1[0.0004]  0
0[1.0000]  1[0.0000]  0
0[0.0762]  1[0.9238]  1
0[0.9991]  1[0.0009]  0
0[0.9999]  1[0.0001]  0
0[0.0383]  1[0.9617]  1
0[0.9995]  1[0.0005]  0
0[0.8914]  1[0.1086]  0
0[0.1257]  1[0.8743]  1
0[0.9420]  1[0.0580]  0
0[0.9999]  1[0.0001]  0
0[0.0008]  1[0.9992]  1
0[0.0160]  1[0.9840]  1
0[0.9999]  1[0.0001]  0
0[0.9999]  1[0.0001]  0
0[0.0002]  1[0.9998]  1
0[0.9999]  1[0.0001]  0
0[0.9999]  1[0.0001]  0
0[0.9939]  1[0.0061]  0
0[0.0190]  1[0.9810]  1
0[0.9996]  1[0.0004]  0
0[0.9995]  1[0.0005]  0
0[0.0151]  1[0.9849]  1
0[0.0002]  1[0.9998]  1
0[0.1711]  1[0.8289]  1
0[0.0145]  1[0.9855]  1
0[0.0050]  1[0.9950]  1
0[0.0055]  1[0.9945]  1
0[0.9996]  1[0.0004]  0
0[0.0482]  1[0.9518]  1
0[0.9766]  1[0.0234]  0
0[0.9999]  1[0.0001]  0
0[1.0000]  1[0.0000]  0
0[1.0000]  1[0.0000]  0
0[0.9971]  1[0.0029]  0
0[0.9999]  1[0.0001]  0
0[0.9915]  1[0.0085]  0
0[0.9995]  1[0.0005]  0
0[0.0106]  1[0.9894]  1
