0[0.0017]  1[0.9983]  1
0[0.9466]  1[0.0534]  0
0[0.9998]  1[0.0002]  0
0[0.9997]  1[0.0003]  0
0[0.9999]  1[0.0001]  0
0[0.9999]  1[0.0001]  0
0[0.0020]  1[0.9980]  1
0[1.0000]  1[0.0000]  0
0[0.0349]  1[0.9651]  1
0[0.0995]  1[0.9005]  1
0[0.0002]  1[0.9998]  1
0[0.4960]  1[0.5040]  1
0[1.0000]  1[0.0000]  0
0[0.9999]  1[0.0001]  0
0[0.0243]  1[0.9757]  1
0[1.0000]  1[0.0000]  0
0[0.3809]  1[0.6191]  1
0[1.0000]  1[0.0000]  0
0[0.9991]  1[0.0009]  0
0[0.0045]  1[0.9955]  1
0[0.0209]  1[0.9791]  1
0[0.9990]  1[0.0010]  0
0[1.0000]  1[0.0000]  0
0[0.9848]  1[0.0152]  0
0[0.0042]  1[0.9958]  1
0[1.0000]  1[0.0000]  0
0[0.9983]  1[0.0017]  0
0[0.9999]  1[0.0001]  0
0[0.9989]  1[0.0011]  0
0[1.0000]  1[0.0000]  0
0[0.9973]  1[0.0027]  0
0[0.0001]  1[0.9999]  1
0[0.0851]  1[0.9149]  1
0[0.0003]  1[0.9997]  1
0[1.0000]  1[0.0000]  0
0[0.9998]  1[0.0002]  0
0[0.9982]  1[0.0018]  0
0[0.9979]  1[0.0021]  0
0[0.9999]  1[0.0001]  0
0[0.9999]  1[0.0001]  0
0[0.9996]  1[0.0004]  0
0[0.0000]  1[1.0000]  1
0[0.9954]  1[0.0046]  0
0[0.0061]  1[0.9939]  1
0[0.0438]  1[0.9562]  1
0[0.0218]  1[0.9782]  1
0[0.0674]  1[0.9326]  1
0[0.9997]  1[0.0003]  0
0[0.0184]  1[0.9816]  1
0[0.9985]  1[0.0015]  0
0[0.9953]  1[0.0047]  0
0[0.0118]  1[0.9882]  1
0[0.0001]  1[0.9999]  1
0[0.0073]  1[0.9927]  1
0[1.0000]  1[0.0000]  0
0[0.9999]  1[0.0001]  0
0[0.9893]  1[0.0107]  0
0[1.0000]  1[0.0000]  0
0[0.9944]  1[0.0056]  0
0[0.9996]  1[0.0004]  0
0[0.9998]  1[0.0002]  0
0[0.9992]  1[0.0008]  0
0[0.9976]  1[0.0024]  0
0[1.0000]  1[0.0000]  0
0[0.0004]  1[0.9996]  1
0[0.9984]  1[0.0016]  0
0[0.9903]  1[0.0097]  0
0[0.9995]  1[0.0005]  0
0[1.0000]  1[0.0000]  0
0[0.0463]  1[0.9537]  1
0[0.9999]  1[0.0001]  0
0[0.9997]  1[0.0003]  0
0[0.0460]  1[0.9540]  1
0[0.9736]  1[0.0264]  0
0[0.9995]  1[0.0005]  0
0[0.9995]  1[0.0005]  0
0[1.0000]  1[0.0000]  0
