0[0.9972]  1[0.0028]  0
0[1.0000]  1[0.0000]  0
0[0.9938]  1[0.0062]  0
0[0.5169]  1[0.4831]  0
0[0.9973]  1[0.0027]  0
0[1.0000]  1[0.0000]  0
0[0.0039]  1[0.9961]  1
0[1.0000]  1[0.0000]  0
0[0.0000]  1[1.0000]  1
0[0.0052]  1[0.9948]  1
0[0.0131]  1[0.9869]  1
0[0.9917]  1[0.0083]  0
0[1.0000]  1[0.0000]  0
0[0.9996]  1[0.0004]  0
0[0.9896]  1[0.0104]  0
0[0.0161]  1[0.9839]  1
0[0.0231]  1[0.9769]  1
0[0.9999]  1[0.0001]  0
0[0.0068]  1[0.9932]  1
0[0.9300]  1[0.0700]  0
0[0.0050]  1[0.9950]  1
0[0.0381]  1[0.9619]  1
0[0.0040]  1[0.9960]  1
0[0.0130]  1[0.9870]  1
0[0.0095]  1[0.9905]  1
0[0.9960]  1[0.0040]  0
0[0.6830]  1[0.3170]  0
0[0.9618]  1[0.0382]  0
0[0.9999]  1[0.0001]  0
0[1.0000]  1[0.0000]  0
0[0.9903]  1[0.0097]  0
0[0.9970]  1[0.0030]  0
0[0.9786]  1[0.0214]  0
0[0.0067]  1[0.9933]  1
0[0.9624]  1[0.0376]  0
0[0.9997]  1[0.0003]  0
0[0.0643]  1[0.9357]  1
0[0.9976]  1[0.0024]  0
0[0.9990]  1[0.0010]  0
0[0.2244]  1[0.7756]  1
0[0.0420]  1[0.9580]  1
0[0.0024]  1[0.9976]  1
0[1.0000]  1[0.0000]  0
0[0.9930]  1[0.0070]  0
0[0.9995]  1[0.0005]  0
