0[0.0152]  1[0.9848]  1
0[0.9922]  1[0.0078]  0
0[0.9995]  1[0.0005]  0
0[0.0024]  1[0.9976]  1
0[0.9987]  1[0.0013]  0
0[0.0329]  1[0.9671]  1
0[0.0009]  1[0.9991]  1
0[0.9686]  1[0.0314]  0
0[0.9999]  1[0.0001]  0
0[1.0000]  1[0.0000]  0
0[0.9983]  1[0.0017]  0
0[0.0002]  1[0.9998]  1
0[1.0000]  1[0.0000]  0
0[0.9998]  1[0.0002]  0
0[0.0074]  1[0.9926]  1
0[0.0941]  1[0.9059]  1
0[0.0083]  1[0.9917]  1
0[0.9799]  1[0.0201]  0
0[1.0000]  1[0.0000]  0
0[0.0215]  1[0.9785]  1
0[0.0004]  1[0.9996]  1
0[1.0000]  1[0.0000]  0
0[0.9999]  1[0.0001]  0
0[0.9999]  1[0.0001]  0
0[0.9742]  1[0.0258]  0
0[0.0055]  1[0.9945]  1
0[0.0713]  1[0.9287]  1
0[0.9999]  1[0.0001]  0
0[0.0980]  1[0.9020]  1
0[0.0004]  1[0.9996]  1
0[1.0000]  1[0.0000]  0
0[0.9976]  1[0.0024]  0
0[0.0874]  1[0.9126]  1
0[0.9995]  1[0.0005]  0
0[0.9998]  1[0.0002]  0
0[1.0000]  1[0.0000]  0
0[0.9999]  1[0.0001]  0
0[0.0079]  1[0.9921]  1
0[0.9995]  1[0.0005]  0
0[0.9999]  1[0.0001]  0
0[0.9967]  1[0.0033]  0
0[0.2419]  1[0.7581]  1
0[0.9924]  1[0.0076]  0
0[0.3557]  1[0.6443]  1
0[0.0003]  1[0.9997]  1
0[0.9999]  1[0.0001]  0
0[0.0106]  1[0.9894]  1
0[0.9997]  1[0.0003]  0
0[0.9978]  1[0.0022]  0
0[0.9866]  1[0.0134]  0
0[1.0000]  1[0.0000]  0
0[1.0000]  1[0.0000]  0
0[0.9996]  1[0.0004]  0
0[0.0050]  1[0.9950]  1
0[1.0000]  1[0.0000]  0
0[0.9906]  1[0.0094]  0
0[1.0000]  1[0.0000]  0
0[0.9999]  1[0.0001]  0
0[0.0245]  1[0.9755]  1
0[0.9999]  1[0.0001]  0
0[0.9932]  1[0.0068]  0
0[0.1200]  1[0.8800]  1
0[0.0715]  1[0.9285]  1
0[1.0000]  1[0.0000]  0
0[0.9938]  1[0.0062]  0
0[1.0000]  1[0.0000]  0
0[0.9985]  1[0.0015]  0
0[0.9975]  1[0.0025]  0
0[0.9956]  1[0.0044]  0
0[0.0942]  1[0.9058]  1
0[0.9998]  1[0.0002]  0
0[1.0000]  1[0.0000]  0
0[1.0000]  1[0.0000]  0
0[0.0034]  1[0.9966]  1
0[0.0000]  1[1.0000]  1
0[0.9981]  1[0.0019]  0
0[0.0002]  1[0.9998]  1
0[0.9996]  1[0.0004]  0
0[1.0000]  1[0.0000]  0
0[0.9979]  1[0.0021]  0
0[0.9993]  1[0.0007]  0
0[1.0000]  1[0.0000]  0
0[0.0004]  1[0.9996]  1
0[0.9993]  1[0.0007]  0
0[0.9995]  1[0.0005]  0
0[0.0561]  1[0.9439]  1
0[1.0000]  1[0.0000]  0
0[1.0000]  1[0.0000]  0
0[0.9935]  1[0.0065]  0
0[0.0285]  1[0.9715]  1
0[0.9984]  1[0.0016]  0
0[0.9977]  1[0.0023]  0
