0[0.0246]  1[0.9754]  1
0[1.0000]  1[0.0000]  0
0[0.9995]  1[0.0005]  0
0[0.0256]  1[0.9744]  1
0[0.0036]  1[0.9964]  1
0[1.0000]  1[0.0000]  0
0[0.9953]  1[0.0047]  0
0[1.0000]  1[0.0000]  0
0[0.8406]  1[0.1594]  0
0[0.9986]  1[0.0014]  0
0[0.0081]  1[0.9919]  1
0[0.9819]  1[0.0181]  0
0[0.0102]  1[0.9898]  1
0[1.0000]  1[0.0000]  0
0[0.3248]  1[0.6752]  1
0[0.0068]  1[0.9932]  1
0[0.9824]  1[0.0176]  0
0[0.9980]  1[0.0020]  0
0[0.9575]  1[0.0425]  0
0[0.9995]  1[0.0005]  0
0[0.9985]  1[0.0015]  0
0[0.9996]  1[0.0004]  0
0[1.0000]  1[0.0000]  0
0[1.0000]  1[0.0000]  0
0[1.0000]  1[0.0000]  0
0[0.0731]  1[0.9269]  1
0[0.0019]  1[0.9981]  1
0[0.9792]  1[0.0208]  0
0[1.0000]  1[0.0000]  0
0[0.0081]  1[0.9919]  1
0[1.0000]  1[0.0000]  0
0[1.0000]  1[0.0000]  0
0[0.0656]  1[0.9344]  1
0[0.9996]  1[0.0004]  0
0[1.0000]  1[0.0000]  0
0[1.0000]  1[0.0000]  0
0[0.9996]  1[0.0004]  0
0[0.0002]  1[0.9998]  1
0[0.9995]  1[0.0005]  0
0[0.0237]  1[0.9763]  1
0[0.0102]  1[0.9898]  1
0[0.0224]  1[0.9776]  1
0[0.0044]  1[0.9956]  1
0[0.6553]  1[0.3447]  0
0[1.0000]  1[0.0000]  0
0[0.9998]  1[0.0002]  0
0[0.3943]  1[0.6057]  1
0[0.9984]  1[0.0016]  0
0[0.0091]  1[0.9909]  1
0[0.9999]  1[0.0001]  0
0[0.9999]  1[0.0001]  0
0[1.0000]  1[0.0000]  0
0[0.0225]  1[0.9775]  1
0[0.9998]  1[0.0002]  0
0[0.0097]  1[0.9903]  1
0[0.0002]  1[0.9998]  1
0[0.8163]  1[0.1837]  0
0[0.0238]  1[0.9762]  1
0[0.4398]  1[0.5602]  1
0[0.0135]  1[0.9865]  1
0[0.9999]  1[0.0001]  0
0[0.0391]  1[0.9609]  1
0[0.9999]  1[0.0001]  0
0[0.3415]  1[0.6585]  1
0[1.0000]  1[0.0000]  0
0[1.0000]  1[0.0000]  0
0[0.0067]  1[0.9933]  1
0[0.0054]  1[0.9946]  1
0[0.5710]  1[0.4290]  0
0[0.0085]  1[0.9915]  1
0[0.1282]  1[0.8718]  1
0[1.0000]  1[0.0000]  0
0[0.9992]  1[0.0008]  0
0[0.9880]  1[0.0120]  0
0[1.0000]  1[0.0000]  0
0[0.0000]  1[1.0000]  1
0[1.0000]  1[0.0000]  0
0[0.9950]  1[0.0050]  0
0[0.6034]  1[0.3966]  0
0[0.9977]  1[0.0023]  0
0[0.9948]  1[0.0052]  0
0[0.9942]  1[0.0058]  0
0[0.9997]  1[0.0003]  0
0[0.9993]  1[0.0007]  0
0[0.9901]  1[0.0099]  0
0[1.0000]  1[0.0000]  0
0[0.9999]  1[0.0001]  0
0[1.0000]  1[0.0000]  0
0[0.0007]  1[0.9993]  1
0[0.0143]  1[0.9857]  1
0[0.9920]  1[0.0080]  0
0[0.9505]  1[0.0495]  0
0[0.0055]  1[0.9945]  1
0[0.0028]  1[0.9972]  1
0[0.9995]  1[0.0005]  0
0[1.0000]  1[0.0000]  0
0[1.0000]  1[0.0000]  0
0[0.5340]  1[0.4660]  0
0[0.0004]  1[0.9996]  1
0[0.0069]  1[0.9931]  1
0[0.9999]  1[0.0001]  0
0[1.0000]  1[0.0000]  0
0[0.0015]  1[0.9985]  1
0[0.9944]  1[0.0056]  0
0[0.0006]  1[0.9994]  1
0[0.0119]  1[0.9881]  1
0[0.0455]  1[0.9545]  1
0[1.0000]  1[0.0000]  0
0[0.9995]  1[0.0005]  0
0[0.9954]  1[0.0046]  0
0[0.3943]  1[0.6057]  1
0[0.0009]  1[0.9991]  1
0[0.9996]  1[0.0004]  0
0[0.9996]  1[0.0004]  0
