0[1.0000]  1[0.0000]  0
0[0.0069]  1[0.9931]  1
0[0.9995]  1[0.0005]  0
0[0.9153]  1[0.0847]  0
0[0.9990]  1[0.0010]  0
0[0.9974]  1[0.0026]  0
0[0.0063]  1[0.9937]  1
0[1.0000]  1[0.0000]  0
0[0.0230]  1[0.9770]  1
0[0.0022]  1[0.9978]  1
0[1.0000]  1[0.0000]  0
0[1.0000]  1[0.0000]  0
0[1.0000]  1[0.0000]  0
0[0.0151]  1[0.9849]  1
0[0.9939]  1[0.0061]  0
0[0.0102]  1[0.9898]  1
0[0.9994]  1[0.0006]  0
0[0.0297]  1[0.9703]  1
0[0.9999]  1[0.0001]  0
0[0.0093]  1[0.9907]  1
0[0.0193]  1[0.9807]  1
0[1.0000]  1[0.0000]  0
0[0.9999]  1[0.0001]  0
0[0.9953]  1[0.0047]  0
0[0.9998]  1[0.0002]  0
0[1.0000]  1[0.0000]  0
0[0.9999]  1[0.0001]  0
0[0.0004]  1[0.9996]  1
0[0.0003]  1[0.9997]  1
0[1.0000]  1[0.0000]  0
0[0.9993]  1[0.0007]  0
0[0.9999]  1[0.0001]  0
0[0.9999]  1[0.0001]  0
0[1.0000]  1[0.0000]  0
0[0.9999]  1[0.0001]  0
0[0.0146]  1[0.9854]  1
0[0.3359]  1[0.6641]  1
0[0.9999]  1[0.0001]  0
0[0.9998]  1[0.0002]  0
0[0.0054]  1[0.9946]  1
0[0.0310]  1[0.9690]  1
0[0.9999]  1[0.0001]  0
0[0.0008]  1[0.9992]  1
0[0.0492]  1[0.9508]  1
0[0.3663]  1[0.6337]  1
0[0.0442]  1[0.9558]  1
0[0.9993]  1[0.0007]  0
0[0.9999]  1[0.0001]  0
0[0.0014]  1[0.9986]  1
0[0.0022]  1[0.9978]  1
0[0.9874]  1[0.0126]  0
0[0.9178]  1[0.0822]  0
0[0.0326]  1[0.9674]  1
0[0.9999]  1[0.0001]  0
0[1.0000]  1[0.0000]  0
0[0.3990]  1[0.6010]  1
0[0.0150]  1[0.9850]  1
0[1.0000]  1[0.0000]  0
0[0.0002]  1[0.9998]  1
0[0.0180]  1[0.9820]  1
0[1.0000]  1[0.0000]  0
0[0.9976]  1[0.0024]  0
0[0.9958]  1[0.0042]  0
0[0.2569]  1[0.7431]  1
0[0.9996]  1[0.0004]  0
0[0.0263]  1[0.9737]  1
0[0.2039]  1[0.7961]  1
0[1.0000]  1[0.0000]  0
0[0.0764]  1[0.9236]  1
0[0.9999]  1[0.0001]  0
0[0.9995]  1[0.0005]  0
0[0.0045]  1[0.9955]  1
0[1.0000]  1[0.0000]  0
0[0.9976]  1[0.0024]  0
0[0.9999]  1[0.0001]  0
0[0.9994]  1[0.0006]  0
0[0.0076]  1[0.9924]  1
0[0.9999]  1[0.0001]  0
0[0.0156]  1[0.9844]  1
0[1.0000]  1[0.0000]  0
0[0.9999]  1[0.0001]  0
0[0.9999]  1[0.0001]  0
0[0.3953]  1[0.6047]  1
0[1.0000]  1[0.0000]  0
0[0.9962]  1[0.0038]  0
0[0.0820]  1[0.9180]  1
0[1.0000]  1[0.0000]  0
0[0.9890]  1[0.0110]  0
0[0.0749]  1[0.9251]  1
