0[1.0000]  1[0.0000]  0
0[0.9992]  1[0.0008]  0
0[1.0000]  1[0.0000]  0
0[0.0001]  1[0.9999]  1
0[0.9999]  1[0.0001]  0
0[0.9871]  1[0.0129]  0
0[0.1041]  1[0.8959]  1
0[1.0000]  1[0.0000]  0
0[0.9998]  1[0.0002]  0
0[0.9999]  1[0.0001]  0
0[0.9895]  1[0.0105]  0
0[0.9967]  1[0.0033]  0
0[0.0131]  1[0.9869]  1
0[0.9999]  1[0.0001]  0
0[0.0045]  1[0.9955]  1
0[0.9865]  1[0.0135]  0
0[0.0764]  1[0.9236]  1
0[0.9991]  1[0.0009]  0
0[0.0764]  1[0.9236]  1
0[1.0000]  1[0.0000]  0
0[0.9990]  1[0.0010]  0
0[0.9972]  1[0.0028]  0
0[0.9921]  1[0.0079]  0
0[0.9582]  1[0.0418]  0
0[0.0272]  1[0.9728]  1
0[0.9931]  1[0.0069]  0
0[0.9999]  1[0.0001]  0
0[0.0214]  1[0.9786]  1
0[0.0003]  1[0.9997]  1
0[0.7279]  1[0.2721]  0
0[0.0010]  1[0.9990]  1
0[0.9999]  1[0.0001]  0
0[0.0083]  1[0.9917]  1
0[0.9986]  1[0.0014]  0
0[0.0061]  1[0.9939]  1
0[0.0838]  1[0.9162]  1
0[0.1053]  1[0.8947]  1
0[0.0017]  1[0.9983]  1
0[0.9991]  1[0.0009]  0
0[0.9996]  1[0.0004]  0
0[0.9939]  1[0.0061]  0
0[0.9929]  1[0.0071]  0
0[0.9995]  1[0.0005]  0
0[0.0115]  1[0.9885]  1
0[0.9993]  1[0.0007]  0
0[1.0000]  1[0.0000]  0
0[0.9980]  1[0.0020]  0
0[0.0120]  1[0.9880]  1
0[0.9985]  1[0.0015]  0
0[0.8612]  1[0.1388]  0
0[0.9543]  1[0.0457]  0
0[0.9817]  1[0.0183]  0
0[0.3952]  1[0.6048]  1
0[1.0000]  1[0.0000]  0
0[1.0000]  1[0.0000]  0
0[0.9955]  1[0.0045]  0
0[0.0040]  1[0.9960]  1
0[0.9995]  1[0.0005]  0
0[0.9966]  1[0.0034]  0
0[0.9996]  1[0.0004]  0
0[0.0003]  1[0.9997]  1
0[0.9999]  1[0.0001]  0
0[0.9105]  1[0.0895]  0
0[1.0000]  1[0.0000]  0
0[0.9999]  1[0.0001]  0
0[0.9983]  1[0.0017]  0
0[1.0000]  1[0.0000]  0
0[0.9962]  1[0.0038]  0
0[1.0000]  1[0.0000]  0
0[0.9989]  1[0.0011]  0
0[0.9999]  1[0.0001]  0
0[0.0063]  1[0.9937]  1
0[0.9996]  1[0.0004]  0
0[0.0451]  1[0.9549]  1
0[0.0443]  1[0.9557]  1
0[1.0000]  1[0.0000]  0
0[0.9906]  1[0.0094]  0
0[0.9968]  1[0.0032]  0
0[0.0002]  1[0.9998]  1
0[0.9976]  1[0.0024]  0
0[0.9985]  1[0.0015]  0
0[0.9973]  1[0.0027]  0
0[1.0000]  1[0.0000]  0
0[0.0036]  1[0.9964]  1
0[0.9992]  1[0.0008]  0
0[0.0150]  1[0.9850]  1
0[1.0000]  1[0.0000]  0
0[0.9986]  1[0.0014]  0
0[0.9987]  1[0.0013]  0
0[0.9999]  1[0.0001]  0
0[0.0155]  1[0.9845]  1
0[1.0000]  1[0.0000]  0
0[0.0042]  1[0.9958]  1
0[1.0000]  1[0.0000]  0
0[0.9895]  1[0.0105]  0
0[0.3606]  1[0.6394]  1
0[1.0000]  1[0.0000]  0
0[0.9985]  1[0.0015]  0
0[0.9996]  1[0.0004]  0
0[0.9997]  1[0.0003]  0
0[0.9998]  1[0.0002]  0
0[0.9997]  1[0.0003]  0
0[1.0000]  1[0.0000]  0
0[0.0038]  1[0.9962]  1
0[1.0000]  1[0.0000]  0
0[1.0000]  1[0.0000]  0
0[0.9986]  1[0.0014]  0
0[0.9971]  1[0.0029]  0
0[0.0372]  1[0.9628]  1
0[1.0000]  1[0.0000]  0
0[0.0171]  1[0.9829]  1
0[0.5329]  1[0.4671]  0
0[0.0008]  1[0.9992]  1
0[0.1554]  1[0.8446]  1
0[0.9998]  1[0.0002]  0
0[1.0000]  1[0.0000]  0
0[1.0000]  1[0.0000]  0
0[0.9995]  1[0.0005]  0
0[0.9980]  1[0.0020]  0
0[0.9385]  1[0.0615]  0
0[0.9651]  1[0.0349]  0
0[0.4774]  1[0.5226]  1
0[0.9973]  1[0.0027]  0
0[0.0018]  1[0.9982]  1
0[0.9965]  1[0.0035]  0
0[1.0000]  1[0.0000]  0
0[0.3415]  1[0.6585]  1
0[0.8627]  1[0.1373]  0
0[1.0000]  1[0.0000]  0
0[0.9999]  1[0.0001]  0
0[1.0000]  1[0.0000]  0
0[1.0000]  1[0.0000]  0
0[0.1277]  1[0.8723]  1
0[0.9500]  1[0.0500]  0
0[0.9998]  1[0.0002]  0
0[0.0138]  1[0.9862]  1
0[0.0132]  1[0.9868]  1
0[0.0000]  1[1.0000]  1
0[1.0000]  1[0.0000]  0
0[1.0000]  1[0.0000]  0
0[0.0476]  1[0.9524]  1
0[0.0000]  1[1.0000]  1
0[0.0211]  1[0.9789]  1
0[1.0000]  1[0.0000]  0
0[0.0020]  1[0.9980]  1
