0[0.9849]  1[0.0151]  0
0[0.9999]  1[0.0001]  0
0[0.9999]  1[0.0001]  0
0[0.0748]  1[0.9252]  1
0[0.4610]  1[0.5390]  1
0[0.9977]  1[0.0023]  0
0[0.0001]  1[0.9999]  1
0[0.9999]  1[0.0001]  0
0[0.0019]  1[0.9981]  1
0[1.0000]  1[0.0000]  0
0[0.0048]  1[0.9952]  1
0[1.0000]  1[0.0000]  0
0[0.9292]  1[0.0708]  0
0[0.0017]  1[0.9983]  1
0[1.0000]  1[0.0000]  0
0[0.9999]  1[0.0001]  0
0[0.9999]  1[0.0001]  0
0[0.2758]  1[0.7242]  1
0[0.9903]  1[0.0097]  0
0[0.0927]  1[0.9073]  1
0[1.0000]  1[0.0000]  0
0[0.0042]  1[0.9958]  1
0[1.0000]  1[0.0000]  0
0[0.9985]  1[0.0015]  0
0[0.1562]  1[0.8438]  1
0[0.9898]  1[0.0102]  0
0[0.9996]  1[0.0004]  0
0[1.0000]  1[0.0000]  0
0[0.9994]  1[0.0006]  0
0[0.0214]  1[0.9786]  1
0[0.9997]  1[0.0003]  0
0[0.9995]  1[0.0005]  0
0[0.9971]  1[0.0029]  0
0[1.0000]  1[0.0000]  0
0[0.1079]  1[0.8921]  1
0[0.9996]  1[0.0004]  0
0[0.9870]  1[0.0130]  0
0[0.9996]  1[0.0004]  0
0[0.9996]  1[0.0004]  0
0[0.9977]  1[0.0023]  0
0[1.0000]  1[0.0000]  0
0[1.0000]  1[0.0000]  0
0[0.9984]  1[0.0016]  0
0[0.1079]  1[0.8921]  1
0[0.0045]  1[0.9955]  1
0[0.9987]  1[0.0013]  0
0[1.0000]  1[0.0000]  0
0[0.0060]  1[0.9940]  1
0[0.0080]  1[0.9920]  1
0[0.0010]  1[0.9990]  1
0[0.0202]  1[0.9798]  1
0[0.0502]  1[0.9498]  1
0[1.0000]  1[0.0000]  0
0[0.0008]  1[0.9992]  1
0[0.9999]  1[0.0001]  0
0[0.9996]  1[0.0004]  0
0[0.0174]  1[0.9826]  1
