0[1.0000]  1[0.0000]  0
0[0.9995]  1[0.0005]  0
0[1.0000]  1[0.0000]  0
0[0.9997]  1[0.0003]  0
0[0.9996]  1[0.0004]  0
0[1.0000]  1[0.0000]  0
0[1.0000]  1[0.0000]  0
0[0.9987]  1[0.0013]  0
0[0.0282]  1[0.9718]  1
0[0.9999]  1[0.0001]  0
0[1.0000]  1[0.0000]  0
0[0.9993]  1[0.0007]  0
0[0.9955]  1[0.0045]  0
0[0.0344]  1[0.9656]  1
0[1.0000]  1[0.0000]  0
0[0.0075]  1[0.9925]  1
0[0.9953]  1[0.0047]  0
0[0.9995]  1[0.0005]  0
0[1.0000]  1[0.0000]  0
0[0.9990]  1[0.0010]  0
0[0.9991]  1[0.0009]  0
0[0.0050]  1[0.9950]  1
0[0.9999]  1[0.0001]  0
0[0.9996]  1[0.0004]  0
0[0.9999]  1[0.0001]  0
0[1.0000]  1[0.0000]  0
0[1.0000]  1[0.0000]  0
0[0.9996]  1[0.0004]  0
0[0.9999]  1[0.0001]  0
0[1.0000]  1[0.0000]  0
0[0.0001]  1[0.9999]  1
0[0.9922]  1[0.0078]  0
0[1.0000]  1[0.0000]  0
0[0.9998]  1[0.0002]  0
0[0.9999]  1[0.0001]  0
0[0.0685]  1[0.9315]  1
0[0.9990]  1[0.0010]  0
0[0.0001]  1[0.9999]  1
0[1.0000]  1[0.0000]  0
0[0.0339]  1[0.9661]  1
0[1.0000]  1[0.0000]  0
0[1.0000]  1[0.0000]  0
0[0.9966]  1[0.0034]  0
0[0.0111]  1[0.9889]  1
0[0.9997]  1[0.0003]  0
0[0.9986]  1[0.0014]  0
0[0.9587]  1[0.0413]  0
0[0.9956]  1[0.0044]  0
0[0.0340]  1[0.9660]  1
0[0.3864]  1[0.6136]  1
