0[0.6956]  1[0.3044]  0
0[1.0000]  1[0.0000]  0
0[1.0000]  1[0.0000]  0
0[0.0299]  1[0.9701]  1
0[0.9961]  1[0.0039]  0
0[1.0000]  1[0.0000]  0
0[0.9999]  1[0.0001]  0
0[0.9999]  1[0.0001]  0
0[0.9999]  1[0.0001]  0
0[0.0652]  1[0.9348]  1
0[0.9998]  1[0.0002]  0
0[0.9808]  1[0.0192]  0
0[0.0261]  1[0.9739]  1
0[0.9115]  1[0.0885]  0
0[0.9984]  1[0.0016]  0
0[1.0000]  1[0.0000]  0
0[1.0000]  1[0.0000]  0
0[0.0226]  1[0.9774]  1
0[0.9999]  1[0.0001]  0
0[0.9999]  1[0.0001]  0
0[0.9994]  1[0.0006]  0
0[0.9959]  1[0.0041]  0
0[1.0000]  1[0.0000]  0
0[0.9987]  1[0.0013]  0
0[0.0299]  1[0.9701]  1
0[1.0000]  1[0.0000]  0
0[1.0000]  1[0.0000]  0
0[0.9997]  1[0.0003]  0
0[0.9999]  1[0.0001]  0
0[0.9985]  1[0.0015]  0
0[0.9996]  1[0.0004]  0
0[1.0000]  1[0.0000]  0
0[0.0022]  1[0.9978]  1
0[1.0000]  1[0.0000]  0
0[0.9947]  1[0.0053]  0
0[1.0000]  1[0.0000]  0
0[0.9999]  1[0.0001]  0
0[0.0008]  1[0.9992]  1
0[1.0000]  1[0.0000]  0
0[0.0008]  1[0.9992]  1
0[0.9983]  1[0.0017]  0
0[0.0195]  1[0.9805]  1
0[0.0319]  1[0.9681]  1
0[0.9999]  1[0.0001]  0
0[0.0585]  1[0.9415]  1
0[0.1015]  1[0.8985]  1
0[0.9999]  1[0.0001]  0
0[1.0000]  1[0.0000]  0
0[0.9949]  1[0.0051]  0
0[0.0258]  1[0.9742]  1
0[0.9995]  1[0.0005]  0
0[1.0000]  1[0.0000]  0
0[0.9584]  1[0.0416]  0
0[1.0000]  1[0.0000]  0
0[0.9321]  1[0.0679]  0
0[1.0000]  1[0.0000]  0
0[0.0327]  1[0.9673]  1
0[1.0000]  1[0.0000]  0
0[0.9999]  1[0.0001]  0
0[1.0000]  1[0.0000]  0
0[0.9999]  1[0.0001]  0
0[0.9967]  1[0.0033]  0
0[0.0041]  1[0.9959]  1
0[0.9980]  1[0.0020]  0
0[0.9999]  1[0.0001]  0
0[0.0171]  1[0.9829]  1
0[0.9971]  1[0.0029]  0
0[0.6614]  1[0.3386]  0
0[1.0000]  1[0.0000]  0
0[1.0000]  1[0.0000]  0
0[0.0092]  1[0.9908]  1
0[0.0021]  1[0.9979]  1
0[1.0000]  1[0.0000]  0
0[0.9999]  1[0.0001]  0
0[1.0000]  1[0.0000]  0
0[0.9982]  1[0.0018]  0
0[0.9838]  1[0.0162]  0
0[1.0000]  1[0.0000]  0
0[1.0000]  1[0.0000]  0
0[0.0021]  1[0.9979]  1
0[0.9999]  1[0.0001]  0
0[1.0000]  1[0.0000]  0
0[0.9955]  1[0.0045]  0
0[0.9727]  1[0.0273]  0
