0[0.9989]  1[0.0011]  0
0[1.0000]  1[0.0000]  0
0[0.9869]  1[0.0131]  0
0[0.0002]  1[0.9998]  1
0[0.7906]  1[0.2094]  0
0[0.9772]  1[0.0228]  0
0[0.0723]  1[0.9277]  1
0[0.1439]  1[0.8561]  1
0[0.9984]  1[0.0016]  0
0[1.0000]  1[0.0000]  0
0[1.0000]  1[0.0000]  0
0[0.9999]  1[0.0001]  0
0[0.9999]  1[0.0001]  0
0[0.9964]  1[0.0036]  0
0[0.9974]  1[0.0026]  0
0[1.0000]  1[0.0000]  0
0[1.0000]  1[0.0000]  0
0[0.1262]  1[0.8738]  1
0[0.0106]  1[0.9894]  1
0[0.9994]  1[0.0006]  0
0[0.9915]  1[0.0085]  0
0[1.0000]  1[0.0000]  0
0[1.0000]  1[0.0000]  0
0[0.9999]  1[0.0001]  0
0[1.0000]  1[0.0000]  0
0[0.0327]  1[0.9673]  1
0[0.9976]  1[0.0024]  0
0[0.0177]  1[0.9823]  1
0[1.0000]  1[0.0000]  0
0[0.9976]  1[0.0024]  0
0[1.0000]  1[0.0000]  0
0[0.9999]  1[0.0001]  0
0[0.0086]  1[0.9914]  1
0[1.0000]  1[0.0000]  0
0[1.0000]  1[0.0000]  0
0[0.0128]  1[0.9872]  1
0[1.0000]  1[0.0000]  0
0[1.0000]  1[0.0000]  0
0[1.0000]  1[0.0000]  0
0[1.0000]  1[0.0000]  0
0[1.0000]  1[0.0000]  0
0[0.1496]  1[0.8504]  1
0[0.9972]  1[0.0028]  0
0[0.9999]  1[0.0001]  0
0[0.9999]  1[0.0001]  0
0[0.9999]  1[0.0001]  0
0[0.0014]  1[0.9986]  1
0[0.0000]  1[1.0000]  1
0[0.0023]  1[0.9977]  1
0[0.0079]  1[0.9921]  1
