0[1.0000]  1[0.0000]  0
0[0.5577]  1[0.4423]  0
0[0.9972]  1[0.0028]  0
0[0.9215]  1[0.0785]  0
0[0.9999]  1[0.0001]  0
0[0.9999]  1[0.0001]  0
0[0.0195]  1[0.9805]  1
0[0.9999]  1[0.0001]  0
0[0.9999]  1[0.0001]  0
0[0.2920]  1[0.7080]  1
0[0.0629]  1[0.9371]  1
0[0.0078]  1[0.9922]  1
0[0.9825]  1[0.0175]  0
0[1.0000]  1[0.0000]  0
0[0.9999]  1[0.0001]  0
0[0.0004]  1[0.9996]  1
0[0.8090]  1[0.1910]  0
0[0.9999]  1[0.0001]  0
0[0.9997]  1[0.0003]  0
0[0.9995]  1[0.0005]  0
0[0.9943]  1[0.0057]  0
0[0.9993]  1[0.0007]  0
0[1.0000]  1[0.0000]  0
0[0.9999]  1[0.0001]  0
0[0.9999]  1[0.0001]  0
0[0.3663]  1[0.6337]  1
0[0.2063]  1[0.7937]  1
0[0.0133]  1[0.9867]  1
0[1.0000]  1[0.0000]  0
0[0.9999]  1[0.0001]  0
0[0.0008]  1[0.9992]  1
0[1.0000]  1[0.0000]  0
0[0.0390]  1[0.9610]  1
0[0.9980]  1[0.0020]  0
0[0.3054]  1[0.6946]  1
0[0.9999]  1[0.0001]  0
0[1.0000]  1[0.0000]  0
0[0.0020]  1[0.9980]  1
0[0.3303]  1[0.6697]  1
0[0.9988]  1[0.0012]  0
0[0.9999]  1[0.0001]  0
0[1.0000]  1[0.0000]  0
0[1.0000]  1[0.0000]  0
0[0.0071]  1[0.9929]  1
0[0.8660]  1[0.1340]  0
0[0.9997]  1[0.0003]  0
0[0.9941]  1[0.0059]  0
0[0.9996]  1[0.0004]  0
0[0.9999]  1[0.0001]  0
0[1.0000]  1[0.0000]  0
0[1.0000]  1[0.0000]  0
0[1.0000]  1[0.0000]  0
0[0.9995]  1[0.0005]  0
0[0.0133]  1[0.9867]  1
0[0.0741]  1[0.9259]  1
0[0.9983]  1[0.0017]  0
0[0.9999]  1[0.0001]  0
0[0.0043]  1[0.9957]  1
0[0.0169]  1[0.9831]  1
0[0.1660]  1[0.8340]  1
0[0.9996]  1[0.0004]  0
0[0.9971]  1[0.0029]  0
0[1.0000]  1[0.0000]  0
0[0.9999]  1[0.0001]  0
