0[0.9985]  1[0.0015]  0
0[0.9919]  1[0.0081]  0
0[0.0240]  1[0.9760]  1
0[1.0000]  1[0.0000]  0
0[0.0027]  1[0.9973]  1
0[0.9885]  1[0.0115]  0
0[0.0093]  1[0.9907]  1
0[0.0041]  1[0.9959]  1
0[0.0188]  1[0.9812]  1
0[0.9999]  1[0.0001]  0
0[1.0000]  1[0.0000]  0
0[0.0181]  1[0.9819]  1
0[1.0000]  1[0.0000]  0
0[0.0161]  1[0.9839]  1
0[0.9917]  1[0.0083]  0
0[0.1643]  1[0.8357]  1
0[1.0000]  1[0.0000]  0
0[0.0023]  1[0.9977]  1
0[0.0031]  1[0.9969]  1
0[0.9999]  1[0.0001]  0
0[0.2529]  1[0.7471]  1
0[1.0000]  1[0.0000]  0
0[0.6993]  1[0.3007]  0
0[0.0000]  1[1.0000]  1
0[0.0050]  1[0.9950]  1
0[0.9997]  1[0.0003]  0
0[0.0002]  1[0.9998]  1
0[0.9999]  1[0.0001]  0
0[0.9998]  1[0.0002]  0
0[1.0000]  1[0.0000]  0
0[0.0150]  1[0.9850]  1
0[0.9417]  1[0.0583]  0
0[0.0022]  1[0.9978]  1
0[0.9983]  1[0.0017]  0
0[0.9995]  1[0.0005]  0
0[0.0145]  1[0.9855]  1
0[0.9971]  1[0.0029]  0
0[0.0540]  1[0.9460]  1
0[0.9989]  1[0.0011]  0
