0[0.9997]  1[0.0003]  0
0[0.9538]  1[0.0462]  0
0[0.0193]  1[0.9807]  1
0[0.2457]  1[0.7543]  1
0[0.9978]  1[0.0022]  0
0[0.0304]  1[0.9696]  1
0[0.9989]  1[0.0011]  0
0[0.0804]  1[0.9196]  1
0[0.9999]  1[0.0001]  0
0[0.9999]  1[0.0001]  0
0[1.0000]  1[0.0000]  0
0[0.9929]  1[0.0071]  0
0[0.9984]  1[0.0016]  0
0[0.0002]  1[0.9998]  1
0[0.0138]  1[0.9862]  1
0[0.5532]  1[0.4468]  0
0[1.0000]  1[0.0000]  0
0[0.9998]  1[0.0002]  0
0[1.0000]  1[0.0000]  0
0[0.0022]  1[0.9978]  1
0[0.9989]  1[0.0011]  0
0[0.0117]  1[0.9883]  1
0[1.0000]  1[0.0000]  0
0[0.9996]  1[0.0004]  0
0[0.9976]  1[0.0024]  0
0[0.9991]  1[0.0009]  0
0[1.0000]  1[0.0000]  0
0[0.9995]  1[0.0005]  0
0[1.0000]  1[0.0000]  0
0[0.0596]  1[0.9404]  1
0[0.0050]  1[0.9950]  1
0[0.9969]  1[0.0031]  0
0[0.0394]  1[0.9606]  1
0[0.0485]  1[0.9515]  1
0[0.0855]  1[0.9145]  1
0[1.0000]  1[0.0000]  0
0[0.9917]  1[0.0083]  0
0[0.9996]  1[0.0004]  0
0[0.9999]  1[0.0001]  0
0[0.9941]  1[0.0059]  0
0[0.0345]  1[0.9655]  1
0[0.9968]  1[0.0032]  0
0[0.9514]  1[0.0486]  0
0[0.0082]  1[0.9918]  1
0[0.9951]  1[0.0049]  0
0[0.7458]  1[0.2542]  0
0[0.0237]  1[0.9763]  1
0[0.0374]  1[0.9626]  1
