0[0.0015]  1[0.9985]  1
0[0.3478]  1[0.6522]  1
0[1.0000]  1[0.0000]  0
0[0.9999]  1[0.0001]  0
0[0.9999]  1[0.0001]  0
0[0.0315]  1[0.9685]  1
0[0.9672]  1[0.0328]  0
0[1.0000]  1[0.0000]  0
0[0.0077]  1[0.9923]  1
0[0.0063]  1[0.9937]  1
0[0.9998]  1[0.0002]  0
0[1.0000]  1[0.0000]  0
0[0.9999]  1[0.0001]  0
0[0.9998]  1[0.0002]  0
0[0.9424]  1[0.0576]  0
0[0.0243]  1[0.9757]  1
0[0.9995]  1[0.0005]  0
0[0.0706]  1[0.9294]  1
0[0.0832]  1[0.9168]  1
0[0.0066]  1[0.9934]  1
0[0.9999]  1[0.0001]  0
0[0.0002]  1[0.9998]  1
0[0.9848]  1[0.0152]  0
0[0.0011]  1[0.9989]  1
0[0.0055]  1[0.9945]  1
0[1.0000]  1[0.0000]  0
0[1.0000]  1[0.0000]  0
0[1.0000]  1[0.0000]  0
0[0.9995]  1[0.0005]  0
0[1.0000]  1[0.0000]  0
0[0.0141]  1[0.9859]  1
0[0.9970]  1[0.0030]  0
0[0.9933]  1[0.0067]  0
0[0.7120]  1[0.2880]  0
0[0.9516]  1[0.0484]  0
0[0.0093]  1[0.9907]  1
0[0.9999]  1[0.0001]  0
0[0.0191]  1[0.9809]  1
0[1.0000]  1[0.0000]  0
0[0.9998]  1[0.0002]  0
0[0.9994]  1[0.0006]  0
0[0.0254]  1[0.9746]  1
0[0.9875]  1[0.0125]  0
0[1.0000]  1[0.0000]  0
0[1.0000]  1[0.0000]  0
0[0.0024]  1[0.9976]  1
0[1.0000]  1[0.0000]  0
0[0.9885]  1[0.0115]  0
0[0.9959]  1[0.0041]  0
0[1.0000]  1[0.0000]  0
0[1.0000]  1[0.0000]  0
0[0.9682]  1[0.0318]  0
0[0.7129]  1[0.2871]  0
0[0.0101]  1[0.9899]  1
0[1.0000]  1[0.0000]  0
0[1.0000]  1[0.0000]  0
0[0.8601]  1[0.1399]  0
0[0.0900]  1[0.9100]  1
0[0.0007]  1[0.9993]  1
0[0.9999]  1[0.0001]  0
0[0.9996]  1[0.0004]  0
0[0.9978]  1[0.0022]  0
0[1.0000]  1[0.0000]  0
0[1.0000]  1[0.0000]  0
0[1.0000]  1[0.0000]  0
0[0.9957]  1[0.0043]  0
0[0.0128]  1[0.9872]  1
