0[0.9999]  1[0.0001]  0
0[0.0148]  1[0.9852]  1
0[1.0000]  1[0.0000]  0
0[0.0180]  1[0.9820]  1
0[1.0000]  1[0.0000]  0
0[0.9565]  1[0.0435]  0
0[0.9972]  1[0.0028]  0
0[0.9998]  1[0.0002]  0
0[0.9982]  1[0.0018]  0
0[0.0021]  1[0.9979]  1
0[0.9988]  1[0.0012]  0
0[0.0061]  1[0.9939]  1
0[0.9999]  1[0.0001]  0
0[0.9996]  1[0.0004]  0
0[0.9999]  1[0.0001]  0
0[0.0673]  1[0.9327]  1
0[0.0329]  1[0.9671]  1
0[0.9734]  1[0.0266]  0
0[0.9999]  1[0.0001]  0
0[0.0019]  1[0.9981]  1
0[1.0000]  1[0.0000]  0
0[0.9977]  1[0.0023]  0
0[0.0020]  1[0.9980]  1
0[0.0283]  1[0.9717]  1
0[0.9975]  1[0.0025]  0
0[0.9998]  1[0.0002]  0
0[1.0000]  1[0.0000]  0
0[0.0010]  1[0.9990]  1
0[0.9997]  1[0.0003]  0
0[0.9999]  1[0.0001]  0
0[0.9803]  1[0.0197]  0
0[0.3594]  1[0.6406]  1
0[1.0000]  1[0.0000]  0
