0[0.9999]  1[0.0001]  0
0[1.0000]  1[0.0000]  0
0[0.9999]  1[0.0001]  0
0[0.0112]  1[0.9888]  1
0[1.0000]  1[0.0000]  0
0[0.0050]  1[0.9950]  1
0[1.0000]  1[0.0000]  0
0[0.9996]  1[0.0004]  0
0[0.0157]  1[0.9843]  1
0[1.0000]  1[0.0000]  0
0[0.9243]  1[0.0757]  0
0[0.0573]  1[0.9427]  1
0[0.0191]  1[0.9809]  1
0[1.0000]  1[0.0000]  0
0[0.0003]  1[0.9997]  1
0[0.1344]  1[0.8656]  1
0[0.9990]  1[0.0010]  0
0[0.9999]  1[0.0001]  0
0[0.0943]  1[0.9057]  1
0[0.1089]  1[0.8911]  1
0[1.0000]  1[0.0000]  0
0[0.9975]  1[0.0025]  0
0[0.9999]  1[0.0001]  0
0[0.9999]  1[0.0001]  0
