0[0.0019]  1[0.9981]  1
0[0.9995]  1[0.0005]  0
0[1.0000]  1[0.0000]  0
0[1.0000]  1[0.0000]  0
0[0.0478]  1[0.9522]  1
0[1.0000]  1[0.0000]  0
0[0.9999]  1[0.0001]  0
0[1.0000]  1[0.0000]  0
0[1.0000]  1[0.0000]  0
0[0.0008]  1[0.9992]  1
0[0.0002]  1[0.9998]  1
0[0.9851]  1[0.0149]  0
0[0.9998]  1[0.0002]  0
0[0.9999]  1[0.0001]  0
0[0.4832]  1[0.5168]  1
0[0.0160]  1[0.9840]  1
0[1.0000]  1[0.0000]  0
0[0.9998]  1[0.0002]  0
0[0.9999]  1[0.0001]  0
0[0.0478]  1[0.9522]  1
0[0.9996]  1[0.0004]  0
0[0.0080]  1[0.9920]  1
0[0.1025]  1[0.8975]  1
0[0.9027]  1[0.0973]  0
0[0.0161]  1[0.9839]  1
0[1.0000]  1[0.0000]  0
0[0.9993]  1[0.0007]  0
0[0.3011]  1[0.6989]  1
0[0.0008]  1[0.9992]  1
0[0.9983]  1[0.0017]  0
0[0.0235]  1[0.9765]  1
0[0.9999]  1[0.0001]  0
0[0.5012]  1[0.4988]  0
0[0.9949]  1[0.0051]  0
0[0.9915]  1[0.0085]  0
0[1.0000]  1[0.0000]  0
0[0.9826]  1[0.0174]  0
0[0.7106]  1[0.2894]  0
0[0.9996]  1[0.0004]  0
0[0.0177]  1[0.9823]  1
0[0.0049]  1[0.9951]  1
0[0.0073]  1[0.9927]  1
0[0.9888]  1[0.0112]  0
0[0.9904]  1[0.0096]  0
0[1.0000]  1[0.0000]  0
0[0.0161]  1[0.9839]  1
0[0.1707]  1[0.8293]  1
0[0.0001]  1[0.9999]  1
