0[0.0080]  1[0.9920]  1
0[1.0000]  1[0.0000]  0
0[0.9999]  1[0.0001]  0
0[0.0896]  1[0.9104]  1
0[0.9975]  1[0.0025]  0
0[0.9159]  1[0.0841]  0
0[0.0002]  1[0.9998]  1
0[1.0000]  1[0.0000]  0
0[1.0000]  1[0.0000]  0
0[0.7181]  1[0.2819]  0
0[1.0000]  1[0.0000]  0
0[0.9903]  1[0.0097]  0
0[0.0696]  1[0.9304]  1
0[0.0002]  1[0.9998]  1
0[1.0000]  1[0.0000]  0
0[0.9986]  1[0.0014]  0
0[1.0000]  1[0.0000]  0
0[0.9976]  1[0.0024]  0
0[0.9893]  1[0.0107]  0
0[0.9984]  1[0.0016]  0
0[0.0490]  1[0.9510]  1
0[1.0000]  1[0.0000]  0
0[0.0296]  1[0.9704]  1
0[0.1128]  1[0.8872]  1
0[0.1781]  1[0.8219]  1
0[0.0407]  1[0.9593]  1
0[1.0000]  1[0.0000]  0
0[0.0080]  1[0.9920]  1
0[1.0000]  1[0.0000]  0
0[0.0153]  1[0.9847]  1
0[0.0071]  1[0.9929]  1
0[0.9946]  1[0.0054]  0
