0[0.9999]  1[0.0001]  0
0[0.0008]  1[0.9992]  1
0[0.6041]  1[0.3959]  0
0[1.0000]  1[0.0000]  0
0[0.5243]  1[0.4757]  0
0[0.9937]  1[0.0063]  0
0[0.9982]  1[0.0018]  0
0[1.0000]  1[0.0000]  0
0[0.0003]  1[0.9997]  1
0[1.0000]  1[0.0000]  0
0[0.9999]  1[0.0001]  0
0[1.0000]  1[0.0000]  0
0[1.0000]  1[0.0000]  0
0[0.0073]  1[0.9927]  1
0[0.9999]  1[0.0001]  0
0[1.0000]  1[0.0000]  0
0[1.0000]  1[0.0000]  0
0[0.0057]  1[0.9943]  1
0[0.9972]  1[0.0028]  0
0[0.0118]  1[0.9882]  1
0[0.9959]  1[0.0041]  0
0[0.0266]  1[0.9734]  1
0[1.0000]  1[0.0000]  0
0[0.1872]  1[0.8128]  1
0[0.9926]  1[0.0074]  0
0[0.0025]  1[0.9975]  1
0[0.0362]  1[0.9638]  1
0[0.9457]  1[0.0543]  0
0[0.0080]  1[0.9920]  1
0[0.9933]  1[0.0067]  0
0[0.0083]  1[0.9917]  1
0[0.8777]  1[0.1223]  0
0[0.0023]  1[0.9977]  1
0[0.9999]  1[0.0001]  0
0[0.9999]  1[0.0001]  0
0[0.8563]  1[0.1437]  0
0[1.0000]  1[0.0000]  0
0[0.9998]  1[0.0002]  0
0[1.0000]  1[0.0000]  0
0[1.0000]  1[0.0000]  0
0[0.0041]  1[0.9959]  1
0[0.9982]  1[0.0018]  0
0[0.0153]  1[0.9847]  1
0[0.1746]  1[0.8254]  1
0[0.0814]  1[0.9186]  1
0[0.0135]  1[0.9865]  1
0[0.0153]  1[0.9847]  1
0[0.9984]  1[0.0016]  0
0[0.8710]  1[0.1290]  0
0[1.0000]  1[0.0000]  0
0[1.0000]  1[0.0000]  0
0[0.0176]  1[0.9824]  1
0[0.0274]  1[0.9726]  1
0[0.9999]  1[0.0001]  0
0[1.0000]  1[0.0000]  0
0[0.0070]  1[0.9930]  1
0[0.0123]  1[0.9877]  1
0[0.0887]  1[0.9113]  1
0[0.1193]  1[0.8807]  1
0[0.0533]  1[0.9467]  1
0[1.0000]  1[0.0000]  0
0[0.9999]  1[0.0001]  0
0[0.9999]  1[0.0001]  0
0[0.0072]  1[0.9928]  1
0[1.0000]  1[0.0000]  0
0[0.0344]  1[0.9656]  1
0[1.0000]  1[0.0000]  0
0[0.9999]  1[0.0001]  0
0[0.9942]  1[0.0058]  0
0[0.9584]  1[0.0416]  0
0[0.0329]  1[0.9671]  1
0[1.0000]  1[0.0000]  0
0[0.9998]  1[0.0002]  0
0[1.0000]  1[0.0000]  0
0[0.9997]  1[0.0003]  0
0[1.0000]  1[0.0000]  0
0[0.0064]  1[0.9936]  1
0[1.0000]  1[0.0000]  0
0[1.0000]  1[0.0000]  0
0[0.8125]  1[0.1875]  0
0[0.9999]  1[0.0001]  0
0[0.1691]  1[0.8309]  1
0[0.9999]  1[0.0001]  0
0[0.9984]  1[0.0016]  0
0[0.0369]  1[0.9631]  1
0[0.9242]  1[0.0758]  0
0[0.9999]  1[0.0001]  0
0[0.9990]  1[0.0010]  0
0[0.0049]  1[0.9951]  1
0[1.0000]  1[0.0000]  0
0[0.4139]  1[0.5861]  1
0[0.0722]  1[0.9278]  1
0[0.9911]  1[0.0089]  0
0[0.9993]  1[0.0007]  0
0[0.9994]  1[0.0006]  0
0[0.9999]  1[0.0001]  0
0[0.9999]  1[0.0001]  0
0[0.0238]  1[0.9762]  1
0[1.0000]  1[0.0000]  0
0[0.0014]  1[0.9986]  1
0[0.9859]  1[0.0141]  0
0[0.0419]  1[0.9581]  1
0[0.9971]  1[0.0029]  0
0[0.9993]  1[0.0007]  0
0[0.0003]  1[0.9997]  1
0[0.9971]  1[0.0029]  0
0[0.9995]  1[0.0005]  0
0[0.9953]  1[0.0047]  0
0[0.9944]  1[0.0056]  0
0[0.9992]  1[0.0008]  0
0[0.9548]  1[0.0452]  0
0[0.0009]  1[0.9991]  1
0[0.1048]  1[0.8952]  1
0[1.0000]  1[0.0000]  0
0[1.0000]  1[0.0000]  0
0[0.9982]  1[0.0018]  0
0[1.0000]  1[0.0000]  0
0[0.6238]  1[0.3762]  0
0[0.9999]  1[0.0001]  0
0[1.0000]  1[0.0000]  0
0[0.9967]  1[0.0033]  0
0[1.0000]  1[0.0000]  0
0[0.9980]  1[0.0020]  0
0[0.9996]  1[0.0004]  0
0[0.1518]  1[0.8482]  1
0[1.0000]  1[0.0000]  0
0[0.0098]  1[0.9902]  1
0[0.1226]  1[0.8774]  1
0[0.0003]  1[0.9997]  1
0[0.0237]  1[0.9763]  1
0[1.0000]  1[0.0000]  0
0[0.0083]  1[0.9917]  1
0[0.0329]  1[0.9671]  1
0[0.9984]  1[0.0016]  0
0[0.9471]  1[0.0529]  0
0[0.9825]  1[0.0175]  0
0[0.0223]  1[0.9777]  1
0[0.0080]  1[0.9920]  1
0[0.0003]  1[0.9997]  1
0[0.0002]  1[0.9998]  1
0[0.0133]  1[0.9867]  1
0[0.0001]  1[0.9999]  1
0[0.1421]  1[0.8579]  1
0[0.0684]  1[0.9316]  1
0[1.0000]  1[0.0000]  0
