0[1.0000]  1[0.0000]  0
0[0.9998]  1[0.0002]  0
0[0.9999]  1[0.0001]  0
0[0.9846]  1[0.0154]  0
0[0.0183]  1[0.9817]  1
0[0.0383]  1[0.9617]  1
0[0.9936]  1[0.0064]  0
0[1.0000]  1[0.0000]  0
0[0.9999]  1[0.0001]  0
0[0.0158]  1[0.9842]  1
0[0.9995]  1[0.0005]  0
0[1.0000]  1[0.0000]  0
0[0.9979]  1[0.0021]  0
0[0.9996]  1[0.0004]  0
0[0.0028]  1[0.9972]  1
0[0.0008]  1[0.9992]  1
0[0.9989]  1[0.0011]  0
0[0.9978]  1[0.0022]  0
0[0.0170]  1[0.9830]  1
0[0.0119]  1[0.9881]  1
0[0.5490]  1[0.4510]  0
0[0.0239]  1[0.9761]  1
0[1.0000]  1[0.0000]  0
0[0.9990]  1[0.0010]  0
0[0.0141]  1[0.9859]  1
0[1.0000]  1[0.0000]  0
0[0.9995]  1[0.0005]  0
0[1.0000]  1[0.0000]  0
0[0.9973]  1[0.0027]  0
0[0.0070]  1[0.9930]  1
0[1.0000]  1[0.0000]  0
0[0.9996]  1[0.0004]  0
0[0.0807]  1[0.9193]  1
0[0.7357]  1[0.2643]  0
0[0.9986]  1[0.0014]  0
0[0.9995]  1[0.0005]  0
0[0.3339]  1[0.6661]  1
0[1.0000]  1[0.0000]  0
0[0.9968]  1[0.0032]  0
0[0.0638]  1[0.9362]  1
0[0.0222]  1[0.9778]  1
0[1.0000]  1[0.0000]  0
0[0.9999]  1[0.0001]  0
0[1.0000]  1[0.0000]  0
0[0.0008]  1[0.9992]  1
0[0.0231]  1[0.9769]  1
0[0.9956]  1[0.0044]  0
0[0.9992]  1[0.0008]  0
0[1.0000]  1[0.0000]  0
0[0.9984]  1[0.0016]  0
0[1.0000]  1[0.0000]  0
0[1.0000]  1[0.0000]  0
0[0.9999]  1[0.0001]  0
0[0.0414]  1[0.9586]  1
0[0.0178]  1[0.9822]  1
0[1.0000]  1[0.0000]  0
0[0.9996]  1[0.0004]  0
0[0.9753]  1[0.0247]  0
0[0.0050]  1[0.9950]  1
0[0.9859]  1[0.0141]  0
0[0.9996]  1[0.0004]  0
0[1.0000]  1[0.0000]  0
0[0.9971]  1[0.0029]  0
0[0.0217]  1[0.9783]  1
0[0.9976]  1[0.0024]  0
0[1.0000]  1[0.0000]  0
0[0.0052]  1[0.9948]  1
0[0.9861]  1[0.0139]  0
0[1.0000]  1[0.0000]  0
0[0.0009]  1[0.9991]  1
0[0.9882]  1[0.0118]  0
0[0.2010]  1[0.7990]  1
