0[0.9998]  1[0.0002]  0
0[0.0154]  1[0.9846]  1
0[0.6200]  1[0.3800]  0
0[0.9987]  1[0.0013]  0
0[1.0000]  1[0.0000]  0
0[0.9972]  1[0.0028]  0
0[0.0019]  1[0.9981]  1
0[0.9999]  1[0.0001]  0
0[0.0002]  1[0.9998]  1
0[1.0000]  1[0.0000]  0
0[0.9975]  1[0.0025]  0
0[0.9942]  1[0.0058]  0
0[0.9961]  1[0.0039]  0
0[0.0060]  1[0.9940]  1
0[0.0005]  1[0.9995]  1
0[0.9890]  1[0.0110]  0
0[0.0075]  1[0.9925]  1
0[0.0374]  1[0.9626]  1
0[0.0008]  1[0.9992]  1
0[1.0000]  1[0.0000]  0
0[0.0008]  1[0.9992]  1
0[0.9987]  1[0.0013]  0
0[0.0072]  1[0.9928]  1
0[1.0000]  1[0.0000]  0
0[1.0000]  1[0.0000]  0
0[0.9974]  1[0.0026]  0
0[1.0000]  1[0.0000]  0
0[0.9943]  1[0.0057]  0
0[1.0000]  1[0.0000]  0
0[0.0021]  1[0.9979]  1
0[0.7600]  1[0.2400]  0
0[0.9575]  1[0.0425]  0
0[0.9999]  1[0.0001]  0
0[0.9996]  1[0.0004]  0
0[0.9997]  1[0.0003]  0
0[0.0870]  1[0.9130]  1
0[0.9999]  1[0.0001]  0
0[1.0000]  1[0.0000]  0
0[1.0000]  1[0.0000]  0
0[0.9408]  1[0.0592]  0
0[0.1897]  1[0.8103]  1
0[0.0675]  1[0.9325]  1
0[0.9683]  1[0.0317]  0
0[0.0135]  1[0.9865]  1
0[0.0170]  1[0.9830]  1
0[0.9981]  1[0.0019]  0
0[1.0000]  1[0.0000]  0
0[0.0048]  1[0.9952]  1
0[0.0126]  1[0.9874]  1
0[0.0000]  1[1.0000]  1
0[0.9976]  1[0.0024]  0
0[1.0000]  1[0.0000]  0
0[0.0280]  1[0.9720]  1
0[0.1307]  1[0.8693]  1
0[0.0564]  1[0.9436]  1
0[0.9998]  1[0.0002]  0
0[0.0165]  1[0.9835]  1
0[0.3441]  1[0.6559]  1
0[0.2376]  1[0.7624]  1
0[0.9897]  1[0.0103]  0
0[1.0000]  1[0.0000]  0
0[0.9972]  1[0.0028]  0
