0[0.0204]  1[0.9796]  1
0[1.0000]  1[0.0000]  0
0[0.9997]  1[0.0003]  0
0[0.0303]  1[0.9697]  1
0[1.0000]  1[0.0000]  0
0[0.0367]  1[0.9633]  1
0[0.1929]  1[0.8071]  1
0[0.0067]  1[0.9933]  1
0[0.9983]  1[0.0017]  0
0[0.0581]  1[0.9419]  1
0[0.8336]  1[0.1664]  0
0[1.0000]  1[0.0000]  0
0[0.0162]  1[0.9838]  1
0[0.9999]  1[0.0001]  0
0[0.9999]  1[0.0001]  0
0[0.9999]  1[0.0001]  0
0[0.9996]  1[0.0004]  0
0[1.0000]  1[0.0000]  0
0[1.0000]  1[0.0000]  0
0[0.0198]  1[0.9802]  1
0[1.0000]  1[0.0000]  0
0[1.0000]  1[0.0000]  0
0[0.0088]  1[0.9912]  1
0[0.0244]  1[0.9756]  1
0[0.0114]  1[0.9886]  1
0[0.9877]  1[0.0123]  0
0[0.0080]  1[0.9920]  1
0[1.0000]  1[0.0000]  0
0[0.9998]  1[0.0002]  0
0[0.0004]  1[0.9996]  1
0[1.0000]  1[0.0000]  0
0[0.9972]  1[0.0028]  0
0[1.0000]  1[0.0000]  0
0[1.0000]  1[0.0000]  0
0[1.0000]  1[0.0000]  0
0[1.0000]  1[0.0000]  0
0[0.0325]  1[0.9675]  1
0[0.0327]  1[0.9673]  1
0[0.8835]  1[0.1165]  0
0[0.9982]  1[0.0018]  0
0[0.9999]  1[0.0001]  0
0[1.0000]  1[0.0000]  0
0[1.0000]  1[0.0000]  0
0[0.9961]  1[0.0039]  0
0[1.0000]  1[0.0000]  0
0[0.9992]  1[0.0008]  0
0[1.0000]  1[0.0000]  0
0[1.0000]  1[0.0000]  0
0[1.0000]  1[0.0000]  0
0[0.1118]  1[0.8882]  1
0[0.9999]  1[0.0001]  0
0[0.9988]  1[0.0012]  0
