0[0.9999]  1[0.0001]  0
0[0.9989]  1[0.0011]  0
0[1.0000]  1[0.0000]  0
0[0.9999]  1[0.0001]  0
0[0.0029]  1[0.9971]  1
0[0.9975]  1[0.0025]  0
0[0.0879]  1[0.9121]  1
0[0.9995]  1[0.0005]  0
0[0.9999]  1[0.0001]  0
0[0.1369]  1[0.8631]  1
0[0.9662]  1[0.0338]  0
0[0.0338]  1[0.9662]  1
0[0.0001]  1[0.9999]  1
0[0.9992]  1[0.0008]  0
0[0.9999]  1[0.0001]  0
0[0.9999]  1[0.0001]  0
0[0.9585]  1[0.0415]  0
0[0.9999]  1[0.0001]  0
0[1.0000]  1[0.0000]  0
0[0.0289]  1[0.9711]  1
0[0.0079]  1[0.9921]  1
0[1.0000]  1[0.0000]  0
0[0.9995]  1[0.0005]  0
0[0.9996]  1[0.0004]  0
0[0.9999]  1[0.0001]  0
0[0.9996]  1[0.0004]  0
0[1.0000]  1[0.0000]  0
0[0.9953]  1[0.0047]  0
0[0.9949]  1[0.0051]  0
0[0.9996]  1[0.0004]  0
0[0.9999]  1[0.0001]  0
0[0.9996]  1[0.0004]  0
0[0.0067]  1[0.9933]  1
0[0.9999]  1[0.0001]  0
0[0.9849]  1[0.0151]  0
0[0.9931]  1[0.0069]  0
0[0.9894]  1[0.0106]  0
0[0.0802]  1[0.9198]  1
0[0.9989]  1[0.0011]  0
0[0.9983]  1[0.0017]  0
0[0.0665]  1[0.9335]  1
0[0.0318]  1[0.9682]  1
0[0.3908]  1[0.6092]  1
0[0.9999]  1[0.0001]  0
0[1.0000]  1[0.0000]  0
0[0.9999]  1[0.0001]  0
0[1.0000]  1[0.0000]  0
0[0.0040]  1[0.9960]  1
0[0.9999]  1[0.0001]  0
0[0.9999]  1[0.0001]  0
0[0.9999]  1[0.0001]  0
0[0.9203]  1[0.0797]  0
0[0.0559]  1[0.9441]  1
0[1.0000]  1[0.0000]  0
0[0.9997]  1[0.0003]  0
0[0.9995]  1[0.0005]  0
0[0.9999]  1[0.0001]  0
0[0.0000]  1[1.0000]  1
0[0.1563]  1[0.8437]  1
0[0.9995]  1[0.0005]  0
0[0.9999]  1[0.0001]  0
0[0.0067]  1[0.9933]  1
0[0.8479]  1[0.1521]  0
0[0.1520]  1[0.8480]  1
0[0.9995]  1[0.0005]  0
0[0.9999]  1[0.0001]  0
