0[1.0000]  1[0.0000]  0
0[0.9976]  1[0.0024]  0
0[0.0416]  1[0.9584]  1
0[1.0000]  1[0.0000]  0
0[0.9980]  1[0.0020]  0
0[0.9999]  1[0.0001]  0
0[0.9999]  1[0.0001]  0
0[0.9999]  1[0.0001]  0
0[0.9997]  1[0.0003]  0
0[0.9955]  1[0.0045]  0
0[0.9999]  1[0.0001]  0
0[1.0000]  1[0.0000]  0
0[0.3036]  1[0.6964]  1
0[0.0301]  1[0.9699]  1
0[0.0472]  1[0.9528]  1
0[0.9999]  1[0.0001]  0
0[0.9996]  1[0.0004]  0
0[0.9984]  1[0.0016]  0
0[0.0100]  1[0.9900]  1
0[0.9923]  1[0.0077]  0
0[0.0113]  1[0.9887]  1
0[0.9995]  1[0.0005]  0
0[0.2661]  1[0.7339]  1
0[0.0478]  1[0.9522]  1
0[0.0487]  1[0.9513]  1
0[1.0000]  1[0.0000]  0
0[0.9999]  1[0.0001]  0
0[0.9998]  1[0.0002]  0
0[0.9982]  1[0.0018]  0
0[1.0000]  1[0.0000]  0
0[0.9949]  1[0.0051]  0
0[0.9999]  1[0.0001]  0
0[1.0000]  1[0.0000]  0
0[0.9922]  1[0.0078]  0
0[0.9999]  1[0.0001]  0
0[0.9999]  1[0.0001]  0
0[0.9996]  1[0.0004]  0
0[0.0764]  1[0.9236]  1
0[0.9995]  1[0.0005]  0
0[0.0269]  1[0.9731]  1
0[0.0014]  1[0.9986]  1
0[0.9999]  1[0.0001]  0
0[0.0157]  1[0.9843]  1
0[0.9988]  1[0.0012]  0
0[0.9999]  1[0.0001]  0
0[0.9996]  1[0.0004]  0
0[0.9995]  1[0.0005]  0
0[0.9999]  1[0.0001]  0
0[1.0000]  1[0.0000]  0
0[0.2330]  1[0.7670]  1
