0[0.0067]  1[0.9933]  1
0[0.9960]  1[0.0040]  0
0[0.9999]  1[0.0001]  0
0[1.0000]  1[0.0000]  0
0[0.0010]  1[0.9990]  1
0[0.0133]  1[0.9867]  1
0[0.0107]  1[0.9893]  1
0[0.0002]  1[0.9998]  1
0[0.9950]  1[0.0050]  0
0[0.9769]  1[0.0231]  0
0[0.0008]  1[0.9992]  1
0[0.8435]  1[0.1565]  0
0[0.0845]  1[0.9155]  1
0[0.4636]  1[0.5364]  1
0[0.9720]  1[0.0280]  0
0[0.0050]  1[0.9950]  1
0[0.9980]  1[0.0020]  0
0[0.0076]  1[0.9924]  1
0[0.9999]  1[0.0001]  0
0[0.9853]  1[0.0147]  0
0[0.8506]  1[0.1494]  0
0[0.9995]  1[0.0005]  0
0[0.6652]  1[0.3348]  0
0[0.9739]  1[0.0261]  0
0[0.9765]  1[0.0235]  0
0[0.9982]  1[0.0018]  0
0[0.0434]  1[0.9566]  1
0[0.2291]  1[0.7709]  1
0[0.9999]  1[0.0001]  0
0[1.0000]  1[0.0000]  0
0[0.0338]  1[0.9662]  1
0[1.0000]  1[0.0000]  0
0[0.9998]  1[0.0002]  0
0[1.0000]  1[0.0000]  0
0[0.9502]  1[0.0498]  0
0[0.0170]  1[0.9830]  1
0[0.9999]  1[0.0001]  0
0[0.9765]  1[0.0235]  0
0[1.0000]  1[0.0000]  0
0[0.0008]  1[0.9992]  1
0[0.9996]  1[0.0004]  0
0[0.9995]  1[0.0005]  0
0[0.6658]  1[0.3342]  0
0[0.0002]  1[0.9998]  1
0[0.9999]  1[0.0001]  0
0[1.0000]  1[0.0000]  0
0[0.0233]  1[0.9767]  1
0[1.0000]  1[0.0000]  0
0[0.9998]  1[0.0002]  0
