0[0.0457]  1[0.9543]  1
0[0.0174]  1[0.9826]  1
0[0.9999]  1[0.0001]  0
0[0.9955]  1[0.0045]  0
0[0.9996]  1[0.0004]  0
0[0.9999]  1[0.0001]  0
0[0.9951]  1[0.0049]  0
0[0.9998]  1[0.0002]  0
0[0.9996]  1[0.0004]  0
0[0.9999]  1[0.0001]  0
0[0.9979]  1[0.0021]  0
0[0.0181]  1[0.9819]  1
0[0.0093]  1[0.9907]  1
0[0.9999]  1[0.0001]  0
0[1.0000]  1[0.0000]  0
0[0.0004]  1[0.9996]  1
0[0.0192]  1[0.9808]  1
0[0.9999]  1[0.0001]  0
0[0.9868]  1[0.0132]  0
0[0.6816]  1[0.3184]  0
0[1.0000]  1[0.0000]  0
0[0.9999]  1[0.0001]  0
0[0.0001]  1[0.9999]  1
0[0.9996]  1[0.0004]  0
0[0.0321]  1[0.9679]  1
0[0.0476]  1[0.9524]  1
0[0.9999]  1[0.0001]  0
0[0.0128]  1[0.9872]  1
0[0.0707]  1[0.9293]  1
0[0.9982]  1[0.0018]  0
0[0.5262]  1[0.4738]  0
0[0.9999]  1[0.0001]  0
0[0.9999]  1[0.0001]  0
0[0.9996]  1[0.0004]  0
0[0.9999]  1[0.0001]  0
0[0.9995]  1[0.0005]  0
0[1.0000]  1[0.0000]  0
0[1.0000]  1[0.0000]  0
0[1.0000]  1[0.0000]  0
0[0.9991]  1[0.0009]  0
0[0.9999]  1[0.0001]  0
0[1.0000]  1[0.0000]  0
0[1.0000]  1[0.0000]  0
0[0.0170]  1[0.9830]  1
0[0.0003]  1[0.9997]  1
0[1.0000]  1[0.0000]  0
0[1.0000]  1[0.0000]  0
0[0.9996]  1[0.0004]  0
0[1.0000]  1[0.0000]  0
0[1.0000]  1[0.0000]  0
0[0.0017]  1[0.9983]  1
0[0.9997]  1[0.0003]  0
0[0.0000]  1[1.0000]  1
0[0.0161]  1[0.9839]  1
0[0.1405]  1[0.8595]  1
0[0.7434]  1[0.2566]  0
0[0.9981]  1[0.0019]  0
0[0.0335]  1[0.9665]  1
0[0.0743]  1[0.9257]  1
0[1.0000]  1[0.0000]  0
0[0.2774]  1[0.7226]  1
0[0.9999]  1[0.0001]  0
0[0.9995]  1[0.0005]  0
0[0.0090]  1[0.9910]  1
0[0.0001]  1[0.9999]  1
0[0.9983]  1[0.0017]  0
0[0.9970]  1[0.0030]  0
0[1.0000]  1[0.0000]  0
0[0.9758]  1[0.0242]  0
0[0.0100]  1[0.9900]  1
0[1.0000]  1[0.0000]  0
0[0.0076]  1[0.9924]  1
0[0.9987]  1[0.0013]  0
0[0.0009]  1[0.9991]  1
0[0.9996]  1[0.0004]  0
0[0.9996]  1[0.0004]  0
0[0.9999]  1[0.0001]  0
0[0.2508]  1[0.7492]  1
0[1.0000]  1[0.0000]  0
0[1.0000]  1[0.0000]  0
0[1.0000]  1[0.0000]  0
0[0.0003]  1[0.9997]  1
0[1.0000]  1[0.0000]  0
