0[0.9634]  1[0.0366]  0
0[0.9999]  1[0.0001]  0
0[0.0050]  1[0.9950]  1
0[0.9965]  1[0.0035]  0
0[0.0836]  1[0.9164]  1
0[0.9916]  1[0.0084]  0
0[0.9999]  1[0.0001]  0
0[0.9883]  1[0.0117]  0
0[0.9909]  1[0.0091]  0
0[1.0000]  1[0.0000]  0
0[0.9999]  1[0.0001]  0
0[0.9995]  1[0.0005]  0
0[0.0603]  1[0.9397]  1
0[0.9926]  1[0.0074]  0
0[0.9996]  1[0.0004]  0
0[0.0008]  1[0.9992]  1
0[0.9799]  1[0.0201]  0
0[1.0000]  1[0.0000]  0
0[0.0320]  1[0.9680]  1
0[1.0000]  1[0.0000]  0
0[0.9946]  1[0.0054]  0
0[1.0000]  1[0.0000]  0
0[0.0293]  1[0.9707]  1
0[1.0000]  1[0.0000]  0
0[0.0045]  1[0.9955]  1
0[0.0090]  1[0.9910]  1
0[0.0204]  1[0.9796]  1
0[1.0000]  1[0.0000]  0
0[0.9999]  1[0.0001]  0
0[0.3440]  1[0.6560]  1
0[0.0126]  1[0.9874]  1
0[1.0000]  1[0.0000]  0
0[0.9998]  1[0.0002]  0
0[0.9999]  1[0.0001]  0
0[0.9999]  1[0.0001]  0
0[1.0000]  1[0.0000]  0
0[0.9988]  1[0.0012]  0
0[0.9990]  1[0.0010]  0
0[0.0004]  1[0.9996]  1
0[0.9953]  1[0.0047]  0
0[0.9919]  1[0.0081]  0
0[0.0133]  1[0.9867]  1
0[0.9996]  1[0.0004]  0
0[0.9998]  1[0.0002]  0
0[0.9860]  1[0.0140]  0
0[0.9998]  1[0.0002]  0
