0[1.0000]  1[0.0000]  0
0[1.0000]  1[0.0000]  0
0[0.0048]  1[0.9952]  1
0[0.9999]  1[0.0001]  0
0[0.9994]  1[0.0006]  0
0[1.0000]  1[0.0000]  0
0[1.0000]  1[0.0000]  0
0[0.9997]  1[0.0003]  0
0[0.9999]  1[0.0001]  0
0[1.0000]  1[0.0000]  0
0[0.9994]  1[0.0006]  0
0[1.0000]  1[0.0000]  0
0[0.0002]  1[0.9998]  1
0[0.9987]  1[0.0013]  0
0[1.0000]  1[0.0000]  0
0[0.9998]  1[0.0002]  0
0[0.6503]  1[0.3497]  0
0[1.0000]  1[0.0000]  0
0[0.9990]  1[0.0010]  0
0[1.0000]  1[0.0000]  0
0[1.0000]  1[0.0000]  0
0[0.9994]  1[0.0006]  0
0[0.7362]  1[0.2638]  0
0[1.0000]  1[0.0000]  0
