0[0.9999]  1[0.0001]  0
0[0.9980]  1[0.0020]  0
0[1.0000]  1[0.0000]  0
0[0.9629]  1[0.0371]  0
0[0.0060]  1[0.9940]  1
0[1.0000]  1[0.0000]  0
0[0.9996]  1[0.0004]  0
0[0.9992]  1[0.0008]  0
0[0.0081]  1[0.9919]  1
0[0.0301]  1[0.9699]  1
0[0.0537]  1[0.9463]  1
0[1.0000]  1[0.0000]  0
0[0.0931]  1[0.9069]  1
0[0.9994]  1[0.0006]  0
0[0.1993]  1[0.8007]  1
0[0.9982]  1[0.0018]  0
0[0.9998]  1[0.0002]  0
0[0.5605]  1[0.4395]  0
0[0.9996]  1[0.0004]  0
0[0.0003]  1[0.9997]  1
0[1.0000]  1[0.0000]  0
0[0.0683]  1[0.9317]  1
0[0.9999]  1[0.0001]  0
0[0.0008]  1[0.9992]  1
0[1.0000]  1[0.0000]  0
0[0.9999]  1[0.0001]  0
0[0.9915]  1[0.0085]  0
0[0.0003]  1[0.9997]  1
0[0.9999]  1[0.0001]  0
0[0.9967]  1[0.0033]  0
0[0.9996]  1[0.0004]  0
0[0.9990]  1[0.0010]  0
0[0.0186]  1[0.9814]  1
0[0.0073]  1[0.9927]  1
0[0.9989]  1[0.0011]  0
0[0.9984]  1[0.0016]  0
0[0.9989]  1[0.0011]  0
0[0.9987]  1[0.0013]  0
0[0.9863]  1[0.0137]  0
0[0.9312]  1[0.0688]  0
0[0.9997]  1[0.0003]  0
0[1.0000]  1[0.0000]  0
0[0.9999]  1[0.0001]  0
0[0.1314]  1[0.8686]  1
0[1.0000]  1[0.0000]  0
0[1.0000]  1[0.0000]  0
0[0.0075]  1[0.9925]  1
0[1.0000]  1[0.0000]  0
0[0.9995]  1[0.0005]  0
0[0.9903]  1[0.0097]  0
0[0.9967]  1[0.0033]  0
0[1.0000]  1[0.0000]  0
0[0.9998]  1[0.0002]  0
0[0.0216]  1[0.9784]  1
0[0.9695]  1[0.0305]  0
0[0.9736]  1[0.0264]  0
0[0.4849]  1[0.5151]  1
0[0.9999]  1[0.0001]  0
0[0.9999]  1[0.0001]  0
0[1.0000]  1[0.0000]  0
0[0.9999]  1[0.0001]  0
0[0.3408]  1[0.6592]  1
0[0.0795]  1[0.9205]  1
0[1.0000]  1[0.0000]  0
0[0.9989]  1[0.0011]  0
0[1.0000]  1[0.0000]  0
0[0.0004]  1[0.9996]  1
0[0.9999]  1[0.0001]  0
0[1.0000]  1[0.0000]  0
0[0.9988]  1[0.0012]  0
0[0.9918]  1[0.0082]  0
