0[0.9958]  1[0.0042]  0
0[0.9742]  1[0.0258]  0
0[1.0000]  1[0.0000]  0
0[0.9995]  1[0.0005]  0
0[0.9988]  1[0.0012]  0
0[1.0000]  1[0.0000]  0
0[0.9987]  1[0.0013]  0
0[0.9943]  1[0.0057]  0
0[0.9996]  1[0.0004]  0
0[1.0000]  1[0.0000]  0
0[1.0000]  1[0.0000]  0
0[0.9982]  1[0.0018]  0
0[0.9995]  1[0.0005]  0
0[1.0000]  1[0.0000]  0
0[0.0073]  1[0.9927]  1
0[0.9970]  1[0.0030]  0
0[0.9976]  1[0.0024]  0
0[0.4148]  1[0.5852]  1
0[1.0000]  1[0.0000]  0
0[1.0000]  1[0.0000]  0
0[0.9960]  1[0.0040]  0
0[0.9999]  1[0.0001]  0
0[0.9822]  1[0.0178]  0
0[0.0196]  1[0.9804]  1
0[0.9999]  1[0.0001]  0
