0[0.0002]  1[0.9998]  1
0[0.9999]  1[0.0001]  0
0[0.9999]  1[0.0001]  0
0[0.9694]  1[0.0306]  0
0[0.9999]  1[0.0001]  0
0[0.6892]  1[0.3108]  0
0[0.0183]  1[0.9817]  1
0[0.0152]  1[0.9848]  1
0[0.0163]  1[0.9837]  1
0[0.9820]  1[0.0180]  0
0[0.9996]  1[0.0004]  0
0[0.0003]  1[0.9997]  1
0[0.9968]  1[0.0032]  0
0[0.9985]  1[0.0015]  0
0[0.0307]  1[0.9693]  1
0[0.9999]  1[0.0001]  0
0[0.9672]  1[0.0328]  0
0[0.0011]  1[0.9989]  1
0[0.9997]  1[0.0003]  0
0[0.2956]  1[0.7044]  1
0[0.9999]  1[0.0001]  0
0[0.1110]  1[0.8890]  1
0[0.9995]  1[0.0005]  0
0[0.1659]  1[0.8341]  1
0[0.0806]  1[0.9194]  1
0[0.9999]  1[0.0001]  0
0[1.0000]  1[0.0000]  0
0[0.9999]  1[0.0001]  0
0[0.0244]  1[0.9756]  1
0[0.9999]  1[0.0001]  0
0[0.2273]  1[0.7727]  1
0[1.0000]  1[0.0000]  0
0[0.2904]  1[0.7096]  1
0[0.9137]  1[0.0863]  0
0[0.0063]  1[0.9937]  1
0[0.0658]  1[0.9342]  1
0[0.9999]  1[0.0001]  0
0[0.9989]  1[0.0011]  0
0[0.1477]  1[0.8523]  1
0[0.0168]  1[0.9832]  1
0[0.9999]  1[0.0001]  0
0[0.0563]  1[0.9437]  1
0[0.9956]  1[0.0044]  0
0[0.9786]  1[0.0214]  0
0[0.1513]  1[0.8487]  1
0[1.0000]  1[0.0000]  0
0[0.7916]  1[0.2084]  0
0[1.0000]  1[0.0000]  0
0[0.9990]  1[0.0010]  0
0[0.9999]  1[0.0001]  0
0[0.9997]  1[0.0003]  0
0[1.0000]  1[0.0000]  0
0[0.0196]  1[0.9804]  1
0[0.9972]  1[0.0028]  0
0[0.9999]  1[0.0001]  0
0[0.0238]  1[0.9762]  1
0[1.0000]  1[0.0000]  0
0[1.0000]  1[0.0000]  0
0[0.0167]  1[0.9833]  1
0[0.0174]  1[0.9826]  1
0[0.0072]  1[0.9928]  1
0[0.9944]  1[0.0056]  0
0[0.9992]  1[0.0008]  0
0[0.6842]  1[0.3158]  0
0[0.0080]  1[0.9920]  1
0[0.9996]  1[0.0004]  0
