0[0.9996]  1[0.0004]  0
0[0.7271]  1[0.2729]  0
0[1.0000]  1[0.0000]  0
0[0.9918]  1[0.0082]  0
0[0.4943]  1[0.5057]  1
0[1.0000]  1[0.0000]  0
0[0.9990]  1[0.0010]  0
0[0.9996]  1[0.0004]  0
0[0.9995]  1[0.0005]  0
0[0.0094]  1[0.9906]  1
0[0.0106]  1[0.9894]  1
0[1.0000]  1[0.0000]  0
0[0.9999]  1[0.0001]  0
0[0.0036]  1[0.9964]  1
0[0.9989]  1[0.0011]  0
0[0.0073]  1[0.9927]  1
0[0.0073]  1[0.9927]  1
0[0.9999]  1[0.0001]  0
0[0.9665]  1[0.0335]  0
0[0.1389]  1[0.8611]  1
0[0.3881]  1[0.6119]  1
0[1.0000]  1[0.0000]  0
0[0.9994]  1[0.0006]  0
0[0.9978]  1[0.0022]  0
0[0.0280]  1[0.9720]  1
0[0.0007]  1[0.9993]  1
0[0.0819]  1[0.9181]  1
0[0.9990]  1[0.0010]  0
0[0.0008]  1[0.9992]  1
0[0.7162]  1[0.2838]  0
0[1.0000]  1[0.0000]  0
0[0.9981]  1[0.0019]  0
0[1.0000]  1[0.0000]  0
0[0.0965]  1[0.9035]  1
0[1.0000]  1[0.0000]  0
0[1.0000]  1[0.0000]  0
0[0.9949]  1[0.0051]  0
0[0.9884]  1[0.0116]  0
0[0.0081]  1[0.9919]  1
0[0.9974]  1[0.0026]  0
0[1.0000]  1[0.0000]  0
0[0.9308]  1[0.0692]  0
0[0.2307]  1[0.7693]  1
0[1.0000]  1[0.0000]  0
