0[0.9291]  1[0.0709]  0
0[0.9999]  1[0.0001]  0
0[0.1573]  1[0.8427]  1
0[1.0000]  1[0.0000]  0
0[0.9995]  1[0.0005]  0
0[0.0302]  1[0.9698]  1
0[1.0000]  1[0.0000]  0
0[0.0243]  1[0.9757]  1
0[0.9999]  1[0.0001]  0
0[0.9991]  1[0.0009]  0
0[0.0718]  1[0.9282]  1
0[0.9999]  1[0.0001]  0
0[0.0442]  1[0.9558]  1
0[0.1191]  1[0.8809]  1
0[0.9999]  1[0.0001]  0
0[1.0000]  1[0.0000]  0
0[0.9981]  1[0.0019]  0
0[0.9962]  1[0.0038]  0
0[0.0997]  1[0.9003]  1
0[0.9707]  1[0.0293]  0
0[0.9998]  1[0.0002]  0
