0[0.9937]  1[0.0063]  0
0[0.0336]  1[0.9664]  1
0[0.9998]  1[0.0002]  0
0[0.3594]  1[0.6406]  1
0[0.9407]  1[0.0593]  0
0[0.9977]  1[0.0023]  0
0[0.0008]  1[0.9992]  1
0[0.0301]  1[0.9699]  1
0[0.9952]  1[0.0048]  0
0[0.9999]  1[0.0001]  0
0[0.9997]  1[0.0003]  0
0[0.9999]  1[0.0001]  0
0[1.0000]  1[0.0000]  0
0[0.0339]  1[0.9661]  1
0[0.9971]  1[0.0029]  0
0[0.1859]  1[0.8141]  1
0[0.9966]  1[0.0034]  0
0[0.9998]  1[0.0002]  0
0[0.9990]  1[0.0010]  0
0[0.0022]  1[0.9978]  1
0[0.9993]  1[0.0007]  0
0[0.9679]  1[0.0321]  0
0[0.9999]  1[0.0001]  0
0[0.0040]  1[0.9960]  1
0[0.9999]  1[0.0001]  0
0[0.0069]  1[0.9931]  1
0[0.0686]  1[0.9314]  1
0[0.0306]  1[0.9694]  1
0[0.9999]  1[0.0001]  0
0[0.0839]  1[0.9161]  1
0[0.0070]  1[0.9930]  1
0[0.9983]  1[0.0017]  0
0[0.9824]  1[0.0176]  0
0[0.9115]  1[0.0885]  0
0[0.3463]  1[0.6537]  1
0[0.0216]  1[0.9784]  1
0[0.9966]  1[0.0034]  0
0[0.9966]  1[0.0034]  0
0[0.9994]  1[0.0006]  0
0[0.4657]  1[0.5343]  1
0[0.7765]  1[0.2235]  0
0[1.0000]  1[0.0000]  0
0[0.0175]  1[0.9825]  1
0[0.9995]  1[0.0005]  0
0[0.9878]  1[0.0122]  0
0[1.0000]  1[0.0000]  0
0[0.3804]  1[0.6196]  1
0[1.0000]  1[0.0000]  0
0[1.0000]  1[0.0000]  0
0[0.0240]  1[0.9760]  1
0[0.0959]  1[0.9041]  1
0[0.9997]  1[0.0003]  0
0[0.9999]  1[0.0001]  0
0[0.9976]  1[0.0024]  0
0[0.1728]  1[0.8272]  1
0[0.0066]  1[0.9934]  1
0[1.0000]  1[0.0000]  0
0[0.0832]  1[0.9168]  1
0[0.9991]  1[0.0009]  0
0[0.9991]  1[0.0009]  0
0[0.9376]  1[0.0624]  0
0[0.8964]  1[0.1036]  0
0[1.0000]  1[0.0000]  0
0[1.0000]  1[0.0000]  0
0[0.0067]  1[0.9933]  1
0[0.9999]  1[0.0001]  0
0[0.9995]  1[0.0005]  0
0[0.1063]  1[0.8937]  1
0[1.0000]  1[0.0000]  0
0[0.9995]  1[0.0005]  0
0[1.0000]  1[0.0000]  0
0[0.9995]  1[0.0005]  0
0[1.0000]  1[0.0000]  0
0[1.0000]  1[0.0000]  0
0[1.0000]  1[0.0000]  0
0[0.1626]  1[0.8374]  1
0[0.9999]  1[0.0001]  0
0[0.2086]  1[0.7914]  1
0[0.9989]  1[0.0011]  0
0[0.0001]  1[0.9999]  1
0[0.9993]  1[0.0007]  0
0[0.0156]  1[0.9844]  1
0[0.9999]  1[0.0001]  0
