0[0.9991]  1[0.0009]  0
0[1.0000]  1[0.0000]  0
0[0.0119]  1[0.9881]  1
0[0.9999]  1[0.0001]  0
0[0.9983]  1[0.0017]  0
0[1.0000]  1[0.0000]  0
0[0.9990]  1[0.0010]  0
0[1.0000]  1[0.0000]  0
0[1.0000]  1[0.0000]  0
0[0.9996]  1[0.0004]  0
0[0.0023]  1[0.9977]  1
0[0.0216]  1[0.9784]  1
0[0.9983]  1[0.0017]  0
0[0.9974]  1[0.0026]  0
0[1.0000]  1[0.0000]  0
0[0.9986]  1[0.0014]  0
0[0.9998]  1[0.0002]  0
0[1.0000]  1[0.0000]  0
0[0.9973]  1[0.0027]  0
0[0.9983]  1[0.0017]  0
0[0.9994]  1[0.0006]  0
0[0.0094]  1[0.9906]  1
0[0.9948]  1[0.0052]  0
0[1.0000]  1[0.0000]  0
0[0.9989]  1[0.0011]  0
0[0.9977]  1[0.0023]  0
0[1.0000]  1[0.0000]  0
0[0.9999]  1[0.0001]  0
0[1.0000]  1[0.0000]  0
0[1.0000]  1[0.0000]  0
0[0.9999]  1[0.0001]  0
0[0.0242]  1[0.9758]  1
0[0.8635]  1[0.1365]  0
0[0.9903]  1[0.0097]  0
0[0.9982]  1[0.0018]  0
0[0.0079]  1[0.9921]  1
0[1.0000]  1[0.0000]  0
0[0.0207]  1[0.9793]  1
0[0.0028]  1[0.9972]  1
0[0.0441]  1[0.9559]  1
0[1.0000]  1[0.0000]  0
0[1.0000]  1[0.0000]  0
0[0.9999]  1[0.0001]  0
0[0.9834]  1[0.0166]  0
0[0.1212]  1[0.8788]  1
0[1.0000]  1[0.0000]  0
0[0.9976]  1[0.0024]  0
0[0.0619]  1[0.9381]  1
0[1.0000]  1[0.0000]  0
