0[1.0000]  1[0.0000]  0
0[0.9999]  1[0.0001]  0
0[0.0000]  1[1.0000]  1
0[1.0000]  1[0.0000]  0
0[0.0241]  1[0.9759]  1
0[0.1098]  1[0.8902]  1
0[0.0003]  1[0.9997]  1
0[0.9997]  1[0.0003]  0
0[0.9992]  1[0.0008]  0
0[1.0000]  1[0.0000]  0
0[0.9031]  1[0.0969]  0
0[1.0000]  1[0.0000]  0
0[0.9997]  1[0.0003]  0
0[0.0396]  1[0.9604]  1
0[0.9933]  1[0.0067]  0
0[0.0022]  1[0.9978]  1
0[1.0000]  1[0.0000]  0
0[0.9996]  1[0.0004]  0
0[1.0000]  1[0.0000]  0
0[0.9997]  1[0.0003]  0
0[0.9728]  1[0.0272]  0
0[0.2442]  1[0.7558]  1
0[0.9995]  1[0.0005]  0
0[1.0000]  1[0.0000]  0
0[0.0001]  1[0.9999]  1
0[0.0215]  1[0.9785]  1
0[0.9999]  1[0.0001]  0
0[0.0019]  1[0.9981]  1
0[0.9996]  1[0.0004]  0
0[1.0000]  1[0.0000]  0
0[0.9995]  1[0.0005]  0
0[0.9996]  1[0.0004]  0
0[1.0000]  1[0.0000]  0
0[0.9985]  1[0.0015]  0
0[0.0202]  1[0.9798]  1
0[0.9995]  1[0.0005]  0
0[0.9894]  1[0.0106]  0
0[0.0008]  1[0.9992]  1
0[0.0001]  1[0.9999]  1
0[0.9990]  1[0.0010]  0
0[1.0000]  1[0.0000]  0
0[0.9999]  1[0.0001]  0
0[0.9996]  1[0.0004]  0
0[0.9999]  1[0.0001]  0
0[0.0173]  1[0.9827]  1
0[0.9995]  1[0.0005]  0
0[0.9927]  1[0.0073]  0
0[0.9999]  1[0.0001]  0
0[1.0000]  1[0.0000]  0
0[0.9999]  1[0.0001]  0
0[0.0124]  1[0.9876]  1
0[0.9860]  1[0.0140]  0
0[0.1457]  1[0.8543]  1
0[1.0000]  1[0.0000]  0
0[0.9786]  1[0.0214]  0
0[1.0000]  1[0.0000]  0
0[0.9997]  1[0.0003]  0
0[1.0000]  1[0.0000]  0
0[1.0000]  1[0.0000]  0
0[0.0080]  1[0.9920]  1
0[0.0219]  1[0.9781]  1
0[0.0028]  1[0.9972]  1
0[1.0000]  1[0.0000]  0
0[0.0135]  1[0.9865]  1
0[0.0764]  1[0.9236]  1
0[0.9961]  1[0.0039]  0
0[0.0327]  1[0.9673]  1
0[0.9075]  1[0.0925]  0
0[1.0000]  1[0.0000]  0
0[0.0012]  1[0.9988]  1
0[0.9962]  1[0.0038]  0
0[0.9984]  1[0.0016]  0
0[0.9961]  1[0.0039]  0
0[0.9999]  1[0.0001]  0
0[0.9999]  1[0.0001]  0
0[1.0000]  1[0.0000]  0
0[0.0031]  1[0.9969]  1
0[0.9994]  1[0.0006]  0
0[1.0000]  1[0.0000]  0
0[1.0000]  1[0.0000]  0
0[0.9999]  1[0.0001]  0
0[1.0000]  1[0.0000]  0
0[0.9997]  1[0.0003]  0
0[0.0285]  1[0.9715]  1
