0[1.0000]  1[0.0000]  0
0[1.0000]  1[0.0000]  0
0[1.0000]  1[0.0000]  0
0[1.0000]  1[0.0000]  0
0[0.9987]  1[0.0013]  0
0[1.0000]  1[0.0000]  0
0[0.9961]  1[0.0039]  0
0[0.9984]  1[0.0016]  0
0[1.0000]  1[0.0000]  0
0[0.0008]  1[0.9992]  1
0[0.0138]  1[0.9862]  1
0[1.0000]  1[0.0000]  0
0[1.0000]  1[0.0000]  0
0[0.9995]  1[0.0005]  0
0[0.9972]  1[0.0028]  0
0[0.9924]  1[0.0076]  0
0[0.1410]  1[0.8590]  1
0[0.9976]  1[0.0024]  0
0[0.9999]  1[0.0001]  0
0[0.0161]  1[0.9839]  1
0[0.0177]  1[0.9823]  1
0[0.0133]  1[0.9867]  1
0[0.9938]  1[0.0062]  0
0[0.9999]  1[0.0001]  0
0[0.0204]  1[0.9796]  1
0[1.0000]  1[0.0000]  0
0[0.9998]  1[0.0002]  0
0[0.9998]  1[0.0002]  0
0[1.0000]  1[0.0000]  0
0[0.9955]  1[0.0045]  0
0[0.6310]  1[0.3690]  0
0[0.9954]  1[0.0046]  0
0[0.0022]  1[0.9978]  1
0[0.9975]  1[0.0025]  0
0[1.0000]  1[0.0000]  0
0[0.9999]  1[0.0001]  0
0[0.9999]  1[0.0001]  0
0[0.9996]  1[0.0004]  0
0[0.9622]  1[0.0378]  0
0[0.1373]  1[0.8627]  1
0[0.9792]  1[0.0208]  0
0[0.0781]  1[0.9219]  1
0[0.9980]  1[0.0020]  0
0[1.0000]  1[0.0000]  0
0[1.0000]  1[0.0000]  0
0[0.0869]  1[0.9131]  1
0[0.0015]  1[0.9985]  1
0[0.0487]  1[0.9513]  1
0[1.0000]  1[0.0000]  0
0[0.0002]  1[0.9998]  1
0[0.9999]  1[0.0001]  0
0[0.9670]  1[0.0330]  0
0[0.0414]  1[0.9586]  1
0[0.0039]  1[0.9961]  1
0[1.0000]  1[0.0000]  0
0[0.0004]  1[0.9996]  1
0[1.0000]  1[0.0000]  0
0[1.0000]  1[0.0000]  0
0[0.9754]  1[0.0246]  0
0[0.0134]  1[0.9866]  1
0[0.0004]  1[0.9996]  1
0[0.0349]  1[0.9651]  1
0[0.0039]  1[0.9961]  1
0[1.0000]  1[0.0000]  0
0[0.0196]  1[0.9804]  1
0[1.0000]  1[0.0000]  0
0[1.0000]  1[0.0000]  0
0[1.0000]  1[0.0000]  0
0[0.9947]  1[0.0053]  0
0[0.9901]  1[0.0099]  0
0[0.1041]  1[0.8959]  1
0[0.0129]  1[0.9871]  1
0[0.9997]  1[0.0003]  0
0[1.0000]  1[0.0000]  0
0[0.9999]  1[0.0001]  0
0[0.0118]  1[0.9882]  1
0[1.0000]  1[0.0000]  0
0[0.2534]  1[0.7466]  1
0[0.0352]  1[0.9648]  1
0[0.0008]  1[0.9992]  1
0[0.9832]  1[0.0168]  0
0[0.9839]  1[0.0161]  0
0[1.0000]  1[0.0000]  0
0[0.9761]  1[0.0239]  0
0[1.0000]  1[0.0000]  0
0[0.9481]  1[0.0519]  0
0[1.0000]  1[0.0000]  0
0[0.9999]  1[0.0001]  0
0[0.9999]  1[0.0001]  0
