0[0.9968]  1[0.0032]  0
0[0.0163]  1[0.9837]  1
0[1.0000]  1[0.0000]  0
0[0.9997]  1[0.0003]  0
0[0.9989]  1[0.0011]  0
0[0.9921]  1[0.0079]  0
0[0.0156]  1[0.9844]  1
0[1.0000]  1[0.0000]  0
0[0.0040]  1[0.9960]  1
0[0.9999]  1[0.0001]  0
0[0.0000]  1[1.0000]  1
0[0.0029]  1[0.9971]  1
0[0.9864]  1[0.0136]  0
0[1.0000]  1[0.0000]  0
0[0.9865]  1[0.0135]  0
0[1.0000]  1[0.0000]  0
0[0.9783]  1[0.0217]  0
0[0.9993]  1[0.0007]  0
0[0.0073]  1[0.9927]  1
0[0.0256]  1[0.9744]  1
0[0.0010]  1[0.9990]  1
0[1.0000]  1[0.0000]  0
0[1.0000]  1[0.0000]  0
0[0.9994]  1[0.0006]  0
0[0.0003]  1[0.9997]  1
0[0.9999]  1[0.0001]  0
0[0.9919]  1[0.0081]  0
0[0.9975]  1[0.0025]  0
0[1.0000]  1[0.0000]  0
0[1.0000]  1[0.0000]  0
0[0.9967]  1[0.0033]  0
0[1.0000]  1[0.0000]  0
0[0.9985]  1[0.0015]  0
0[0.0067]  1[0.9933]  1
0[0.0043]  1[0.9957]  1
0[0.9897]  1[0.0103]  0
0[0.9967]  1[0.0033]  0
0[0.3230]  1[0.6770]  1
0[0.9850]  1[0.0150]  0
0[0.9999]  1[0.0001]  0
0[0.9998]  1[0.0002]  0
0[0.9978]  1[0.0022]  0
0[0.9999]  1[0.0001]  0
0[0.9998]  1[0.0002]  0
0[0.9999]  1[0.0001]  0
0[0.0068]  1[0.9932]  1
0[0.0050]  1[0.9950]  1
0[0.9994]  1[0.0006]  0
0[0.9983]  1[0.0017]  0
0[0.9996]  1[0.0004]  0
0[0.9983]  1[0.0017]  0
0[0.9983]  1[0.0017]  0
0[1.0000]  1[0.0000]  0
0[0.9986]  1[0.0014]  0
0[0.9986]  1[0.0014]  0
0[1.0000]  1[0.0000]  0
0[0.0074]  1[0.9926]  1
0[0.0050]  1[0.9950]  1
0[0.9999]  1[0.0001]  0
0[0.1278]  1[0.8722]  1
0[0.9997]  1[0.0003]  0
0[0.0008]  1[0.9992]  1
0[0.9952]  1[0.0048]  0
0[0.9996]  1[0.0004]  0
