0[0.0040]  1[0.9960]  1
0[0.0927]  1[0.9073]  1
0[0.9817]  1[0.0183]  0
0[0.9998]  1[0.0002]  0
0[0.9998]  1[0.0002]  0
0[0.0078]  1[0.9922]  1
0[0.9958]  1[0.0042]  0
0[0.9915]  1[0.0085]  0
0[0.9992]  1[0.0008]  0
0[0.0060]  1[0.9940]  1
0[1.0000]  1[0.0000]  0
0[0.9992]  1[0.0008]  0
0[0.0247]  1[0.9753]  1
0[0.9941]  1[0.0059]  0
0[0.9999]  1[0.0001]  0
0[0.0264]  1[0.9736]  1
0[0.0001]  1[0.9999]  1
0[0.0452]  1[0.9548]  1
0[0.9999]  1[0.0001]  0
0[0.0000]  1[1.0000]  1
0[0.3139]  1[0.6861]  1
0[0.9131]  1[0.0869]  0
0[0.9996]  1[0.0004]  0
0[0.9934]  1[0.0066]  0
0[0.0051]  1[0.9949]  1
0[0.9985]  1[0.0015]  0
0[0.0012]  1[0.9988]  1
0[0.9612]  1[0.0388]  0
0[0.9996]  1[0.0004]  0
0[1.0000]  1[0.0000]  0
0[0.9996]  1[0.0004]  0
0[0.9999]  1[0.0001]  0
0[0.9998]  1[0.0002]  0
0[0.0245]  1[0.9755]  1
0[0.5173]  1[0.4827]  0
0[0.9998]  1[0.0002]  0
0[0.0511]  1[0.9489]  1
0[0.7533]  1[0.2467]  0
0[0.9999]  1[0.0001]  0
0[0.9961]  1[0.0039]  0
0[0.9996]  1[0.0004]  0
0[0.9672]  1[0.0328]  0
0[1.0000]  1[0.0000]  0
0[0.9990]  1[0.0010]  0
0[0.1351]  1[0.8649]  1
0[1.0000]  1[0.0000]  0
0[0.9991]  1[0.0009]  0
0[0.9955]  1[0.0045]  0
0[0.1101]  1[0.8899]  1
0[0.9995]  1[0.0005]  0
0[0.9999]  1[0.0001]  0
0[0.9928]  1[0.0072]  0
0[0.9976]  1[0.0024]  0
