0[0.0255]  1[0.9745]  1
0[0.9999]  1[0.0001]  0
0[0.0003]  1[0.9997]  1
0[0.9745]  1[0.0255]  0
0[0.9999]  1[0.0001]  0
0[0.0056]  1[0.9944]  1
0[1.0000]  1[0.0000]  0
0[1.0000]  1[0.0000]  0
0[0.0056]  1[0.9944]  1
0[0.1205]  1[0.8795]  1
0[0.9998]  1[0.0002]  0
0[1.0000]  1[0.0000]  0
0[0.4977]  1[0.5023]  1
0[0.9998]  1[0.0002]  0
0[0.0019]  1[0.9981]  1
0[0.9953]  1[0.0047]  0
0[0.9995]  1[0.0005]  0
0[0.9893]  1[0.0107]  0
0[1.0000]  1[0.0000]  0
0[0.0327]  1[0.9673]  1
0[0.3616]  1[0.6384]  1
0[0.9999]  1[0.0001]  0
0[0.9944]  1[0.0056]  0
0[0.9999]  1[0.0001]  0
0[0.0327]  1[0.9673]  1
0[0.9999]  1[0.0001]  0
0[0.9957]  1[0.0043]  0
0[0.9998]  1[0.0002]  0
0[0.0060]  1[0.9940]  1
0[0.9957]  1[0.0043]  0
