0[0.9999]  1[0.0001]  0
0[0.9965]  1[0.0035]  0
0[0.9998]  1[0.0002]  0
0[0.0000]  1[1.0000]  1
0[0.0120]  1[0.9880]  1
0[0.9999]  1[0.0001]  0
0[1.0000]  1[0.0000]  0
0[0.9974]  1[0.0026]  0
0[0.9996]  1[0.0004]  0
0[0.9999]  1[0.0001]  0
0[0.9998]  1[0.0002]  0
0[0.9709]  1[0.0291]  0
0[1.0000]  1[0.0000]  0
0[0.0017]  1[0.9983]  1
0[0.9554]  1[0.0446]  0
0[0.9916]  1[0.0084]  0
0[0.9999]  1[0.0001]  0
0[0.9999]  1[0.0001]  0
0[0.0273]  1[0.9727]  1
0[0.0179]  1[0.9821]  1
0[0.0028]  1[0.9972]  1
0[0.9999]  1[0.0001]  0
0[0.4162]  1[0.5838]  1
0[0.9995]  1[0.0005]  0
0[0.9979]  1[0.0021]  0
0[0.1031]  1[0.8969]  1
0[0.9999]  1[0.0001]  0
0[0.0251]  1[0.9749]  1
0[1.0000]  1[0.0000]  0
0[0.9991]  1[0.0009]  0
0[1.0000]  1[0.0000]  0
0[1.0000]  1[0.0000]  0
0[0.9958]  1[0.0042]  0
0[0.4878]  1[0.5122]  1
0[0.0031]  1[0.9969]  1
0[0.9602]  1[0.0398]  0
0[1.0000]  1[0.0000]  0
0[0.0460]  1[0.9540]  1
0[0.9997]  1[0.0003]  0
0[0.9997]  1[0.0003]  0
0[0.9996]  1[0.0004]  0
0[0.9999]  1[0.0001]  0
0[0.0003]  1[0.9997]  1
0[0.0031]  1[0.9969]  1
0[0.9915]  1[0.0085]  0
0[0.0116]  1[0.9884]  1
0[1.0000]  1[0.0000]  0
0[0.9999]  1[0.0001]  0
0[0.9997]  1[0.0003]  0
0[0.9995]  1[0.0005]  0
0[0.9999]  1[0.0001]  0
0[0.9848]  1[0.0152]  0
0[0.0156]  1[0.9844]  1
0[0.9999]  1[0.0001]  0
0[0.2547]  1[0.7453]  1
0[0.9988]  1[0.0012]  0
0[0.4211]  1[0.5789]  1
0[0.9990]  1[0.0010]  0
0[0.0205]  1[0.9795]  1
0[0.9793]  1[0.0207]  0
0[0.9996]  1[0.0004]  0
0[0.9996]  1[0.0004]  0
0[0.0516]  1[0.9484]  1
0[1.0000]  1[0.0000]  0
0[0.0004]  1[0.9996]  1
0[1.0000]  1[0.0000]  0
0[0.9999]  1[0.0001]  0
0[0.0161]  1[0.9839]  1
0[0.9999]  1[0.0001]  0
0[1.0000]  1[0.0000]  0
0[0.9851]  1[0.0149]  0
0[0.9935]  1[0.0065]  0
0[0.0342]  1[0.9658]  1
0[0.9998]  1[0.0002]  0
0[0.9999]  1[0.0001]  0
0[0.0279]  1[0.9721]  1
0[1.0000]  1[0.0000]  0
0[1.0000]  1[0.0000]  0
0[0.9991]  1[0.0009]  0
0[0.9998]  1[0.0002]  0
0[0.8933]  1[0.1067]  0
0[1.0000]  1[0.0000]  0
0[0.9984]  1[0.0016]  0
0[0.0022]  1[0.9978]  1
0[0.9999]  1[0.0001]  0
0[0.9906]  1[0.0094]  0
0[1.0000]  1[0.0000]  0
0[0.0327]  1[0.9673]  1
0[0.9838]  1[0.0162]  0
0[0.9464]  1[0.0536]  0
0[0.0161]  1[0.9839]  1
0[0.0013]  1[0.9987]  1
0[0.3836]  1[0.6164]  1
0[0.0000]  1[1.0000]  1
0[0.0038]  1[0.9962]  1
0[0.0100]  1[0.9900]  1
0[0.0008]  1[0.9992]  1
0[0.9996]  1[0.0004]  0
0[0.0101]  1[0.9899]  1
0[1.0000]  1[0.0000]  0
0[0.9492]  1[0.0508]  0
0[0.9611]  1[0.0389]  0
0[0.9996]  1[0.0004]  0
0[0.9984]  1[0.0016]  0
0[0.9977]  1[0.0023]  0
0[0.9971]  1[0.0029]  0
0[0.0089]  1[0.9911]  1
0[0.9825]  1[0.0175]  0
0[0.0571]  1[0.9429]  1
0[0.2032]  1[0.7968]  1
0[1.0000]  1[0.0000]  0
0[0.9970]  1[0.0030]  0
0[1.0000]  1[0.0000]  0
0[1.0000]  1[0.0000]  0
0[0.9651]  1[0.0349]  0
0[0.0022]  1[0.9978]  1
0[0.3926]  1[0.6074]  1
0[0.9996]  1[0.0004]  0
0[0.9999]  1[0.0001]  0
0[0.9998]  1[0.0002]  0
0[1.0000]  1[0.0000]  0
0[1.0000]  1[0.0000]  0
0[0.9993]  1[0.0007]  0
0[0.0777]  1[0.9223]  1
0[1.0000]  1[0.0000]  0
0[1.0000]  1[0.0000]  0
0[0.0233]  1[0.9767]  1
0[0.9995]  1[0.0005]  0
0[0.9999]  1[0.0001]  0
0[0.7194]  1[0.2806]  0
0[0.9999]  1[0.0001]  0
0[0.0003]  1[0.9997]  1
0[0.9996]  1[0.0004]  0
0[0.9997]  1[0.0003]  0
0[0.9976]  1[0.0024]  0
0[1.0000]  1[0.0000]  0
0[0.9985]  1[0.0015]  0
0[0.9133]  1[0.0867]  0
0[0.9980]  1[0.0020]  0
0[0.0003]  1[0.9997]  1
0[0.9834]  1[0.0166]  0
0[0.9710]  1[0.0290]  0
0[0.9997]  1[0.0003]  0
0[1.0000]  1[0.0000]  0
0[0.9968]  1[0.0032]  0
0[0.9999]  1[0.0001]  0
0[1.0000]  1[0.0000]  0
0[0.0180]  1[0.9820]  1
0[1.0000]  1[0.0000]  0
0[1.0000]  1[0.0000]  0
0[0.0372]  1[0.9628]  1
0[1.0000]  1[0.0000]  0
0[0.0004]  1[0.9996]  1
0[0.9996]  1[0.0004]  0
0[0.4943]  1[0.5057]  1
0[0.9801]  1[0.0199]  0
0[0.9893]  1[0.0107]  0
