0[0.9999]  1[0.0001]  0
0[1.0000]  1[0.0000]  0
0[0.9975]  1[0.0025]  0
0[1.0000]  1[0.0000]  0
0[0.9999]  1[0.0001]  0
0[0.9992]  1[0.0008]  0
0[0.0093]  1[0.9907]  1
0[1.0000]  1[0.0000]  0
0[0.9999]  1[0.0001]  0
0[1.0000]  1[0.0000]  0
0[1.0000]  1[0.0000]  0
0[0.0269]  1[0.9731]  1
0[0.9999]  1[0.0001]  0
0[0.9971]  1[0.0029]  0
0[0.9999]  1[0.0001]  0
0[0.9974]  1[0.0026]  0
0[0.9680]  1[0.0320]  0
0[0.0193]  1[0.9807]  1
0[0.0259]  1[0.9741]  1
0[0.9999]  1[0.0001]  0
0[0.9999]  1[0.0001]  0
0[0.9999]  1[0.0001]  0
0[1.0000]  1[0.0000]  0
0[0.0844]  1[0.9156]  1
0[0.9978]  1[0.0022]  0
0[1.0000]  1[0.0000]  0
0[1.0000]  1[0.0000]  0
0[0.9999]  1[0.0001]  0
0[0.1454]  1[0.8546]  1
0[1.0000]  1[0.0000]  0
0[0.0072]  1[0.9928]  1
0[0.7283]  1[0.2717]  0
0[1.0000]  1[0.0000]  0
0[0.0386]  1[0.9614]  1
0[0.0053]  1[0.9947]  1
0[1.0000]  1[0.0000]  0
0[0.9973]  1[0.0027]  0
0[1.0000]  1[0.0000]  0
0[0.9994]  1[0.0006]  0
0[0.0022]  1[0.9978]  1
0[0.0930]  1[0.9070]  1
0[0.9999]  1[0.0001]  0
0[0.9881]  1[0.0119]  0
0[0.0161]  1[0.9839]  1
0[0.9992]  1[0.0008]  0
0[0.9986]  1[0.0014]  0
0[0.9999]  1[0.0001]  0
