0[0.9976]  1[0.0024]  0
0[0.0133]  1[0.9867]  1
0[0.1329]  1[0.8671]  1
0[1.0000]  1[0.0000]  0
0[0.9999]  1[0.0001]  0
0[1.0000]  1[0.0000]  0
0[0.0133]  1[0.9867]  1
0[1.0000]  1[0.0000]  0
0[0.0093]  1[0.9907]  1
0[0.0020]  1[0.9980]  1
0[0.3029]  1[0.6971]  1
0[0.0025]  1[0.9975]  1
0[0.0002]  1[0.9998]  1
0[0.9999]  1[0.0001]  0
0[1.0000]  1[0.0000]  0
0[0.9995]  1[0.0005]  0
0[1.0000]  1[0.0000]  0
0[0.0133]  1[0.9867]  1
0[0.9972]  1[0.0028]  0
0[0.9975]  1[0.0025]  0
0[0.9999]  1[0.0001]  0
0[0.0045]  1[0.9955]  1
0[0.9989]  1[0.0011]  0
0[0.9999]  1[0.0001]  0
0[1.0000]  1[0.0000]  0
0[1.0000]  1[0.0000]  0
0[0.0678]  1[0.9322]  1
0[0.9760]  1[0.0240]  0
0[0.9985]  1[0.0015]  0
0[1.0000]  1[0.0000]  0
0[1.0000]  1[0.0000]  0
0[1.0000]  1[0.0000]  0
0[1.0000]  1[0.0000]  0
