0[0.0138]  1[0.9862]  1
0[0.0022]  1[0.9978]  1
0[0.0161]  1[0.9839]  1
0[0.3192]  1[0.6808]  1
0[0.0355]  1[0.9645]  1
0[1.0000]  1[0.0000]  0
0[1.0000]  1[0.0000]  0
0[0.0008]  1[0.9992]  1
0[0.9999]  1[0.0001]  0
0[0.0002]  1[0.9998]  1
0[0.9999]  1[0.0001]  0
0[0.4585]  1[0.5415]  1
0[0.9998]  1[0.0002]  0
0[0.0211]  1[0.9789]  1
0[0.0075]  1[0.9925]  1
0[0.9967]  1[0.0033]  0
0[1.0000]  1[0.0000]  0
0[0.1703]  1[0.8297]  1
0[0.0000]  1[1.0000]  1
0[0.8507]  1[0.1493]  0
0[0.0674]  1[0.9326]  1
0[0.9999]  1[0.0001]  0
0[0.0050]  1[0.9950]  1
0[0.0680]  1[0.9320]  1
0[1.0000]  1[0.0000]  0
0[1.0000]  1[0.0000]  0
0[1.0000]  1[0.0000]  0
0[0.1416]  1[0.8584]  1
0[0.0028]  1[0.9972]  1
0[0.9995]  1[0.0005]  0
0[0.9981]  1[0.0019]  0
0[0.9999]  1[0.0001]  0
0[0.0001]  1[0.9999]  1
0[0.9999]  1[0.0001]  0
0[0.9952]  1[0.0048]  0
0[0.0161]  1[0.9839]  1
0[0.9994]  1[0.0006]  0
0[0.9999]  1[0.0001]  0
0[0.9999]  1[0.0001]  0
0[0.9997]  1[0.0003]  0
0[0.9291]  1[0.0709]  0
