0[0.0003]  1[0.9997]  1
0[0.9729]  1[0.0271]  0
0[0.0759]  1[0.9241]  1
0[0.9938]  1[0.0062]  0
0[0.0161]  1[0.9839]  1
0[0.0476]  1[0.9524]  1
0[0.9982]  1[0.0018]  0
0[0.9999]  1[0.0001]  0
0[0.9998]  1[0.0002]  0
0[0.0023]  1[0.9977]  1
0[0.3035]  1[0.6965]  1
0[0.9628]  1[0.0372]  0
0[1.0000]  1[0.0000]  0
0[0.9983]  1[0.0017]  0
0[0.9949]  1[0.0051]  0
0[0.9993]  1[0.0007]  0
0[0.9941]  1[0.0059]  0
0[0.0000]  1[1.0000]  1
0[0.9987]  1[0.0013]  0
0[0.9989]  1[0.0011]  0
0[0.9999]  1[0.0001]  0
0[0.9718]  1[0.0282]  0
0[0.0120]  1[0.9880]  1
0[1.0000]  1[0.0000]  0
0[0.9999]  1[0.0001]  0
0[0.0131]  1[0.9869]  1
0[1.0000]  1[0.0000]  0
0[0.9999]  1[0.0001]  0
0[0.4175]  1[0.5825]  1
0[0.9995]  1[0.0005]  0
0[0.9996]  1[0.0004]  0
0[1.0000]  1[0.0000]  0
0[0.0127]  1[0.9873]  1
0[0.9991]  1[0.0009]  0
0[0.2196]  1[0.7804]  1
0[0.9870]  1[0.0130]  0
0[0.7595]  1[0.2405]  0
0[0.4133]  1[0.5867]  1
0[0.9927]  1[0.0073]  0
0[0.5391]  1[0.4609]  0
0[1.0000]  1[0.0000]  0
0[1.0000]  1[0.0000]  0
0[0.0469]  1[0.9531]  1
0[1.0000]  1[0.0000]  0
0[0.2606]  1[0.7394]  1
