0[0.9993]  1[0.0007]  0
0[0.0689]  1[0.9311]  1
0[0.9999]  1[0.0001]  0
0[0.9999]  1[0.0001]  0
0[1.0000]  1[0.0000]  0
0[0.9996]  1[0.0004]  0
0[0.9999]  1[0.0001]  0
0[0.0099]  1[0.9901]  1
0[0.9986]  1[0.0014]  0
0[0.9995]  1[0.0005]  0
0[0.9999]  1[0.0001]  0
0[0.9932]  1[0.0068]  0
0[1.0000]  1[0.0000]  0
0[1.0000]  1[0.0000]  0
0[0.9995]  1[0.0005]  0
0[0.9942]  1[0.0058]  0
0[1.0000]  1[0.0000]  0
0[0.9708]  1[0.0292]  0
0[0.9877]  1[0.0123]  0
0[0.9999]  1[0.0001]  0
0[0.9999]  1[0.0001]  0
