0[0.0764]  1[0.9236]  1
0[0.0562]  1[0.9438]  1
0[0.9988]  1[0.0012]  0
0[0.9996]  1[0.0004]  0
0[0.0466]  1[0.9534]  1
0[1.0000]  1[0.0000]  0
0[0.0029]  1[0.9971]  1
0[0.9693]  1[0.0307]  0
0[1.0000]  1[0.0000]  0
0[0.9964]  1[0.0036]  0
0[0.9999]  1[0.0001]  0
0[0.9986]  1[0.0014]  0
0[1.0000]  1[0.0000]  0
0[1.0000]  1[0.0000]  0
0[1.0000]  1[0.0000]  0
0[0.9996]  1[0.0004]  0
0[0.9999]  1[0.0001]  0
0[1.0000]  1[0.0000]  0
0[0.0296]  1[0.9704]  1
0[0.0001]  1[0.9999]  1
0[0.9976]  1[0.0024]  0
0[0.9207]  1[0.0793]  0
0[0.9988]  1[0.0012]  0
0[0.9979]  1[0.0021]  0
0[0.9992]  1[0.0008]  0
0[0.9998]  1[0.0002]  0
0[0.0001]  1[0.9999]  1
0[0.9995]  1[0.0005]  0
0[0.0002]  1[0.9998]  1
0[0.9999]  1[0.0001]  0
0[0.1986]  1[0.8014]  1
0[1.0000]  1[0.0000]  0
0[1.0000]  1[0.0000]  0
0[0.0038]  1[0.9962]  1
0[0.0118]  1[0.9882]  1
0[1.0000]  1[0.0000]  0
0[0.7026]  1[0.2974]  0
0[1.0000]  1[0.0000]  0
0[0.0009]  1[0.9991]  1
0[0.9991]  1[0.0009]  0
0[0.9995]  1[0.0005]  0
0[0.9989]  1[0.0011]  0
0[0.9999]  1[0.0001]  0
0[1.0000]  1[0.0000]  0
0[0.9152]  1[0.0848]  0
0[0.9999]  1[0.0001]  0
0[0.9589]  1[0.0411]  0
0[0.9999]  1[0.0001]  0
0[0.9703]  1[0.0297]  0
0[0.0005]  1[0.9995]  1
0[0.9922]  1[0.0078]  0
0[0.0043]  1[0.9957]  1
0[0.9997]  1[0.0003]  0
0[0.9996]  1[0.0004]  0
0[0.0019]  1[0.9981]  1
0[0.6830]  1[0.3170]  0
0[0.9994]  1[0.0006]  0
0[0.9743]  1[0.0257]  0
0[0.9989]  1[0.0011]  0
0[1.0000]  1[0.0000]  0
0[0.0364]  1[0.9636]  1
0[0.9954]  1[0.0046]  0
0[0.1680]  1[0.8320]  1
0[0.9999]  1[0.0001]  0
0[0.9998]  1[0.0002]  0
0[0.9948]  1[0.0052]  0
0[0.9999]  1[0.0001]  0
0[0.0073]  1[0.9927]  1
0[0.9651]  1[0.0349]  0
0[0.0002]  1[0.9998]  1
0[0.5992]  1[0.4008]  0
0[0.9998]  1[0.0002]  0
0[0.9999]  1[0.0001]  0
0[0.9999]  1[0.0001]  0
0[1.0000]  1[0.0000]  0
0[0.9949]  1[0.0051]  0
0[0.1228]  1[0.8772]  1
0[0.9890]  1[0.0110]  0
0[0.9951]  1[0.0049]  0
0[0.9986]  1[0.0014]  0
0[0.9952]  1[0.0048]  0
0[0.9766]  1[0.0234]  0
