0[1.0000]  1[0.0000]  0
0[0.9999]  1[0.0001]  0
0[0.9999]  1[0.0001]  0
0[0.9995]  1[0.0005]  0
0[0.9999]  1[0.0001]  0
0[1.0000]  1[0.0000]  0
0[0.9999]  1[0.0001]  0
0[0.0084]  1[0.9916]  1
0[1.0000]  1[0.0000]  0
0[0.0008]  1[0.9992]  1
0[0.9976]  1[0.0024]  0
0[0.9941]  1[0.0059]  0
0[1.0000]  1[0.0000]  0
0[0.9951]  1[0.0049]  0
0[0.0071]  1[0.9929]  1
0[0.9996]  1[0.0004]  0
0[0.9986]  1[0.0014]  0
0[0.9899]  1[0.0101]  0
0[0.9809]  1[0.0191]  0
0[0.9999]  1[0.0001]  0
0[0.9251]  1[0.0749]  0
0[0.0173]  1[0.9827]  1
0[0.9999]  1[0.0001]  0
0[0.2081]  1[0.7919]  1
0[0.0085]  1[0.9915]  1
0[0.9998]  1[0.0002]  0
0[0.9852]  1[0.0148]  0
0[0.0136]  1[0.9864]  1
0[0.3380]  1[0.6620]  1
0[1.0000]  1[0.0000]  0
0[0.0446]  1[0.9554]  1
0[0.0004]  1[0.9996]  1
0[0.9972]  1[0.0028]  0
0[1.0000]  1[0.0000]  0
0[0.1422]  1[0.8578]  1
0[0.9999]  1[0.0001]  0
0[0.9937]  1[0.0063]  0
0[0.9999]  1[0.0001]  0
0[0.5363]  1[0.4637]  0
0[0.0230]  1[0.9770]  1
0[1.0000]  1[0.0000]  0
0[0.0072]  1[0.9928]  1
0[1.0000]  1[0.0000]  0
0[0.0006]  1[0.9994]  1
0[0.9805]  1[0.0195]  0
0[0.9990]  1[0.0010]  0
0[0.9999]  1[0.0001]  0
