0[0.9999]  1[0.0001]  0
0[0.9901]  1[0.0099]  0
0[0.7291]  1[0.2709]  0
0[0.9998]  1[0.0002]  0
0[0.9998]  1[0.0002]  0
0[1.0000]  1[0.0000]  0
0[0.0244]  1[0.9756]  1
0[0.9999]  1[0.0001]  0
0[0.9999]  1[0.0001]  0
0[0.0133]  1[0.9867]  1
0[0.9941]  1[0.0059]  0
0[0.0107]  1[0.9893]  1
0[1.0000]  1[0.0000]  0
0[0.0176]  1[0.9824]  1
0[0.0899]  1[0.9101]  1
0[0.9985]  1[0.0015]  0
0[0.9994]  1[0.0006]  0
0[0.9999]  1[0.0001]  0
0[0.9988]  1[0.0012]  0
0[0.9999]  1[0.0001]  0
0[0.9978]  1[0.0022]  0
0[0.9999]  1[0.0001]  0
0[0.9999]  1[0.0001]  0
0[0.0009]  1[0.9991]  1
0[0.0761]  1[0.9239]  1
0[0.9995]  1[0.0005]  0
0[0.0136]  1[0.9864]  1
0[1.0000]  1[0.0000]  0
0[0.9966]  1[0.0034]  0
0[0.9995]  1[0.0005]  0
0[0.2065]  1[0.7935]  1
0[0.9997]  1[0.0003]  0
0[0.9984]  1[0.0016]  0
0[1.0000]  1[0.0000]  0
0[0.9896]  1[0.0104]  0
0[0.9930]  1[0.0070]  0
0[0.9606]  1[0.0394]  0
0[0.9998]  1[0.0002]  0
0[0.0764]  1[0.9236]  1
0[0.9995]  1[0.0005]  0
0[0.9951]  1[0.0049]  0
0[1.0000]  1[0.0000]  0
0[0.9989]  1[0.0011]  0
0[0.9943]  1[0.0057]  0
0[0.0806]  1[0.9194]  1
0[0.9993]  1[0.0007]  0
0[0.9942]  1[0.0058]  0
0[0.0006]  1[0.9994]  1
0[1.0000]  1[0.0000]  0
0[0.9992]  1[0.0008]  0
0[0.9999]  1[0.0001]  0
0[0.6307]  1[0.3693]  0
0[0.9999]  1[0.0001]  0
0[0.9996]  1[0.0004]  0
0[0.9997]  1[0.0003]  0
0[0.9999]  1[0.0001]  0
0[0.9974]  1[0.0026]  0
0[1.0000]  1[0.0000]  0
