0[0.0005]  1[0.9995]  1
0[0.2465]  1[0.7535]  1
0[0.9999]  1[0.0001]  0
0[0.9979]  1[0.0021]  0
0[0.9565]  1[0.0435]  0
0[1.0000]  1[0.0000]  0
0[0.9994]  1[0.0006]  0
0[1.0000]  1[0.0000]  0
0[0.9995]  1[0.0005]  0
0[0.0198]  1[0.9802]  1
0[0.9998]  1[0.0002]  0
0[0.0175]  1[0.9825]  1
0[1.0000]  1[0.0000]  0
0[0.0002]  1[0.9998]  1
0[0.9994]  1[0.0006]  0
0[0.9479]  1[0.0521]  0
0[0.9964]  1[0.0036]  0
0[0.7980]  1[0.2020]  0
0[0.9980]  1[0.0020]  0
0[0.0075]  1[0.9925]  1
0[0.0179]  1[0.9821]  1
0[0.9999]  1[0.0001]  0
0[0.9700]  1[0.0300]  0
0[0.0002]  1[0.9998]  1
0[0.0226]  1[0.9774]  1
0[0.9999]  1[0.0001]  0
0[0.0237]  1[0.9763]  1
0[1.0000]  1[0.0000]  0
0[0.9934]  1[0.0066]  0
0[0.0019]  1[0.9981]  1
0[0.9052]  1[0.0948]  0
0[0.9991]  1[0.0009]  0
0[0.1401]  1[0.8599]  1
0[0.9974]  1[0.0026]  0
0[0.9999]  1[0.0001]  0
0[0.9989]  1[0.0011]  0
0[0.0253]  1[0.9747]  1
0[0.9448]  1[0.0552]  0
0[0.9992]  1[0.0008]  0
0[0.0728]  1[0.9272]  1
0[0.9885]  1[0.0115]  0
0[0.9954]  1[0.0046]  0
0[1.0000]  1[0.0000]  0
0[1.0000]  1[0.0000]  0
0[0.0142]  1[0.9858]  1
0[0.9950]  1[0.0050]  0
0[0.0048]  1[0.9952]  1
0[0.9979]  1[0.0021]  0
0[0.9953]  1[0.0047]  0
0[0.0078]  1[0.9922]  1
0[0.9999]  1[0.0001]  0
0[0.0004]  1[0.9996]  1
0[0.0477]  1[0.9523]  1
0[0.4638]  1[0.5362]  1
0[0.9975]  1[0.0025]  0
0[0.9986]  1[0.0014]  0
0[0.9948]  1[0.0052]  0
0[0.2487]  1[0.7513]  1
0[0.5450]  1[0.4550]  0
0[0.9999]  1[0.0001]  0
0[0.9982]  1[0.0018]  0
0[0.9967]  1[0.0033]  0
0[0.0177]  1[0.9823]  1
0[0.0002]  1[0.9998]  1
0[0.0002]  1[0.9998]  1
0[0.0470]  1[0.9530]  1
0[0.9990]  1[0.0010]  0
0[0.8265]  1[0.1735]  0
0[0.9995]  1[0.0005]  0
0[0.9998]  1[0.0002]  0
0[1.0000]  1[0.0000]  0
0[1.0000]  1[0.0000]  0
0[0.5404]  1[0.4596]  0
0[0.9999]  1[0.0001]  0
0[1.0000]  1[0.0000]  0
0[0.9999]  1[0.0001]  0
0[0.9997]  1[0.0003]  0
0[0.9931]  1[0.0069]  0
0[0.0038]  1[0.9962]  1
0[0.9996]  1[0.0004]  0
0[0.9999]  1[0.0001]  0
0[0.0006]  1[0.9994]  1
0[0.9962]  1[0.0038]  0
0[0.0244]  1[0.9756]  1
0[0.9955]  1[0.0045]  0
0[0.1887]  1[0.8113]  1
0[0.9979]  1[0.0021]  0
0[0.9999]  1[0.0001]  0
0[0.0087]  1[0.9913]  1
0[0.1456]  1[0.8544]  1
0[0.9908]  1[0.0092]  0
0[0.9934]  1[0.0066]  0
0[0.0004]  1[0.9996]  1
0[1.0000]  1[0.0000]  0
0[0.0552]  1[0.9448]  1
0[0.8719]  1[0.1281]  0
0[0.8007]  1[0.1993]  0
0[0.0325]  1[0.9675]  1
0[0.9998]  1[0.0002]  0
0[0.2002]  1[0.7998]  1
0[0.9817]  1[0.0183]  0
0[0.0432]  1[0.9568]  1
0[0.9990]  1[0.0010]  0
0[0.9769]  1[0.0231]  0
0[0.9956]  1[0.0044]  0
0[0.9998]  1[0.0002]  0
0[0.9999]  1[0.0001]  0
0[1.0000]  1[0.0000]  0
0[0.9999]  1[0.0001]  0
0[0.9999]  1[0.0001]  0
0[1.0000]  1[0.0000]  0
0[1.0000]  1[0.0000]  0
0[0.0133]  1[0.9867]  1
