0[0.0106]  1[0.9894]  1
0[0.0070]  1[0.9930]  1
0[0.9999]  1[0.0001]  0
0[0.9996]  1[0.0004]  0
0[1.0000]  1[0.0000]  0
0[0.0334]  1[0.9666]  1
0[1.0000]  1[0.0000]  0
0[1.0000]  1[0.0000]  0
0[0.9992]  1[0.0008]  0
0[0.9997]  1[0.0003]  0
0[0.9988]  1[0.0012]  0
0[0.9999]  1[0.0001]  0
0[0.0166]  1[0.9834]  1
0[1.0000]  1[0.0000]  0
0[0.0945]  1[0.9055]  1
0[0.9838]  1[0.0162]  0
0[0.9787]  1[0.0213]  0
0[0.0066]  1[0.9934]  1
0[0.9999]  1[0.0001]  0
0[0.9999]  1[0.0001]  0
0[0.9999]  1[0.0001]  0
0[0.2474]  1[0.7526]  1
