0[0.0028]  1[0.9972]  1
0[1.0000]  1[0.0000]  0
0[1.0000]  1[0.0000]  0
0[0.9999]  1[0.0001]  0
0[0.9992]  1[0.0008]  0
0[1.0000]  1[0.0000]  0
0[1.0000]  1[0.0000]  0
0[0.9996]  1[0.0004]  0
0[0.9989]  1[0.0011]  0
0[0.9944]  1[0.0056]  0
0[0.0130]  1[0.9870]  1
0[0.9996]  1[0.0004]  0
0[0.0215]  1[0.9785]  1
0[0.0290]  1[0.9710]  1
0[0.9991]  1[0.0009]  0
0[0.9895]  1[0.0105]  0
0[1.0000]  1[0.0000]  0
0[0.0133]  1[0.9867]  1
0[0.0117]  1[0.9883]  1
0[0.4227]  1[0.5773]  1
0[0.0115]  1[0.9885]  1
0[0.9998]  1[0.0002]  0
0[0.9999]  1[0.0001]  0
0[0.9994]  1[0.0006]  0
0[0.0002]  1[0.9998]  1
0[0.0008]  1[0.9992]  1
0[0.0008]  1[0.9992]  1
0[1.0000]  1[0.0000]  0
0[1.0000]  1[0.0000]  0
0[0.9999]  1[0.0001]  0
0[0.0446]  1[0.9554]  1
0[0.0125]  1[0.9875]  1
0[0.9999]  1[0.0001]  0
0[0.9916]  1[0.0084]  0
0[0.0002]  1[0.9998]  1
0[0.0274]  1[0.9726]  1
0[0.9996]  1[0.0004]  0
0[0.1129]  1[0.8871]  1
0[0.0012]  1[0.9988]  1
0[0.0229]  1[0.9771]  1
0[0.9994]  1[0.0006]  0
0[0.9974]  1[0.0026]  0
0[0.0000]  1[1.0000]  1
0[0.0032]  1[0.9968]  1
0[0.9976]  1[0.0024]  0
0[0.0340]  1[0.9660]  1
0[0.0085]  1[0.9915]  1
0[1.0000]  1[0.0000]  0
0[0.9999]  1[0.0001]  0
0[0.0063]  1[0.9937]  1
0[0.9971]  1[0.0029]  0
0[1.0000]  1[0.0000]  0
0[1.0000]  1[0.0000]  0
0[0.9951]  1[0.0049]  0
0[0.9996]  1[0.0004]  0
0[0.0394]  1[0.9606]  1
0[0.0245]  1[0.9755]  1
0[1.0000]  1[0.0000]  0
0[0.0002]  1[0.9998]  1
0[0.0126]  1[0.9874]  1
0[1.0000]  1[0.0000]  0
0[0.9998]  1[0.0002]  0
0[1.0000]  1[0.0000]  0
0[0.0686]  1[0.9314]  1
0[0.0644]  1[0.9356]  1
0[0.0154]  1[0.9846]  1
0[0.0421]  1[0.9579]  1
0[0.0001]  1[0.9999]  1
0[0.9989]  1[0.0011]  0
0[0.0002]  1[0.9998]  1
0[0.0028]  1[0.9972]  1
0[0.0002]  1[0.9998]  1
0[0.0385]  1[0.9615]  1
0[0.0092]  1[0.9908]  1
0[0.9997]  1[0.0003]  0
0[0.0086]  1[0.9914]  1
0[0.1106]  1[0.8894]  1
0[0.0106]  1[0.9894]  1
0[0.2002]  1[0.7998]  1
0[0.0001]  1[0.9999]  1
0[1.0000]  1[0.0000]  0
0[0.0002]  1[0.9998]  1
0[1.0000]  1[0.0000]  0
0[0.9992]  1[0.0008]  0
0[0.0003]  1[0.9997]  1
0[0.7779]  1[0.2221]  0
0[0.9968]  1[0.0032]  0
0[1.0000]  1[0.0000]  0
