0[0.9973]  1[0.0027]  0
0[0.9999]  1[0.0001]  0
0[1.0000]  1[0.0000]  0
0[0.9999]  1[0.0001]  0
0[0.9995]  1[0.0005]  0
0[0.0346]  1[0.9654]  1
0[0.9976]  1[0.0024]  0
0[0.0023]  1[0.9977]  1
0[1.0000]  1[0.0000]  0
0[0.9998]  1[0.0002]  0
0[0.0119]  1[0.9881]  1
0[1.0000]  1[0.0000]  0
0[0.0227]  1[0.9773]  1
0[1.0000]  1[0.0000]  0
0[0.9992]  1[0.0008]  0
0[0.9999]  1[0.0001]  0
0[0.9976]  1[0.0024]  0
0[0.9795]  1[0.0205]  0
0[0.0474]  1[0.9526]  1
0[0.9982]  1[0.0018]  0
0[0.0073]  1[0.9927]  1
0[0.0157]  1[0.9843]  1
0[0.9996]  1[0.0004]  0
0[0.0285]  1[0.9715]  1
0[0.0023]  1[0.9977]  1
0[1.0000]  1[0.0000]  0
0[0.0292]  1[0.9708]  1
0[0.0027]  1[0.9973]  1
0[1.0000]  1[0.0000]  0
0[0.9937]  1[0.0063]  0
0[0.0003]  1[0.9997]  1
0[0.0285]  1[0.9715]  1
0[0.9986]  1[0.0014]  0
0[0.7133]  1[0.2867]  0
0[0.9943]  1[0.0057]  0
0[0.9997]  1[0.0003]  0
