0[0.9999]  1[0.0001]  0
0[1.0000]  1[0.0000]  0
0[0.0050]  1[0.9950]  1
0[0.9980]  1[0.0020]  0
0[0.9998]  1[0.0002]  0
0[1.0000]  1[0.0000]  0
0[1.0000]  1[0.0000]  0
0[0.0116]  1[0.9884]  1
0[0.0966]  1[0.9034]  1
0[0.0015]  1[0.9985]  1
0[1.0000]  1[0.0000]  0
0[0.9996]  1[0.0004]  0
0[0.9983]  1[0.0017]  0
0[1.0000]  1[0.0000]  0
0[0.4601]  1[0.5399]  1
0[1.0000]  1[0.0000]  0
0[0.9996]  1[0.0004]  0
0[1.0000]  1[0.0000]  0
0[0.9989]  1[0.0011]  0
0[0.9954]  1[0.0046]  0
0[0.9999]  1[0.0001]  0
0[0.0145]  1[0.9855]  1
0[0.9998]  1[0.0002]  0
0[1.0000]  1[0.0000]  0
0[0.9909]  1[0.0091]  0
0[0.9988]  1[0.0012]  0
0[0.2254]  1[0.7746]  1
0[0.0242]  1[0.9758]  1
0[0.9995]  1[0.0005]  0
0[0.0026]  1[0.9974]  1
0[0.9994]  1[0.0006]  0
0[1.0000]  1[0.0000]  0
0[0.9988]  1[0.0012]  0
0[0.0349]  1[0.9651]  1
0[0.9995]  1[0.0005]  0
0[1.0000]  1[0.0000]  0
0[0.9998]  1[0.0002]  0
0[0.0008]  1[0.9992]  1
0[0.9972]  1[0.0028]  0
0[0.9983]  1[0.0017]  0
0[0.9988]  1[0.0012]  0
0[0.9999]  1[0.0001]  0
0[0.9978]  1[0.0022]  0
0[1.0000]  1[0.0000]  0
0[0.0161]  1[0.9839]  1
0[0.9995]  1[0.0005]  0
0[1.0000]  1[0.0000]  0
0[0.9996]  1[0.0004]  0
0[0.1758]  1[0.8242]  1
0[0.0003]  1[0.9997]  1
0[0.0175]  1[0.9825]  1
0[0.9958]  1[0.0042]  0
