0[0.9999]  1[0.0001]  0
0[0.9999]  1[0.0001]  0
0[0.0002]  1[0.9998]  1
0[0.1947]  1[0.8053]  1
0[0.9999]  1[0.0001]  0
0[0.2997]  1[0.7003]  1
0[1.0000]  1[0.0000]  0
0[1.0000]  1[0.0000]  0
0[1.0000]  1[0.0000]  0
0[0.9993]  1[0.0007]  0
0[0.9999]  1[0.0001]  0
0[1.0000]  1[0.0000]  0
0[1.0000]  1[0.0000]  0
0[1.0000]  1[0.0000]  0
0[0.0079]  1[0.9921]  1
0[0.0073]  1[0.9927]  1
0[0.9985]  1[0.0015]  0
0[0.9998]  1[0.0002]  0
0[0.9999]  1[0.0001]  0
0[0.0015]  1[0.9985]  1
0[0.9996]  1[0.0004]  0
0[0.0003]  1[0.9997]  1
0[0.7749]  1[0.2251]  0
0[1.0000]  1[0.0000]  0
0[1.0000]  1[0.0000]  0
0[0.9989]  1[0.0011]  0
0[0.9442]  1[0.0558]  0
0[0.9697]  1[0.0303]  0
0[0.9656]  1[0.0344]  0
0[0.9999]  1[0.0001]  0
0[0.0253]  1[0.9747]  1
0[0.0116]  1[0.9884]  1
0[1.0000]  1[0.0000]  0
0[0.1384]  1[0.8616]  1
0[1.0000]  1[0.0000]  0
0[0.0022]  1[0.9978]  1
0[0.9996]  1[0.0004]  0
0[0.0224]  1[0.9776]  1
0[0.9982]  1[0.0018]  0
0[0.9981]  1[0.0019]  0
0[1.0000]  1[0.0000]  0
0[0.1371]  1[0.8629]  1
0[0.9867]  1[0.0133]  0
0[0.9905]  1[0.0095]  0
0[0.9986]  1[0.0014]  0
0[1.0000]  1[0.0000]  0
0[0.9996]  1[0.0004]  0
0[1.0000]  1[0.0000]  0
0[0.0018]  1[0.9982]  1
0[0.8961]  1[0.1039]  0
0[1.0000]  1[0.0000]  0
0[0.9963]  1[0.0037]  0
0[0.0158]  1[0.9842]  1
0[0.9989]  1[0.0011]  0
0[1.0000]  1[0.0000]  0
0[0.0004]  1[0.9996]  1
0[1.0000]  1[0.0000]  0
0[0.0142]  1[0.9858]  1
0[0.9996]  1[0.0004]  0
0[0.9999]  1[0.0001]  0
0[1.0000]  1[0.0000]  0
0[0.9995]  1[0.0005]  0
0[0.9957]  1[0.0043]  0
0[0.9995]  1[0.0005]  0
0[0.9983]  1[0.0017]  0
0[0.0025]  1[0.9975]  1
0[1.0000]  1[0.0000]  0
0[0.9928]  1[0.0072]  0
0[1.0000]  1[0.0000]  0
0[0.9476]  1[0.0524]  0
0[0.9999]  1[0.0001]  0
0[0.9988]  1[0.0012]  0
0[0.0097]  1[0.9903]  1
0[0.9975]  1[0.0025]  0
0[1.0000]  1[0.0000]  0
0[0.0002]  1[0.9998]  1
0[0.0003]  1[0.9997]  1
0[0.0576]  1[0.9424]  1
0[0.9776]  1[0.0224]  0
0[0.2002]  1[0.7998]  1
0[0.0278]  1[0.9722]  1
0[1.0000]  1[0.0000]  0
0[0.9976]  1[0.0024]  0
0[0.9881]  1[0.0119]  0
0[0.9990]  1[0.0010]  0
0[0.0050]  1[0.9950]  1
0[0.9989]  1[0.0011]  0
0[0.8573]  1[0.1427]  0
0[1.0000]  1[0.0000]  0
0[0.0304]  1[0.9696]  1
0[0.0073]  1[0.9927]  1
0[0.0025]  1[0.9975]  1
0[1.0000]  1[0.0000]  0
0[0.0033]  1[0.9967]  1
0[0.0142]  1[0.9858]  1
0[1.0000]  1[0.0000]  0
0[0.9980]  1[0.0020]  0
0[0.0305]  1[0.9695]  1
0[1.0000]  1[0.0000]  0
0[0.9231]  1[0.0769]  0
0[1.0000]  1[0.0000]  0
0[0.9985]  1[0.0015]  0
0[0.0685]  1[0.9315]  1
0[0.9582]  1[0.0418]  0
0[0.0159]  1[0.9841]  1
0[0.0975]  1[0.9025]  1
0[1.0000]  1[0.0000]  0
0[0.0002]  1[0.9998]  1
0[0.0118]  1[0.9882]  1
0[1.0000]  1[0.0000]  0
0[0.9982]  1[0.0018]  0
0[0.9372]  1[0.0628]  0
0[0.9636]  1[0.0364]  0
0[1.0000]  1[0.0000]  0
0[0.9999]  1[0.0001]  0
0[0.0142]  1[0.9858]  1
0[0.9232]  1[0.0768]  0
0[0.9274]  1[0.0726]  0
0[0.0202]  1[0.9798]  1
0[0.0042]  1[0.9958]  1
0[0.0040]  1[0.9960]  1
0[0.9998]  1[0.0002]  0
0[0.9991]  1[0.0009]  0
0[1.0000]  1[0.0000]  0
0[0.9999]  1[0.0001]  0
0[0.9979]  1[0.0021]  0
0[0.0003]  1[0.9997]  1
0[0.9992]  1[0.0008]  0
0[0.9998]  1[0.0002]  0
0[0.9619]  1[0.0381]  0
0[0.1218]  1[0.8782]  1
0[0.9952]  1[0.0048]  0
0[0.9999]  1[0.0001]  0
0[0.9805]  1[0.0195]  0
0[0.9980]  1[0.0020]  0
0[0.0218]  1[0.9782]  1
0[0.0064]  1[0.9936]  1
0[1.0000]  1[0.0000]  0
