0[1.0000]  1[0.0000]  0
0[0.9999]  1[0.0001]  0
0[0.0191]  1[0.9809]  1
0[1.0000]  1[0.0000]  0
0[0.9966]  1[0.0034]  0
0[0.9951]  1[0.0049]  0
0[0.9999]  1[0.0001]  0
0[0.0170]  1[0.9830]  1
0[1.0000]  1[0.0000]  0
0[0.0107]  1[0.9893]  1
0[1.0000]  1[0.0000]  0
0[0.9999]  1[0.0001]  0
0[0.9982]  1[0.0018]  0
0[0.0247]  1[0.9753]  1
0[0.8386]  1[0.1614]  0
0[1.0000]  1[0.0000]  0
0[0.0747]  1[0.9253]  1
0[0.0276]  1[0.9724]  1
0[0.0246]  1[0.9754]  1
0[1.0000]  1[0.0000]  0
0[0.9979]  1[0.0021]  0
0[0.9999]  1[0.0001]  0
0[0.9999]  1[0.0001]  0
0[0.9926]  1[0.0074]  0
0[0.9999]  1[0.0001]  0
0[1.0000]  1[0.0000]  0
0[0.9999]  1[0.0001]  0
0[0.4715]  1[0.5285]  1
0[1.0000]  1[0.0000]  0
0[0.0595]  1[0.9405]  1
0[1.0000]  1[0.0000]  0
0[0.9988]  1[0.0012]  0
0[0.9912]  1[0.0088]  0
0[1.0000]  1[0.0000]  0
0[0.9997]  1[0.0003]  0
0[0.0089]  1[0.9911]  1
0[0.9880]  1[0.0120]  0
0[0.1079]  1[0.8921]  1
0[0.7002]  1[0.2998]  0
0[0.9986]  1[0.0014]  0
0[0.9996]  1[0.0004]  0
0[0.9999]  1[0.0001]  0
0[0.9972]  1[0.0028]  0
0[0.0019]  1[0.9981]  1
0[0.9962]  1[0.0038]  0
0[0.1729]  1[0.8271]  1
0[1.0000]  1[0.0000]  0
0[0.9990]  1[0.0010]  0
0[0.9979]  1[0.0021]  0
0[0.9998]  1[0.0002]  0
0[1.0000]  1[0.0000]  0
0[0.9997]  1[0.0003]  0
0[0.0977]  1[0.9023]  1
0[0.9990]  1[0.0010]  0
0[0.9999]  1[0.0001]  0
