0[0.9973]  1[0.0027]  0
0[0.9929]  1[0.0071]  0
0[0.5160]  1[0.4840]  0
0[0.9971]  1[0.0029]  0
0[0.1691]  1[0.8309]  1
0[1.0000]  1[0.0000]  0
0[0.0060]  1[0.9940]  1
0[0.9997]  1[0.0003]  0
0[1.0000]  1[0.0000]  0
0[1.0000]  1[0.0000]  0
0[0.9992]  1[0.0008]  0
0[0.9995]  1[0.0005]  0
0[0.0414]  1[0.9586]  1
0[0.9999]  1[0.0001]  0
0[0.9999]  1[0.0001]  0
0[1.0000]  1[0.0000]  0
0[0.9984]  1[0.0016]  0
0[1.0000]  1[0.0000]  0
0[1.0000]  1[0.0000]  0
0[0.6828]  1[0.3172]  0
0[0.0002]  1[0.9998]  1
0[0.9992]  1[0.0008]  0
0[0.9999]  1[0.0001]  0
0[0.1363]  1[0.8637]  1
0[0.9995]  1[0.0005]  0
0[0.9999]  1[0.0001]  0
0[1.0000]  1[0.0000]  0
0[0.9975]  1[0.0025]  0
0[0.0003]  1[0.9997]  1
0[0.0015]  1[0.9985]  1
0[0.9993]  1[0.0007]  0
0[0.0217]  1[0.9783]  1
0[1.0000]  1[0.0000]  0
0[0.9996]  1[0.0004]  0
0[0.0001]  1[0.9999]  1
0[1.0000]  1[0.0000]  0
0[0.9986]  1[0.0014]  0
0[0.0019]  1[0.9981]  1
0[0.9994]  1[0.0006]  0
0[0.9999]  1[0.0001]  0
0[0.9999]  1[0.0001]  0
0[0.9999]  1[0.0001]  0
0[0.9996]  1[0.0004]  0
0[1.0000]  1[0.0000]  0
0[0.9999]  1[0.0001]  0
0[1.0000]  1[0.0000]  0
