0[0.2002]  1[0.7998]  1
0[0.9999]  1[0.0001]  0
0[0.9922]  1[0.0078]  0
0[0.9979]  1[0.0021]  0
0[0.9944]  1[0.0056]  0
0[0.0027]  1[0.9973]  1
0[1.0000]  1[0.0000]  0
0[1.0000]  1[0.0000]  0
0[0.9995]  1[0.0005]  0
0[0.9992]  1[0.0008]  0
0[0.9953]  1[0.0047]  0
0[0.9999]  1[0.0001]  0
0[0.9803]  1[0.0197]  0
0[0.9999]  1[0.0001]  0
0[1.0000]  1[0.0000]  0
0[0.9999]  1[0.0001]  0
0[0.0025]  1[0.9975]  1
0[0.0075]  1[0.9925]  1
0[0.0249]  1[0.9751]  1
0[0.9976]  1[0.0024]  0
0[1.0000]  1[0.0000]  0
0[0.9996]  1[0.0004]  0
0[1.0000]  1[0.0000]  0
0[0.9454]  1[0.0546]  0
0[0.9998]  1[0.0002]  0
0[0.0097]  1[0.9903]  1
0[1.0000]  1[0.0000]  0
0[0.9999]  1[0.0001]  0
0[0.7826]  1[0.2174]  0
0[0.9930]  1[0.0070]  0
0[0.9979]  1[0.0021]  0
0[0.9996]  1[0.0004]  0
0[0.9999]  1[0.0001]  0
0[0.9312]  1[0.0688]  0
0[0.0216]  1[0.9784]  1
0[0.9996]  1[0.0004]  0
0[0.9946]  1[0.0054]  0
0[1.0000]  1[0.0000]  0
0[0.0004]  1[0.9996]  1
0[0.0010]  1[0.9990]  1
0[0.9996]  1[0.0004]  0
0[0.9996]  1[0.0004]  0
0[0.2733]  1[0.7267]  1
0[0.0001]  1[0.9999]  1
0[0.9999]  1[0.0001]  0
