0[0.0068]  1[0.9932]  1
0[1.0000]  1[0.0000]  0
0[1.0000]  1[0.0000]  0
0[0.9958]  1[0.0042]  0
0[0.0080]  1[0.9920]  1
0[0.9998]  1[0.0002]  0
0[0.0533]  1[0.9467]  1
0[1.0000]  1[0.0000]  0
0[1.0000]  1[0.0000]  0
0[1.0000]  1[0.0000]  0
0[1.0000]  1[0.0000]  0
0[0.0008]  1[0.9992]  1
0[0.9961]  1[0.0039]  0
0[0.9996]  1[0.0004]  0
0[1.0000]  1[0.0000]  0
0[0.0033]  1[0.9967]  1
0[0.1021]  1[0.8979]  1
0[1.0000]  1[0.0000]  0
0[0.9988]  1[0.0012]  0
0[0.0392]  1[0.9608]  1
0[0.9985]  1[0.0015]  0
