0[0.8958]  1[0.1042]  0
0[1.0000]  1[0.0000]  0
0[0.9999]  1[0.0001]  0
0[1.0000]  1[0.0000]  0
0[0.0006]  1[0.9994]  1
0[0.9981]  1[0.0019]  0
0[0.9996]  1[0.0004]  0
0[0.0098]  1[0.9902]  1
0[1.0000]  1[0.0000]  0
0[0.9574]  1[0.0426]  0
0[0.9968]  1[0.0032]  0
0[1.0000]  1[0.0000]  0
0[0.9995]  1[0.0005]  0
0[0.9999]  1[0.0001]  0
0[0.9923]  1[0.0077]  0
0[0.0024]  1[0.9976]  1
0[0.0592]  1[0.9408]  1
0[0.9997]  1[0.0003]  0
0[0.9999]  1[0.0001]  0
0[0.9956]  1[0.0044]  0
0[0.9989]  1[0.0011]  0
0[0.9999]  1[0.0001]  0
0[0.9852]  1[0.0148]  0
0[0.0089]  1[0.9911]  1
0[0.0156]  1[0.9844]  1
0[0.7103]  1[0.2897]  0
0[0.8200]  1[0.1800]  0
0[0.9995]  1[0.0005]  0
0[0.0001]  1[0.9999]  1
0[0.9999]  1[0.0001]  0
0[0.9979]  1[0.0021]  0
0[0.9985]  1[0.0015]  0
