0[0.9995]  1[0.0005]  0
0[0.9979]  1[0.0021]  0
0[0.9999]  1[0.0001]  0
0[0.0045]  1[0.9955]  1
0[0.4085]  1[0.5915]  1
0[0.9991]  1[0.0009]  0
0[0.9982]  1[0.0018]  0
0[0.0165]  1[0.9835]  1
0[1.0000]  1[0.0000]  0
0[0.0020]  1[0.9980]  1
0[0.9966]  1[0.0034]  0
0[0.9969]  1[0.0031]  0
0[0.9965]  1[0.0035]  0
0[0.9966]  1[0.0034]  0
0[0.0008]  1[0.9992]  1
0[0.9999]  1[0.0001]  0
0[0.9580]  1[0.0420]  0
0[0.9992]  1[0.0008]  0
0[0.9994]  1[0.0006]  0
0[0.9999]  1[0.0001]  0
0[0.9964]  1[0.0036]  0
0[1.0000]  1[0.0000]  0
0[1.0000]  1[0.0000]  0
0[0.9995]  1[0.0005]  0
0[1.0000]  1[0.0000]  0
0[1.0000]  1[0.0000]  0
0[1.0000]  1[0.0000]  0
0[0.0003]  1[0.9997]  1
0[0.9989]  1[0.0011]  0
0[0.9969]  1[0.0031]  0
0[0.0005]  1[0.9995]  1
0[0.9989]  1[0.0011]  0
0[1.0000]  1[0.0000]  0
0[0.7262]  1[0.2738]  0
0[1.0000]  1[0.0000]  0
0[1.0000]  1[0.0000]  0
0[0.0114]  1[0.9886]  1
0[0.0064]  1[0.9936]  1
0[1.0000]  1[0.0000]  0
0[0.9999]  1[0.0001]  0
0[0.6788]  1[0.3212]  0
0[0.0001]  1[0.9999]  1
0[0.0021]  1[0.9979]  1
0[0.9987]  1[0.0013]  0
0[0.6085]  1[0.3915]  0
0[0.9995]  1[0.0005]  0
0[0.9971]  1[0.0029]  0
0[0.9955]  1[0.0045]  0
0[0.9994]  1[0.0006]  0
0[0.0446]  1[0.9554]  1
0[0.0040]  1[0.9960]  1
0[1.0000]  1[0.0000]  0
0[0.9836]  1[0.0164]  0
0[0.5811]  1[0.4189]  0
0[0.4109]  1[0.5891]  1
0[0.9999]  1[0.0001]  0
0[0.9765]  1[0.0235]  0
0[0.0010]  1[0.9990]  1
0[0.1356]  1[0.8644]  1
0[0.0060]  1[0.9940]  1
0[0.3121]  1[0.6879]  1
0[0.9801]  1[0.0199]  0
0[0.9999]  1[0.0001]  0
0[0.9966]  1[0.0034]  0
0[0.1806]  1[0.8194]  1
0[0.9964]  1[0.0036]  0
0[0.3348]  1[0.6652]  1
0[0.9816]  1[0.0184]  0
0[0.9965]  1[0.0035]  0
