0[0.9998]  1[0.0002]  0
0[0.0024]  1[0.9976]  1
0[1.0000]  1[0.0000]  0
0[0.3661]  1[0.6339]  1
0[1.0000]  1[0.0000]  0
0[0.9995]  1[0.0005]  0
0[0.0211]  1[0.9789]  1
0[0.0330]  1[0.9670]  1
0[0.3137]  1[0.6863]  1
0[0.0135]  1[0.9865]  1
0[0.0089]  1[0.9911]  1
0[0.9999]  1[0.0001]  0
0[0.9995]  1[0.0005]  0
0[0.0002]  1[0.9998]  1
0[0.9996]  1[0.0004]  0
0[1.0000]  1[0.0000]  0
0[0.3319]  1[0.6681]  1
0[0.1909]  1[0.8091]  1
0[1.0000]  1[0.0000]  0
0[0.9989]  1[0.0011]  0
0[0.9995]  1[0.0005]  0
0[0.9993]  1[0.0007]  0
0[0.9999]  1[0.0001]  0
0[1.0000]  1[0.0000]  0
0[0.9995]  1[0.0005]  0
0[0.0105]  1[0.9895]  1
0[0.0738]  1[0.9262]  1
0[0.9984]  1[0.0016]  0
0[1.0000]  1[0.0000]  0
0[0.0074]  1[0.9926]  1
0[1.0000]  1[0.0000]  0
0[1.0000]  1[0.0000]  0
0[0.0731]  1[0.9269]  1
0[0.9838]  1[0.0162]  0
0[0.1957]  1[0.8043]  1
0[0.9166]  1[0.0834]  0
0[0.9986]  1[0.0014]  0
