0[0.0096]  1[0.9904]  1
0[0.9956]  1[0.0044]  0
0[1.0000]  1[0.0000]  0
0[0.9974]  1[0.0026]  0
0[0.9996]  1[0.0004]  0
0[0.9998]  1[0.0002]  0
0[0.9975]  1[0.0025]  0
0[0.9999]  1[0.0001]  0
0[0.2219]  1[0.7781]  1
0[1.0000]  1[0.0000]  0
0[0.9999]  1[0.0001]  0
0[0.9886]  1[0.0114]  0
0[0.9983]  1[0.0017]  0
0[0.9920]  1[0.0080]  0
0[0.5487]  1[0.4513]  0
0[0.9947]  1[0.0053]  0
0[1.0000]  1[0.0000]  0
0[0.9891]  1[0.0109]  0
0[0.8819]  1[0.1181]  0
0[0.0055]  1[0.9945]  1
0[1.0000]  1[0.0000]  0
0[0.9945]  1[0.0055]  0
0[1.0000]  1[0.0000]  0
0[0.0891]  1[0.9109]  1
0[0.9995]  1[0.0005]  0
0[1.0000]  1[0.0000]  0
0[0.9997]  1[0.0003]  0
0[0.9946]  1[0.0054]  0
0[1.0000]  1[0.0000]  0
0[0.0000]  1[1.0000]  1
0[0.0028]  1[0.9972]  1
0[0.0802]  1[0.9198]  1
0[0.9997]  1[0.0003]  0
0[0.9874]  1[0.0126]  0
0[1.0000]  1[0.0000]  0
0[0.9955]  1[0.0045]  0
0[0.9988]  1[0.0012]  0
0[0.9935]  1[0.0065]  0
0[0.9994]  1[0.0006]  0
0[0.0116]  1[0.9884]  1
0[0.9997]  1[0.0003]  0
0[0.9974]  1[0.0026]  0
0[0.9997]  1[0.0003]  0
0[0.9999]  1[0.0001]  0
0[0.9999]  1[0.0001]  0
0[1.0000]  1[0.0000]  0
0[0.9983]  1[0.0017]  0
0[0.0203]  1[0.9797]  1
0[1.0000]  1[0.0000]  0
0[0.0007]  1[0.9993]  1
0[0.9997]  1[0.0003]  0
0[0.9659]  1[0.0341]  0
0[0.9999]  1[0.0001]  0
0[0.9999]  1[0.0001]  0
0[0.9999]  1[0.0001]  0
0[0.9999]  1[0.0001]  0
0[0.0574]  1[0.9426]  1
0[1.0000]  1[0.0000]  0
0[0.9992]  1[0.0008]  0
0[0.9999]  1[0.0001]  0
0[0.9978]  1[0.0022]  0
0[0.0599]  1[0.9401]  1
0[0.9998]  1[0.0002]  0
0[0.9998]  1[0.0002]  0
0[1.0000]  1[0.0000]  0
0[0.9782]  1[0.0218]  0
0[0.5176]  1[0.4824]  0
0[1.0000]  1[0.0000]  0
0[0.9989]  1[0.0011]  0
0[0.0025]  1[0.9975]  1
0[0.9984]  1[0.0016]  0
0[0.0025]  1[0.9975]  1
0[0.0092]  1[0.9908]  1
0[1.0000]  1[0.0000]  0
0[1.0000]  1[0.0000]  0
0[0.3058]  1[0.6942]  1
0[0.9504]  1[0.0496]  0
0[0.1964]  1[0.8036]  1
0[0.7505]  1[0.2495]  0
0[1.0000]  1[0.0000]  0
0[0.0126]  1[0.9874]  1
0[0.9999]  1[0.0001]  0
