0[0.5193]  1[0.4807]  0
0[1.0000]  1[0.0000]  0
0[0.9997]  1[0.0003]  0
0[0.9962]  1[0.0038]  0
0[0.0033]  1[0.9967]  1
0[0.9985]  1[0.0015]  0
0[0.9999]  1[0.0001]  0
0[1.0000]  1[0.0000]  0
0[0.0060]  1[0.9940]  1
0[0.0146]  1[0.9854]  1
0[0.9986]  1[0.0014]  0
0[0.9811]  1[0.0189]  0
0[0.0016]  1[0.9984]  1
0[0.8311]  1[0.1689]  0
0[0.0008]  1[0.9992]  1
0[1.0000]  1[0.0000]  0
0[0.9738]  1[0.0262]  0
0[0.0027]  1[0.9973]  1
0[0.0095]  1[0.9905]  1
0[1.0000]  1[0.0000]  0
0[0.9965]  1[0.0035]  0
0[1.0000]  1[0.0000]  0
0[0.9621]  1[0.0379]  0
