0[0.9938]  1[0.0062]  0
0[0.0135]  1[0.9865]  1
0[1.0000]  1[0.0000]  0
0[0.9457]  1[0.0543]  0
0[0.0296]  1[0.9704]  1
0[0.0182]  1[0.9818]  1
0[0.9964]  1[0.0036]  0
0[0.9985]  1[0.0015]  0
0[0.9864]  1[0.0136]  0
0[0.9927]  1[0.0073]  0
0[0.0004]  1[0.9996]  1
0[1.0000]  1[0.0000]  0
0[0.9989]  1[0.0011]  0
0[0.9958]  1[0.0042]  0
0[0.9924]  1[0.0076]  0
0[0.9999]  1[0.0001]  0
0[0.0008]  1[0.9992]  1
0[0.0157]  1[0.9843]  1
0[0.9457]  1[0.0543]  0
0[0.0093]  1[0.9907]  1
0[0.9973]  1[0.0027]  0
0[0.2449]  1[0.7551]  1
0[0.0008]  1[0.9992]  1
0[0.9981]  1[0.0019]  0
0[0.0001]  1[0.9999]  1
0[1.0000]  1[0.0000]  0
0[0.9967]  1[0.0033]  0
0[0.9999]  1[0.0001]  0
0[0.0236]  1[0.9764]  1
0[1.0000]  1[0.0000]  0
0[1.0000]  1[0.0000]  0
0[0.8874]  1[0.1126]  0
0[0.0010]  1[0.9990]  1
0[0.9445]  1[0.0555]  0
0[0.9985]  1[0.0015]  0
0[0.9978]  1[0.0022]  0
0[0.0160]  1[0.9840]  1
0[0.0153]  1[0.9847]  1
0[0.9998]  1[0.0002]  0
0[1.0000]  1[0.0000]  0
0[1.0000]  1[0.0000]  0
0[1.0000]  1[0.0000]  0
0[0.9999]  1[0.0001]  0
0[0.0081]  1[0.9919]  1
0[0.9997]  1[0.0003]  0
0[0.9999]  1[0.0001]  0
0[0.9981]  1[0.0019]  0
0[1.0000]  1[0.0000]  0
0[0.0128]  1[0.9872]  1
0[0.9877]  1[0.0123]  0
0[0.0037]  1[0.9963]  1
0[0.9965]  1[0.0035]  0
0[0.9995]  1[0.0005]  0
0[0.9985]  1[0.0015]  0
0[0.9844]  1[0.0156]  0
0[0.1226]  1[0.8774]  1
0[0.0010]  1[0.9990]  1
0[0.9795]  1[0.0205]  0
0[0.9999]  1[0.0001]  0
0[0.5693]  1[0.4307]  0
0[0.1295]  1[0.8705]  1
0[0.0225]  1[0.9775]  1
0[0.0289]  1[0.9711]  1
0[0.9983]  1[0.0017]  0
0[0.9988]  1[0.0012]  0
0[0.0003]  1[0.9997]  1
0[0.0050]  1[0.9950]  1
0[0.9955]  1[0.0045]  0
0[0.0093]  1[0.9907]  1
0[0.0003]  1[0.9997]  1
0[1.0000]  1[0.0000]  0
0[0.0003]  1[0.9997]  1
0[0.9890]  1[0.0110]  0
0[0.9998]  1[0.0002]  0
0[1.0000]  1[0.0000]  0
0[0.9996]  1[0.0004]  0
0[0.0138]  1[0.9862]  1
0[0.9999]  1[0.0001]  0
0[1.0000]  1[0.0000]  0
0[0.9286]  1[0.0714]  0
0[0.9999]  1[0.0001]  0
0[0.9995]  1[0.0005]  0
0[1.0000]  1[0.0000]  0
0[0.0207]  1[0.9793]  1
0[0.9902]  1[0.0098]  0
0[0.6011]  1[0.3989]  0
0[0.9999]  1[0.0001]  0
0[0.9340]  1[0.0660]  0
0[1.0000]  1[0.0000]  0
0[0.9995]  1[0.0005]  0
0[0.9996]  1[0.0004]  0
0[0.9999]  1[0.0001]  0
0[0.0110]  1[0.9890]  1
0[0.7963]  1[0.2037]  0
0[0.9909]  1[0.0091]  0
0[0.1097]  1[0.8903]  1
0[1.0000]  1[0.0000]  0
0[0.9957]  1[0.0043]  0
0[0.0170]  1[0.9830]  1
0[0.1776]  1[0.8224]  1
0[0.9994]  1[0.0006]  0
0[0.9973]  1[0.0027]  0
0[0.0080]  1[0.9920]  1
0[0.9955]  1[0.0045]  0
0[1.0000]  1[0.0000]  0
0[0.0193]  1[0.9807]  1
0[1.0000]  1[0.0000]  0
0[0.9999]  1[0.0001]  0
0[0.9999]  1[0.0001]  0
0[0.9979]  1[0.0021]  0
0[0.9999]  1[0.0001]  0
0[0.0040]  1[0.9960]  1
0[1.0000]  1[0.0000]  0
0[0.0003]  1[0.9997]  1
0[0.9997]  1[0.0003]  0
0[1.0000]  1[0.0000]  0
0[1.0000]  1[0.0000]  0
0[1.0000]  1[0.0000]  0
