0[1.0000]  1[0.0000]  0
0[0.9999]  1[0.0001]  0
0[0.9837]  1[0.0163]  0
0[1.0000]  1[0.0000]  0
0[0.9998]  1[0.0002]  0
0[0.8287]  1[0.1713]  0
0[0.0161]  1[0.9839]  1
0[0.9960]  1[0.0040]  0
0[0.0161]  1[0.9839]  1
0[1.0000]  1[0.0000]  0
0[0.0002]  1[0.9998]  1
0[0.9440]  1[0.0560]  0
0[1.0000]  1[0.0000]  0
0[0.9999]  1[0.0001]  0
0[0.9925]  1[0.0075]  0
0[1.0000]  1[0.0000]  0
0[1.0000]  1[0.0000]  0
0[0.0037]  1[0.9963]  1
0[0.9985]  1[0.0015]  0
0[0.9953]  1[0.0047]  0
0[0.0209]  1[0.9791]  1
0[1.0000]  1[0.0000]  0
0[0.9996]  1[0.0004]  0
0[0.9999]  1[0.0001]  0
0[1.0000]  1[0.0000]  0
0[1.0000]  1[0.0000]  0
0[0.9998]  1[0.0002]  0
0[0.0110]  1[0.9890]  1
0[0.0023]  1[0.9977]  1
0[0.9346]  1[0.0654]  0
0[1.0000]  1[0.0000]  0
0[0.9996]  1[0.0004]  0
0[1.0000]  1[0.0000]  0
0[0.0001]  1[0.9999]  1
0[0.0106]  1[0.9894]  1
0[0.9984]  1[0.0016]  0
0[0.9598]  1[0.0402]  0
0[0.9999]  1[0.0001]  0
0[0.0154]  1[0.9846]  1
0[0.9994]  1[0.0006]  0
0[0.9956]  1[0.0044]  0
0[1.0000]  1[0.0000]  0
0[1.0000]  1[0.0000]  0
0[0.9998]  1[0.0002]  0
0[0.9999]  1[0.0001]  0
0[0.9999]  1[0.0001]  0
0[0.9884]  1[0.0116]  0
0[1.0000]  1[0.0000]  0
0[0.9999]  1[0.0001]  0
0[0.7488]  1[0.2512]  0
