0[0.9975]  1[0.0025]  0
0[0.9568]  1[0.0432]  0
0[1.0000]  1[0.0000]  0
0[0.9971]  1[0.0029]  0
0[0.9999]  1[0.0001]  0
0[0.9999]  1[0.0001]  0
0[0.0001]  1[0.9999]  1
0[0.0023]  1[0.9977]  1
0[0.9989]  1[0.0011]  0
0[0.0002]  1[0.9998]  1
0[0.9999]  1[0.0001]  0
0[0.0116]  1[0.9884]  1
0[0.0106]  1[0.9894]  1
0[0.9998]  1[0.0002]  0
0[0.9999]  1[0.0001]  0
0[0.0022]  1[0.9978]  1
0[1.0000]  1[0.0000]  0
0[1.0000]  1[0.0000]  0
0[0.0019]  1[0.9981]  1
0[0.0156]  1[0.9844]  1
0[0.9836]  1[0.0164]  0
0[0.0073]  1[0.9927]  1
0[0.0022]  1[0.9978]  1
0[0.0686]  1[0.9314]  1
0[0.9991]  1[0.0009]  0
0[0.9973]  1[0.0027]  0
0[0.9981]  1[0.0019]  0
0[0.9970]  1[0.0030]  0
0[0.0008]  1[0.9992]  1
0[0.9999]  1[0.0001]  0
0[0.9167]  1[0.0833]  0
0[0.9999]  1[0.0001]  0
0[0.9957]  1[0.0043]  0
0[0.0099]  1[0.9901]  1
0[0.9973]  1[0.0027]  0
0[0.9999]  1[0.0001]  0
0[0.0082]  1[0.9918]  1
0[0.9528]  1[0.0472]  0
0[0.9981]  1[0.0019]  0
0[0.9982]  1[0.0018]  0
0[0.0133]  1[0.9867]  1
0[1.0000]  1[0.0000]  0
0[1.0000]  1[0.0000]  0
0[0.0081]  1[0.9919]  1
0[0.9999]  1[0.0001]  0
0[0.9999]  1[0.0001]  0
0[0.1924]  1[0.8076]  1
0[0.2096]  1[0.7904]  1
0[0.9995]  1[0.0005]  0
0[0.9989]  1[0.0011]  0
0[0.9962]  1[0.0038]  0
0[0.9974]  1[0.0026]  0
0[1.0000]  1[0.0000]  0
0[0.0133]  1[0.9867]  1
0[0.0561]  1[0.9439]  1
0[0.9977]  1[0.0023]  0
0[0.0062]  1[0.9938]  1
0[0.9999]  1[0.0001]  0
0[0.8743]  1[0.1257]  0
0[0.9987]  1[0.0013]  0
0[0.9999]  1[0.0001]  0
0[0.0104]  1[0.9896]  1
0[0.0344]  1[0.9656]  1
0[0.0126]  1[0.9874]  1
0[0.9998]  1[0.0002]  0
0[0.0516]  1[0.9484]  1
0[0.0027]  1[0.9973]  1
0[1.0000]  1[0.0000]  0
0[0.0036]  1[0.9964]  1
0[1.0000]  1[0.0000]  0
0[1.0000]  1[0.0000]  0
0[0.9994]  1[0.0006]  0
0[0.9988]  1[0.0012]  0
0[1.0000]  1[0.0000]  0
0[0.0927]  1[0.9073]  1
0[1.0000]  1[0.0000]  0
0[0.7609]  1[0.2391]  0
0[0.0235]  1[0.9765]  1
0[0.0022]  1[0.9978]  1
0[0.9983]  1[0.0017]  0
0[0.9993]  1[0.0007]  0
0[0.9740]  1[0.0260]  0
0[0.9993]  1[0.0007]  0
0[0.9999]  1[0.0001]  0
0[0.9999]  1[0.0001]  0
0[0.9972]  1[0.0028]  0
0[0.9999]  1[0.0001]  0
