0[0.3626]  1[0.6374]  1
0[0.9998]  1[0.0002]  0
0[0.9994]  1[0.0006]  0
0[0.9998]  1[0.0002]  0
0[1.0000]  1[0.0000]  0
0[0.2118]  1[0.7882]  1
0[0.0023]  1[0.9977]  1
0[0.0021]  1[0.9979]  1
0[1.0000]  1[0.0000]  0
0[0.9998]  1[0.0002]  0
0[0.0022]  1[0.9978]  1
0[0.1127]  1[0.8873]  1
0[0.0673]  1[0.9327]  1
0[0.9999]  1[0.0001]  0
0[0.9968]  1[0.0032]  0
0[0.9998]  1[0.0002]  0
0[0.0075]  1[0.9925]  1
0[0.9998]  1[0.0002]  0
0[1.0000]  1[0.0000]  0
0[0.0021]  1[0.9979]  1
0[1.0000]  1[0.0000]  0
0[0.0803]  1[0.9197]  1
0[0.9933]  1[0.0067]  0
0[0.9509]  1[0.0491]  0
0[0.9962]  1[0.0038]  0
0[0.9951]  1[0.0049]  0
0[0.9977]  1[0.0023]  0
0[0.0102]  1[0.9898]  1
0[0.9999]  1[0.0001]  0
0[0.9999]  1[0.0001]  0
0[0.0044]  1[0.9956]  1
0[0.2236]  1[0.7764]  1
0[0.9762]  1[0.0238]  0
0[0.0066]  1[0.9934]  1
0[0.0090]  1[0.9910]  1
0[0.0008]  1[0.9992]  1
0[0.9990]  1[0.0010]  0
0[0.9996]  1[0.0004]  0
0[0.3220]  1[0.6780]  1
0[0.9992]  1[0.0008]  0
0[0.9996]  1[0.0004]  0
0[0.9999]  1[0.0001]  0
0[1.0000]  1[0.0000]  0
0[0.6927]  1[0.3073]  0
0[0.0079]  1[0.9921]  1
0[0.9968]  1[0.0032]  0
0[0.0748]  1[0.9252]  1
0[0.9999]  1[0.0001]  0
0[0.0283]  1[0.9717]  1
0[1.0000]  1[0.0000]  0
0[0.1526]  1[0.8474]  1
0[0.9999]  1[0.0001]  0
0[0.9826]  1[0.0174]  0
0[0.0393]  1[0.9607]  1
0[0.9999]  1[0.0001]  0
0[0.0816]  1[0.9184]  1
0[0.0112]  1[0.9888]  1
0[0.9968]  1[0.0032]  0
0[0.9993]  1[0.0007]  0
0[1.0000]  1[0.0000]  0
0[0.8229]  1[0.1771]  0
0[0.0183]  1[0.9817]  1
0[0.0101]  1[0.9899]  1
0[0.0160]  1[0.9840]  1
0[0.9646]  1[0.0354]  0
0[1.0000]  1[0.0000]  0
0[0.0001]  1[0.9999]  1
0[1.0000]  1[0.0000]  0
0[0.9999]  1[0.0001]  0
0[0.9999]  1[0.0001]  0
0[0.9625]  1[0.0375]  0
0[0.0856]  1[0.9144]  1
0[0.0009]  1[0.9991]  1
0[0.1499]  1[0.8501]  1
0[0.0068]  1[0.9932]  1
0[0.0002]  1[0.9998]  1
0[0.0535]  1[0.9465]  1
0[0.0094]  1[0.9906]  1
0[1.0000]  1[0.0000]  0
0[0.0020]  1[0.9980]  1
0[0.9307]  1[0.0693]  0
0[0.9987]  1[0.0013]  0
0[0.9998]  1[0.0002]  0
0[0.2643]  1[0.7357]  1
0[0.9982]  1[0.0018]  0
0[0.0009]  1[0.9991]  1
0[0.9999]  1[0.0001]  0
0[0.0048]  1[0.9952]  1
0[1.0000]  1[0.0000]  0
0[0.0037]  1[0.9963]  1
0[0.0177]  1[0.9823]  1
0[0.0000]  1[1.0000]  1
0[0.0102]  1[0.9898]  1
0[0.9974]  1[0.0026]  0
0[0.0116]  1[0.9884]  1
0[0.9999]  1[0.0001]  0
0[0.9872]  1[0.0128]  0
0[0.4929]  1[0.5071]  1
