0[0.7953]  1[0.2047]  0
0[0.9930]  1[0.0070]  0
0[0.9990]  1[0.0010]  0
0[0.7693]  1[0.2307]  0
0[0.9827]  1[0.0173]  0
0[0.0448]  1[0.9552]  1
0[0.9919]  1[0.0081]  0
0[0.9996]  1[0.0004]  0
0[0.9997]  1[0.0003]  0
0[0.0019]  1[0.9981]  1
0[1.0000]  1[0.0000]  0
0[1.0000]  1[0.0000]  0
0[0.0146]  1[0.9854]  1
0[0.0156]  1[0.9844]  1
0[0.0004]  1[0.9996]  1
0[0.9995]  1[0.0005]  0
0[0.6846]  1[0.3154]  0
0[0.0091]  1[0.9909]  1
0[0.9969]  1[0.0031]  0
0[0.9990]  1[0.0010]  0
0[0.9974]  1[0.0026]  0
0[1.0000]  1[0.0000]  0
0[0.9993]  1[0.0007]  0
0[0.9802]  1[0.0198]  0
0[0.0009]  1[0.9991]  1
0[1.0000]  1[0.0000]  0
0[0.0000]  1[1.0000]  1
0[1.0000]  1[0.0000]  0
0[0.9999]  1[0.0001]  0
0[0.0091]  1[0.9909]  1
0[0.9999]  1[0.0001]  0
0[0.9983]  1[0.0017]  0
0[0.4296]  1[0.5704]  1
0[0.0499]  1[0.9501]  1
0[0.0000]  1[1.0000]  1
0[0.0263]  1[0.9737]  1
0[0.0320]  1[0.9680]  1
0[0.9973]  1[0.0027]  0
0[0.9995]  1[0.0005]  0
0[0.3790]  1[0.6210]  1
0[0.9987]  1[0.0013]  0
0[0.0329]  1[0.9671]  1
0[0.2574]  1[0.7426]  1
0[0.0175]  1[0.9825]  1
0[0.9958]  1[0.0042]  0
0[0.9999]  1[0.0001]  0
0[0.0329]  1[0.9671]  1
0[0.0231]  1[0.9769]  1
0[0.0251]  1[0.9749]  1
0[0.0090]  1[0.9910]  1
0[0.4270]  1[0.5730]  1
0[0.9999]  1[0.0001]  0
0[0.9955]  1[0.0045]  0
0[0.9968]  1[0.0032]  0
0[0.9987]  1[0.0013]  0
0[0.9971]  1[0.0029]  0
0[0.0551]  1[0.9449]  1
0[1.0000]  1[0.0000]  0
0[0.9923]  1[0.0077]  0
0[0.9998]  1[0.0002]  0
0[0.9963]  1[0.0037]  0
0[0.0008]  1[0.9992]  1
0[0.9977]  1[0.0023]  0
0[0.9971]  1[0.0029]  0
0[0.9970]  1[0.0030]  0
0[0.9541]  1[0.0459]  0
0[0.0200]  1[0.9800]  1
0[0.0328]  1[0.9672]  1
0[0.0038]  1[0.9962]  1
0[0.2655]  1[0.7345]  1
0[0.0073]  1[0.9927]  1
0[0.9994]  1[0.0006]  0
0[0.9995]  1[0.0005]  0
0[0.9826]  1[0.0174]  0
0[0.9058]  1[0.0942]  0
0[0.9998]  1[0.0002]  0
0[0.9982]  1[0.0018]  0
0[0.0220]  1[0.9780]  1
0[0.9938]  1[0.0062]  0
0[0.0092]  1[0.9908]  1
0[0.9994]  1[0.0006]  0
0[0.9996]  1[0.0004]  0
0[0.0025]  1[0.9975]  1
