0[0.9999]  1[0.0001]  0
0[0.8150]  1[0.1850]  0
0[1.0000]  1[0.0000]  0
0[0.0001]  1[0.9999]  1
0[0.4262]  1[0.5738]  1
0[0.0121]  1[0.9879]  1
0[0.0075]  1[0.9925]  1
0[0.9999]  1[0.0001]  0
0[0.9977]  1[0.0023]  0
0[0.9850]  1[0.0150]  0
0[0.9991]  1[0.0009]  0
0[0.0261]  1[0.9739]  1
0[0.9999]  1[0.0001]  0
0[0.0044]  1[0.9956]  1
0[0.0010]  1[0.9990]  1
0[0.9998]  1[0.0002]  0
0[0.0002]  1[0.9998]  1
0[0.0298]  1[0.9702]  1
0[0.0764]  1[0.9236]  1
0[0.9979]  1[0.0021]  0
0[0.6985]  1[0.3015]  0
0[0.9999]  1[0.0001]  0
0[0.6842]  1[0.3158]  0
0[0.0073]  1[0.9927]  1
0[0.0294]  1[0.9706]  1
0[0.0027]  1[0.9973]  1
0[0.9990]  1[0.0010]  0
0[1.0000]  1[0.0000]  0
0[0.0081]  1[0.9919]  1
0[1.0000]  1[0.0000]  0
0[0.9987]  1[0.0013]  0
0[0.9968]  1[0.0032]  0
0[0.9995]  1[0.0005]  0
0[0.0136]  1[0.9864]  1
0[0.9999]  1[0.0001]  0
0[0.9995]  1[0.0005]  0
0[1.0000]  1[0.0000]  0
0[0.9979]  1[0.0021]  0
0[1.0000]  1[0.0000]  0
0[0.0002]  1[0.9998]  1
0[0.9766]  1[0.0234]  0
0[0.0599]  1[0.9401]  1
0[0.2961]  1[0.7039]  1
0[0.0349]  1[0.9651]  1
0[0.9999]  1[0.0001]  0
0[0.0078]  1[0.9922]  1
0[0.9999]  1[0.0001]  0
0[0.0002]  1[0.9998]  1
0[0.9900]  1[0.0100]  0
0[1.0000]  1[0.0000]  0
0[0.9981]  1[0.0019]  0
0[0.0722]  1[0.9278]  1
0[0.3029]  1[0.6971]  1
0[0.0059]  1[0.9941]  1
0[0.9982]  1[0.0018]  0
0[0.0144]  1[0.9856]  1
0[1.0000]  1[0.0000]  0
0[0.0208]  1[0.9792]  1
0[0.0050]  1[0.9950]  1
0[1.0000]  1[0.0000]  0
0[0.0073]  1[0.9927]  1
0[0.0044]  1[0.9956]  1
0[1.0000]  1[0.0000]  0
0[0.0066]  1[0.9934]  1
0[0.9893]  1[0.0107]  0
0[0.9991]  1[0.0009]  0
0[0.9981]  1[0.0019]  0
0[0.0075]  1[0.9925]  1
0[1.0000]  1[0.0000]  0
0[0.0107]  1[0.9893]  1
0[0.0002]  1[0.9998]  1
0[0.9999]  1[0.0001]  0
0[0.9999]  1[0.0001]  0
0[0.9996]  1[0.0004]  0
0[1.0000]  1[0.0000]  0
0[1.0000]  1[0.0000]  0
0[1.0000]  1[0.0000]  0
0[1.0000]  1[0.0000]  0
0[0.9988]  1[0.0012]  0
0[1.0000]  1[0.0000]  0
0[0.0042]  1[0.9958]  1
0[0.0006]  1[0.9994]  1
0[0.9975]  1[0.0025]  0
0[0.9996]  1[0.0004]  0
