0[0.0233]  1[0.9767]  1
0[0.9997]  1[0.0003]  0
0[0.9999]  1[0.0001]  0
0[0.9715]  1[0.0285]  0
0[0.9991]  1[0.0009]  0
0[0.0514]  1[0.9486]  1
0[1.0000]  1[0.0000]  0
0[0.2227]  1[0.7773]  1
0[0.9985]  1[0.0015]  0
0[0.1226]  1[0.8774]  1
0[0.9996]  1[0.0004]  0
0[0.9998]  1[0.0002]  0
0[0.9996]  1[0.0004]  0
0[1.0000]  1[0.0000]  0
0[1.0000]  1[0.0000]  0
0[0.0125]  1[0.9875]  1
0[0.9991]  1[0.0009]  0
0[0.9977]  1[0.0023]  0
0[0.0255]  1[0.9745]  1
0[0.0296]  1[0.9704]  1
0[0.4525]  1[0.5475]  1
0[0.9955]  1[0.0045]  0
0[0.6865]  1[0.3135]  0
0[0.0003]  1[0.9997]  1
0[0.0125]  1[0.9875]  1
0[0.9525]  1[0.0475]  0
0[0.9982]  1[0.0018]  0
0[0.9999]  1[0.0001]  0
0[0.9999]  1[0.0001]  0
0[0.9990]  1[0.0010]  0
0[0.9996]  1[0.0004]  0
0[0.9998]  1[0.0002]  0
0[0.9932]  1[0.0068]  0
0[1.0000]  1[0.0000]  0
0[0.0838]  1[0.9162]  1
0[0.9982]  1[0.0018]  0
0[0.9956]  1[0.0044]  0
0[1.0000]  1[0.0000]  0
0[0.0001]  1[0.9999]  1
0[0.9893]  1[0.0107]  0
0[0.0071]  1[0.9929]  1
0[0.9996]  1[0.0004]  0
0[0.9999]  1[0.0001]  0
0[0.9999]  1[0.0001]  0
0[1.0000]  1[0.0000]  0
0[0.9987]  1[0.0013]  0
0[0.9999]  1[0.0001]  0
0[0.9999]  1[0.0001]  0
0[0.6830]  1[0.3170]  0
0[0.9999]  1[0.0001]  0
0[0.0440]  1[0.9560]  1
0[0.9921]  1[0.0079]  0
0[0.9999]  1[0.0001]  0
