0[0.0557]  1[0.9443]  1
0[1.0000]  1[0.0000]  0
0[0.0188]  1[0.9812]  1
0[0.0286]  1[0.9714]  1
0[0.0326]  1[0.9674]  1
0[0.9962]  1[0.0038]  0
0[0.9929]  1[0.0071]  0
0[0.0375]  1[0.9625]  1
0[0.0687]  1[0.9313]  1
0[0.0044]  1[0.9956]  1
0[0.0008]  1[0.9992]  1
0[0.0085]  1[0.9915]  1
0[0.9999]  1[0.0001]  0
0[0.3945]  1[0.6055]  1
0[0.0649]  1[0.9351]  1
0[0.0143]  1[0.9857]  1
0[0.9975]  1[0.0025]  0
0[0.0000]  1[1.0000]  1
0[1.0000]  1[0.0000]  0
0[0.0010]  1[0.9990]  1
0[0.7455]  1[0.2545]  0
0[0.9999]  1[0.0001]  0
0[0.9927]  1[0.0073]  0
0[0.9994]  1[0.0006]  0
0[0.0002]  1[0.9998]  1
0[0.0179]  1[0.9821]  1
0[1.0000]  1[0.0000]  0
0[0.9006]  1[0.0994]  0
0[0.9996]  1[0.0004]  0
0[0.9997]  1[0.0003]  0
0[0.9990]  1[0.0010]  0
0[0.9502]  1[0.0498]  0
0[0.9243]  1[0.0757]  0
0[0.0068]  1[0.9932]  1
0[0.0051]  1[0.9949]  1
0[0.1706]  1[0.8294]  1
0[0.0205]  1[0.9795]  1
0[0.0219]  1[0.9781]  1
0[0.9924]  1[0.0076]  0
0[0.0024]  1[0.9976]  1
0[0.9998]  1[0.0002]  0
0[0.9938]  1[0.0062]  0
0[0.9997]  1[0.0003]  0
0[0.0004]  1[0.9996]  1
0[0.9999]  1[0.0001]  0
0[0.9999]  1[0.0001]  0
0[0.1157]  1[0.8843]  1
0[0.9908]  1[0.0092]  0
0[0.0788]  1[0.9212]  1
0[0.9999]  1[0.0001]  0
0[0.9178]  1[0.0822]  0
0[0.9792]  1[0.0208]  0
0[0.9471]  1[0.0529]  0
0[0.9978]  1[0.0022]  0
0[0.2441]  1[0.7559]  1
0[0.9997]  1[0.0003]  0
0[0.9995]  1[0.0005]  0
0[0.9998]  1[0.0002]  0
0[0.6015]  1[0.3985]  0
0[0.0194]  1[0.9806]  1
0[0.0112]  1[0.9888]  1
0[0.9787]  1[0.0213]  0
0[0.9999]  1[0.0001]  0
0[1.0000]  1[0.0000]  0
0[0.5717]  1[0.4283]  0
0[1.0000]  1[0.0000]  0
0[0.9998]  1[0.0002]  0
0[0.9999]  1[0.0001]  0
0[0.9998]  1[0.0002]  0
0[0.9955]  1[0.0045]  0
0[0.9985]  1[0.0015]  0
0[0.9999]  1[0.0001]  0
0[0.9164]  1[0.0836]  0
0[0.9992]  1[0.0008]  0
0[0.0229]  1[0.9771]  1
0[0.0137]  1[0.9863]  1
0[1.0000]  1[0.0000]  0
0[0.0574]  1[0.9426]  1
0[1.0000]  1[0.0000]  0
0[0.9997]  1[0.0003]  0
0[0.0097]  1[0.9903]  1
0[0.0085]  1[0.9915]  1
0[0.0008]  1[0.9992]  1
0[0.8126]  1[0.1874]  0
0[0.0237]  1[0.9763]  1
0[0.9503]  1[0.0497]  0
0[1.0000]  1[0.0000]  0
0[0.9972]  1[0.0028]  0
0[0.9999]  1[0.0001]  0
0[0.9910]  1[0.0090]  0
0[0.0116]  1[0.9884]  1
0[0.9995]  1[0.0005]  0
0[0.9679]  1[0.0321]  0
0[0.9968]  1[0.0032]  0
0[0.1191]  1[0.8809]  1
0[0.9999]  1[0.0001]  0
0[1.0000]  1[0.0000]  0
0[0.0133]  1[0.9867]  1
0[0.9997]  1[0.0003]  0
0[1.0000]  1[0.0000]  0
0[0.9997]  1[0.0003]  0
0[0.9998]  1[0.0002]  0
0[0.9984]  1[0.0016]  0
0[0.9999]  1[0.0001]  0
0[1.0000]  1[0.0000]  0
0[0.9999]  1[0.0001]  0
0[1.0000]  1[0.0000]  0
0[0.9950]  1[0.0050]  0
0[0.0214]  1[0.9786]  1
0[0.9997]  1[0.0003]  0
0[1.0000]  1[0.0000]  0
0[0.9998]  1[0.0002]  0
0[0.9997]  1[0.0003]  0
0[0.0000]  1[1.0000]  1
0[0.0049]  1[0.9951]  1
0[0.0049]  1[0.9951]  1
0[0.9862]  1[0.0138]  0
0[0.9998]  1[0.0002]  0
