0[0.9950]  1[0.0050]  0
0[0.9996]  1[0.0004]  0
0[1.0000]  1[0.0000]  0
0[1.0000]  1[0.0000]  0
0[0.9949]  1[0.0051]  0
0[0.9999]  1[0.0001]  0
0[0.9993]  1[0.0007]  0
0[0.9999]  1[0.0001]  0
0[1.0000]  1[0.0000]  0
0[0.1031]  1[0.8969]  1
0[0.9974]  1[0.0026]  0
0[0.9814]  1[0.0186]  0
0[1.0000]  1[0.0000]  0
0[0.0449]  1[0.9551]  1
0[0.9985]  1[0.0015]  0
0[0.9942]  1[0.0058]  0
0[0.0051]  1[0.9949]  1
0[0.0025]  1[0.9975]  1
0[0.9923]  1[0.0077]  0
0[0.0179]  1[0.9821]  1
0[0.0073]  1[0.9927]  1
0[1.0000]  1[0.0000]  0
0[0.0001]  1[0.9999]  1
0[1.0000]  1[0.0000]  0
0[0.0097]  1[0.9903]  1
0[0.0299]  1[0.9701]  1
0[0.0025]  1[0.9975]  1
0[0.9908]  1[0.0092]  0
0[0.1956]  1[0.8044]  1
0[0.0000]  1[1.0000]  1
0[0.0093]  1[0.9907]  1
0[0.0197]  1[0.9803]  1
0[0.9995]  1[0.0005]  0
0[0.9943]  1[0.0057]  0
0[0.0102]  1[0.9898]  1
0[0.9992]  1[0.0008]  0
0[0.9611]  1[0.0389]  0
0[0.9842]  1[0.0158]  0
0[0.9658]  1[0.0342]  0
0[0.0479]  1[0.9521]  1
0[1.0000]  1[0.0000]  0
0[0.9789]  1[0.0211]  0
0[0.0050]  1[0.9950]  1
0[1.0000]  1[0.0000]  0
0[0.0019]  1[0.9981]  1
0[0.0191]  1[0.9809]  1
0[1.0000]  1[0.0000]  0
0[0.0038]  1[0.9962]  1
0[0.8592]  1[0.1408]  0
0[0.0255]  1[0.9745]  1
0[1.0000]  1[0.0000]  0
0[1.0000]  1[0.0000]  0
0[0.9932]  1[0.0068]  0
0[0.9980]  1[0.0020]  0
0[0.9793]  1[0.0207]  0
0[0.9977]  1[0.0023]  0
0[0.0038]  1[0.9962]  1
0[0.6658]  1[0.3342]  0
0[0.0001]  1[0.9999]  1
0[1.0000]  1[0.0000]  0
0[0.0362]  1[0.9638]  1
0[0.9989]  1[0.0011]  0
0[0.0499]  1[0.9501]  1
0[0.0287]  1[0.9713]  1
0[0.9744]  1[0.0256]  0
0[0.0086]  1[0.9914]  1
