0[1.0000]  1[0.0000]  0
0[0.9366]  1[0.0634]  0
0[0.0168]  1[0.9832]  1
0[0.9999]  1[0.0001]  0
0[0.9996]  1[0.0004]  0
0[0.0003]  1[0.9997]  1
0[0.9878]  1[0.0122]  0
0[0.9998]  1[0.0002]  0
0[0.9924]  1[0.0076]  0
0[1.0000]  1[0.0000]  0
0[1.0000]  1[0.0000]  0
0[0.0004]  1[0.9996]  1
0[0.9999]  1[0.0001]  0
0[0.9419]  1[0.0581]  0
0[1.0000]  1[0.0000]  0
0[0.9999]  1[0.0001]  0
0[1.0000]  1[0.0000]  0
0[0.9987]  1[0.0013]  0
0[0.9995]  1[0.0005]  0
0[0.0003]  1[0.9997]  1
0[0.9999]  1[0.0001]  0
0[0.0133]  1[0.9867]  1
0[0.2309]  1[0.7691]  1
0[0.0747]  1[0.9253]  1
0[0.9695]  1[0.0305]  0
0[0.0131]  1[0.9869]  1
0[0.0195]  1[0.9805]  1
0[0.9996]  1[0.0004]  0
0[0.0158]  1[0.9842]  1
0[1.0000]  1[0.0000]  0
0[0.0010]  1[0.9990]  1
0[0.0148]  1[0.9852]  1
0[0.9996]  1[0.0004]  0
0[0.0097]  1[0.9903]  1
0[1.0000]  1[0.0000]  0
0[0.0106]  1[0.9894]  1
0[1.0000]  1[0.0000]  0
0[0.0086]  1[0.9914]  1
0[1.0000]  1[0.0000]  0
0[0.3804]  1[0.6196]  1
0[0.9765]  1[0.0235]  0
0[1.0000]  1[0.0000]  0
0[1.0000]  1[0.0000]  0
0[0.9936]  1[0.0064]  0
0[0.8455]  1[0.1545]  0
0[0.9988]  1[0.0012]  0
