0[1.0000]  1[0.0000]  0
0[0.0025]  1[0.9975]  1
0[0.9808]  1[0.0192]  0
0[0.9996]  1[0.0004]  0
0[0.9978]  1[0.0022]  0
0[0.9999]  1[0.0001]  0
0[0.9999]  1[0.0001]  0
0[0.9997]  1[0.0003]  0
0[0.9999]  1[0.0001]  0
0[0.7791]  1[0.2209]  0
0[0.0002]  1[0.9998]  1
0[0.9994]  1[0.0006]  0
0[0.9946]  1[0.0054]  0
0[0.9978]  1[0.0022]  0
0[0.9998]  1[0.0002]  0
0[0.0075]  1[0.9925]  1
0[0.0049]  1[0.9951]  1
0[1.0000]  1[0.0000]  0
0[1.0000]  1[0.0000]  0
0[0.9999]  1[0.0001]  0
0[0.9980]  1[0.0020]  0
0[0.9999]  1[0.0001]  0
0[0.9949]  1[0.0051]  0
0[0.0010]  1[0.9990]  1
0[0.0003]  1[0.9997]  1
0[0.9980]  1[0.0020]  0
0[0.9975]  1[0.0025]  0
0[0.9972]  1[0.0028]  0
0[0.9986]  1[0.0014]  0
0[0.0135]  1[0.9865]  1
0[0.9985]  1[0.0015]  0
0[0.4296]  1[0.5704]  1
0[0.0647]  1[0.9353]  1
0[1.0000]  1[0.0000]  0
0[0.9956]  1[0.0044]  0
0[0.0552]  1[0.9448]  1
0[0.0092]  1[0.9908]  1
0[0.9989]  1[0.0011]  0
0[0.0005]  1[0.9995]  1
0[0.9998]  1[0.0002]  0
0[0.9999]  1[0.0001]  0
0[0.2246]  1[0.7754]  1
0[0.9988]  1[0.0012]  0
0[0.0118]  1[0.9882]  1
0[0.9810]  1[0.0190]  0
0[0.9992]  1[0.0008]  0
0[0.9999]  1[0.0001]  0
0[0.1303]  1[0.8697]  1
0[0.0207]  1[0.9793]  1
0[0.6713]  1[0.3287]  0
0[0.9999]  1[0.0001]  0
0[0.9996]  1[0.0004]  0
0[0.0097]  1[0.9903]  1
0[0.9361]  1[0.0639]  0
0[0.9996]  1[0.0004]  0
0[0.9994]  1[0.0006]  0
0[0.9986]  1[0.0014]  0
0[0.9932]  1[0.0068]  0
0[0.0409]  1[0.9591]  1
0[0.0309]  1[0.9691]  1
0[0.5341]  1[0.4659]  0
0[0.9999]  1[0.0001]  0
