0[0.9994]  1[0.0006]  0
0[1.0000]  1[0.0000]  0
0[0.2770]  1[0.7230]  1
0[0.9985]  1[0.0015]  0
0[0.0038]  1[0.9962]  1
0[0.0066]  1[0.9934]  1
0[0.0103]  1[0.9897]  1
0[0.0795]  1[0.9205]  1
0[0.9992]  1[0.0008]  0
0[0.0000]  1[1.0000]  1
0[0.0277]  1[0.9723]  1
0[0.9999]  1[0.0001]  0
0[0.1226]  1[0.8774]  1
0[0.0281]  1[0.9719]  1
0[0.9999]  1[0.0001]  0
0[0.0094]  1[0.9906]  1
0[1.0000]  1[0.0000]  0
0[0.9999]  1[0.0001]  0
0[0.9999]  1[0.0001]  0
0[0.0083]  1[0.9917]  1
0[1.0000]  1[0.0000]  0
0[0.9991]  1[0.0009]  0
0[0.0087]  1[0.9913]  1
0[0.9996]  1[0.0004]  0
0[0.0045]  1[0.9955]  1
0[0.9991]  1[0.0009]  0
0[0.9981]  1[0.0019]  0
0[0.0149]  1[0.9851]  1
0[0.0135]  1[0.9865]  1
0[0.0475]  1[0.9525]  1
0[0.9999]  1[0.0001]  0
0[0.0009]  1[0.9991]  1
0[0.3866]  1[0.6134]  1
0[0.0362]  1[0.9638]  1
0[0.0174]  1[0.9826]  1
0[0.0266]  1[0.9734]  1
0[0.0533]  1[0.9467]  1
0[0.0008]  1[0.9992]  1
0[0.9890]  1[0.0110]  0
0[0.0003]  1[0.9997]  1
0[0.0287]  1[0.9713]  1
0[0.0137]  1[0.9863]  1
0[0.9999]  1[0.0001]  0
0[0.0008]  1[0.9992]  1
0[0.9796]  1[0.0204]  0
0[1.0000]  1[0.0000]  0
0[0.9999]  1[0.0001]  0
0[1.0000]  1[0.0000]  0
0[0.9969]  1[0.0031]  0
0[0.9999]  1[0.0001]  0
0[0.9979]  1[0.0021]  0
0[0.9995]  1[0.0005]  0
0[0.9894]  1[0.0106]  0
0[0.9999]  1[0.0001]  0
0[0.0725]  1[0.9275]  1
0[0.0008]  1[0.9992]  1
0[0.2243]  1[0.7757]  1
0[0.0489]  1[0.9511]  1
0[0.9999]  1[0.0001]  0
0[0.9981]  1[0.0019]  0
0[0.9973]  1[0.0027]  0
0[1.0000]  1[0.0000]  0
0[1.0000]  1[0.0000]  0
0[0.9997]  1[0.0003]  0
0[0.9999]  1[0.0001]  0
0[0.0000]  1[1.0000]  1
0[0.9972]  1[0.0028]  0
0[0.1141]  1[0.8859]  1
0[0.9867]  1[0.0133]  0
0[0.0115]  1[0.9885]  1
