0[0.9999]  1[0.0001]  0
0[0.9996]  1[0.0004]  0
0[0.9999]  1[0.0001]  0
0[0.1679]  1[0.8321]  1
0[0.9997]  1[0.0003]  0
0[0.9958]  1[0.0042]  0
0[0.0161]  1[0.9839]  1
0[0.9999]  1[0.0001]  0
0[0.0630]  1[0.9370]  1
0[0.9989]  1[0.0011]  0
0[0.0922]  1[0.9078]  1
0[0.9801]  1[0.0199]  0
0[0.9862]  1[0.0138]  0
0[0.0002]  1[0.9998]  1
0[0.9998]  1[0.0002]  0
0[0.0055]  1[0.9945]  1
0[0.9996]  1[0.0004]  0
0[0.9993]  1[0.0007]  0
0[0.8713]  1[0.1287]  0
0[1.0000]  1[0.0000]  0
0[0.9868]  1[0.0132]  0
0[1.0000]  1[0.0000]  0
0[0.9999]  1[0.0001]  0
0[0.9993]  1[0.0007]  0
