0[0.9818]  1[0.0182]  0
0[0.9981]  1[0.0019]  0
0[0.9980]  1[0.0020]  0
0[0.9849]  1[0.0151]  0
0[0.9823]  1[0.0177]  0
0[0.1377]  1[0.8623]  1
0[1.0000]  1[0.0000]  0
0[0.0003]  1[0.9997]  1
0[0.9991]  1[0.0009]  0
0[1.0000]  1[0.0000]  0
0[1.0000]  1[0.0000]  0
0[0.9247]  1[0.0753]  0
0[0.9956]  1[0.0044]  0
0[0.9997]  1[0.0003]  0
0[0.9872]  1[0.0128]  0
0[0.9999]  1[0.0001]  0
0[0.9999]  1[0.0001]  0
0[0.0006]  1[0.9994]  1
0[0.0050]  1[0.9950]  1
0[0.0182]  1[0.9818]  1
0[0.0516]  1[0.9484]  1
0[0.3639]  1[0.6361]  1
0[1.0000]  1[0.0000]  0
0[0.9955]  1[0.0045]  0
0[0.9995]  1[0.0005]  0
0[0.0141]  1[0.9859]  1
0[0.5459]  1[0.4541]  0
0[0.0041]  1[0.9959]  1
0[0.0000]  1[1.0000]  1
0[0.9999]  1[0.0001]  0
0[0.0038]  1[0.9962]  1
0[0.9985]  1[0.0015]  0
0[0.9990]  1[0.0010]  0
0[0.0151]  1[0.9849]  1
0[0.0149]  1[0.9851]  1
0[0.9999]  1[0.0001]  0
0[1.0000]  1[0.0000]  0
0[0.9974]  1[0.0026]  0
0[0.0085]  1[0.9915]  1
0[0.9999]  1[0.0001]  0
0[0.0409]  1[0.9591]  1
0[0.0365]  1[0.9635]  1
0[0.9998]  1[0.0002]  0
0[0.0055]  1[0.9945]  1
0[1.0000]  1[0.0000]  0
0[0.9999]  1[0.0001]  0
0[0.9995]  1[0.0005]  0
0[0.0302]  1[0.9698]  1
0[0.9999]  1[0.0001]  0
0[0.9982]  1[0.0018]  0
0[0.9999]  1[0.0001]  0
0[0.0102]  1[0.9898]  1
0[0.0112]  1[0.9888]  1
0[0.9999]  1[0.0001]  0
0[0.9987]  1[0.0013]  0
0[0.9997]  1[0.0003]  0
