0[1.0000]  1[0.0000]  0
0[0.9975]  1[0.0025]  0
0[0.0263]  1[0.9737]  1
0[0.0238]  1[0.9762]  1
0[0.9995]  1[0.0005]  0
0[0.7724]  1[0.2276]  0
0[0.9950]  1[0.0050]  0
0[0.9994]  1[0.0006]  0
0[1.0000]  1[0.0000]  0
0[0.9996]  1[0.0004]  0
0[0.9999]  1[0.0001]  0
0[0.3945]  1[0.6055]  1
0[0.9992]  1[0.0008]  0
0[0.9999]  1[0.0001]  0
0[0.9980]  1[0.0020]  0
0[0.9975]  1[0.0025]  0
0[0.9999]  1[0.0001]  0
0[0.9951]  1[0.0049]  0
0[0.9995]  1[0.0005]  0
0[0.5757]  1[0.4243]  0
0[0.9993]  1[0.0007]  0
0[0.9999]  1[0.0001]  0
0[0.0145]  1[0.9855]  1
0[0.9786]  1[0.0214]  0
0[1.0000]  1[0.0000]  0
0[0.9999]  1[0.0001]  0
0[1.0000]  1[0.0000]  0
0[0.9999]  1[0.0001]  0
0[0.9999]  1[0.0001]  0
0[1.0000]  1[0.0000]  0
0[0.9999]  1[0.0001]  0
0[0.0328]  1[0.9672]  1
0[1.0000]  1[0.0000]  0
0[1.0000]  1[0.0000]  0
0[1.0000]  1[0.0000]  0
0[0.0057]  1[0.9943]  1
0[1.0000]  1[0.0000]  0
0[0.0119]  1[0.9881]  1
0[1.0000]  1[0.0000]  0
0[0.9994]  1[0.0006]  0
0[0.9999]  1[0.0001]  0
0[0.0438]  1[0.9562]  1
0[1.0000]  1[0.0000]  0
0[0.9994]  1[0.0006]  0
