0[1.0000]  1[0.0000]  0
0[0.9629]  1[0.0371]  0
0[0.9997]  1[0.0003]  0
0[0.9995]  1[0.0005]  0
0[0.9984]  1[0.0016]  0
0[0.9977]  1[0.0023]  0
0[0.9993]  1[0.0007]  0
0[0.5456]  1[0.4544]  0
0[0.0005]  1[0.9995]  1
0[0.9999]  1[0.0001]  0
0[1.0000]  1[0.0000]  0
0[0.9999]  1[0.0001]  0
0[0.0001]  1[0.9999]  1
0[0.1711]  1[0.8289]  1
0[0.1311]  1[0.8689]  1
0[0.9977]  1[0.0023]  0
0[0.9997]  1[0.0003]  0
0[0.9999]  1[0.0001]  0
0[0.0080]  1[0.9920]  1
0[0.9999]  1[0.0001]  0
0[0.0263]  1[0.9737]  1
0[1.0000]  1[0.0000]  0
0[0.9995]  1[0.0005]  0
0[1.0000]  1[0.0000]  0
0[0.0010]  1[0.9990]  1
0[0.9999]  1[0.0001]  0
0[1.0000]  1[0.0000]  0
0[1.0000]  1[0.0000]  0
0[0.9999]  1[0.0001]  0
0[0.0002]  1[0.9998]  1
0[0.1095]  1[0.8905]  1
0[0.7986]  1[0.2014]  0
0[1.0000]  1[0.0000]  0
0[0.9998]  1[0.0002]  0
0[0.9997]  1[0.0003]  0
0[1.0000]  1[0.0000]  0
0[0.9996]  1[0.0004]  0
0[1.0000]  1[0.0000]  0
0[0.9729]  1[0.0271]  0
0[0.9999]  1[0.0001]  0
0[0.0111]  1[0.9889]  1
0[0.9987]  1[0.0013]  0
0[0.9996]  1[0.0004]  0
0[1.0000]  1[0.0000]  0
0[0.9968]  1[0.0032]  0
0[1.0000]  1[0.0000]  0
0[0.9900]  1[0.0100]  0
0[0.0008]  1[0.9992]  1
0[0.9999]  1[0.0001]  0
0[1.0000]  1[0.0000]  0
0[1.0000]  1[0.0000]  0
0[0.0152]  1[0.9848]  1
0[0.0198]  1[0.9802]  1
0[0.9999]  1[0.0001]  0
0[0.9999]  1[0.0001]  0
0[0.4438]  1[0.5562]  1
0[1.0000]  1[0.0000]  0
0[0.9986]  1[0.0014]  0
0[0.9999]  1[0.0001]  0
0[1.0000]  1[0.0000]  0
0[0.9999]  1[0.0001]  0
0[1.0000]  1[0.0000]  0
0[0.0003]  1[0.9997]  1
0[0.9995]  1[0.0005]  0
0[0.9995]  1[0.0005]  0
0[0.9999]  1[0.0001]  0
0[1.0000]  1[0.0000]  0
0[0.0107]  1[0.9893]  1
0[0.0098]  1[0.9902]  1
0[0.9996]  1[0.0004]  0
