0[0.9580]  1[0.0420]  0
0[0.9949]  1[0.0051]  0
0[0.9999]  1[0.0001]  0
0[0.0001]  1[0.9999]  1
0[0.0233]  1[0.9767]  1
0[1.0000]  1[0.0000]  0
0[0.9939]  1[0.0061]  0
0[0.9995]  1[0.0005]  0
0[0.0003]  1[0.9997]  1
0[0.0100]  1[0.9900]  1
0[0.0002]  1[0.9998]  1
0[0.9995]  1[0.0005]  0
0[0.9998]  1[0.0002]  0
0[0.0270]  1[0.9730]  1
0[0.3064]  1[0.6936]  1
0[0.9884]  1[0.0116]  0
0[1.0000]  1[0.0000]  0
0[0.9850]  1[0.0150]  0
0[0.3668]  1[0.6332]  1
0[0.0214]  1[0.9786]  1
0[0.8584]  1[0.1416]  0
0[0.0378]  1[0.9622]  1
0[0.9992]  1[0.0008]  0
0[0.0021]  1[0.9979]  1
0[0.9993]  1[0.0007]  0
0[0.9999]  1[0.0001]  0
0[0.0027]  1[0.9973]  1
0[0.7007]  1[0.2993]  0
0[0.9682]  1[0.0318]  0
0[0.0224]  1[0.9776]  1
0[1.0000]  1[0.0000]  0
0[0.9947]  1[0.0053]  0
0[0.9996]  1[0.0004]  0
0[0.9999]  1[0.0001]  0
0[0.1101]  1[0.8899]  1
0[0.9943]  1[0.0057]  0
0[0.9995]  1[0.0005]  0
0[0.9986]  1[0.0014]  0
0[1.0000]  1[0.0000]  0
0[0.6879]  1[0.3121]  0
0[1.0000]  1[0.0000]  0
0[0.9924]  1[0.0076]  0
0[1.0000]  1[0.0000]  0
0[0.0207]  1[0.9793]  1
0[1.0000]  1[0.0000]  0
