0[0.9742]  1[0.0258]  0
0[0.9999]  1[0.0001]  0
0[0.9998]  1[0.0002]  0
0[0.0055]  1[0.9945]  1
0[0.9983]  1[0.0017]  0
0[0.0025]  1[0.9975]  1
0[0.0003]  1[0.9997]  1
0[0.0458]  1[0.9542]  1
0[0.9995]  1[0.0005]  0
0[0.9999]  1[0.0001]  0
0[0.1573]  1[0.8427]  1
0[1.0000]  1[0.0000]  0
0[0.0019]  1[0.9981]  1
0[0.9984]  1[0.0016]  0
0[1.0000]  1[0.0000]  0
0[0.0156]  1[0.9844]  1
0[1.0000]  1[0.0000]  0
0[0.3210]  1[0.6790]  1
0[0.9999]  1[0.0001]  0
0[0.9982]  1[0.0018]  0
0[0.0008]  1[0.9992]  1
0[0.9996]  1[0.0004]  0
0[0.9742]  1[0.0258]  0
0[1.0000]  1[0.0000]  0
0[0.9943]  1[0.0057]  0
0[0.0008]  1[0.9992]  1
0[0.0114]  1[0.9886]  1
0[0.9959]  1[0.0041]  0
0[0.0132]  1[0.9868]  1
0[0.9968]  1[0.0032]  0
0[1.0000]  1[0.0000]  0
0[1.0000]  1[0.0000]  0
0[1.0000]  1[0.0000]  0
0[0.9998]  1[0.0002]  0
0[0.2589]  1[0.7411]  1
0[0.9878]  1[0.0122]  0
0[1.0000]  1[0.0000]  0
0[1.0000]  1[0.0000]  0
0[0.9983]  1[0.0017]  0
0[0.9913]  1[0.0087]  0
0[0.9907]  1[0.0093]  0
0[1.0000]  1[0.0000]  0
0[0.9984]  1[0.0016]  0
0[0.0277]  1[0.9723]  1
0[0.9980]  1[0.0020]  0
0[0.9700]  1[0.0300]  0
0[0.0045]  1[0.9955]  1
0[1.0000]  1[0.0000]  0
0[1.0000]  1[0.0000]  0
0[0.9999]  1[0.0001]  0
0[1.0000]  1[0.0000]  0
0[0.1666]  1[0.8334]  1
0[1.0000]  1[0.0000]  0
0[1.0000]  1[0.0000]  0
0[0.9973]  1[0.0027]  0
0[0.0806]  1[0.9194]  1
0[1.0000]  1[0.0000]  0
0[0.9966]  1[0.0034]  0
0[0.9066]  1[0.0934]  0
0[0.9968]  1[0.0032]  0
0[1.0000]  1[0.0000]  0
0[0.2120]  1[0.7880]  1
0[0.0004]  1[0.9996]  1
0[0.9999]  1[0.0001]  0
0[0.0040]  1[0.9960]  1
0[0.0015]  1[0.9985]  1
0[1.0000]  1[0.0000]  0
0[0.9991]  1[0.0009]  0
0[0.0116]  1[0.9884]  1
0[0.0126]  1[0.9874]  1
0[0.9652]  1[0.0348]  0
0[0.0033]  1[0.9967]  1
0[0.1756]  1[0.8244]  1
