0[0.9948]  1[0.0052]  0
0[0.0159]  1[0.9841]  1
0[0.9948]  1[0.0052]  0
0[0.9999]  1[0.0001]  0
0[1.0000]  1[0.0000]  0
0[0.9999]  1[0.0001]  0
0[0.9997]  1[0.0003]  0
0[0.0516]  1[0.9484]  1
0[0.9971]  1[0.0029]  0
0[0.2002]  1[0.7998]  1
0[0.9999]  1[0.0001]  0
0[0.9996]  1[0.0004]  0
0[1.0000]  1[0.0000]  0
0[0.0115]  1[0.9885]  1
0[0.9999]  1[0.0001]  0
0[0.0061]  1[0.9939]  1
0[0.9945]  1[0.0055]  0
0[0.0723]  1[0.9277]  1
0[0.9995]  1[0.0005]  0
0[1.0000]  1[0.0000]  0
0[0.9999]  1[0.0001]  0
0[0.9941]  1[0.0059]  0
0[1.0000]  1[0.0000]  0
0[0.0059]  1[0.9941]  1
0[1.0000]  1[0.0000]  0
0[0.0084]  1[0.9916]  1
0[0.0245]  1[0.9755]  1
0[0.9996]  1[0.0004]  0
0[0.9996]  1[0.0004]  0
0[0.9999]  1[0.0001]  0
0[0.0764]  1[0.9236]  1
