0[1.0000]  1[0.0000]  0
0[0.9999]  1[0.0001]  0
0[0.0089]  1[0.9911]  1
0[0.9991]  1[0.0009]  0
0[0.0403]  1[0.9597]  1
0[0.9997]  1[0.0003]  0
0[1.0000]  1[0.0000]  0
0[1.0000]  1[0.0000]  0
0[0.9999]  1[0.0001]  0
0[0.8690]  1[0.1310]  0
0[0.1143]  1[0.8857]  1
0[0.9950]  1[0.0050]  0
0[0.9999]  1[0.0001]  0
0[0.9989]  1[0.0011]  0
0[0.0040]  1[0.9960]  1
0[0.9943]  1[0.0057]  0
0[0.9999]  1[0.0001]  0
0[0.9999]  1[0.0001]  0
0[0.9997]  1[0.0003]  0
0[0.9999]  1[0.0001]  0
0[1.0000]  1[0.0000]  0
0[0.9999]  1[0.0001]  0
0[0.9999]  1[0.0001]  0
0[0.9994]  1[0.0006]  0
0[0.9999]  1[0.0001]  0
0[0.9989]  1[0.0011]  0
0[0.9999]  1[0.0001]  0
0[0.1765]  1[0.8235]  1
0[0.9970]  1[0.0030]  0
0[0.0080]  1[0.9920]  1
0[1.0000]  1[0.0000]  0
0[0.9995]  1[0.0005]  0
0[1.0000]  1[0.0000]  0
0[0.1415]  1[0.8585]  1
0[0.0037]  1[0.9963]  1
0[0.9997]  1[0.0003]  0
0[0.0111]  1[0.9889]  1
0[0.9999]  1[0.0001]  0
0[1.0000]  1[0.0000]  0
0[0.9999]  1[0.0001]  0
0[0.0080]  1[0.9920]  1
0[0.9999]  1[0.0001]  0
0[0.9979]  1[0.0021]  0
0[0.0050]  1[0.9950]  1
0[0.0244]  1[0.9756]  1
0[0.9993]  1[0.0007]  0
0[0.9999]  1[0.0001]  0
0[0.9999]  1[0.0001]  0
0[0.0045]  1[0.9955]  1
0[1.0000]  1[0.0000]  0
0[0.9998]  1[0.0002]  0
0[0.9985]  1[0.0015]  0
0[0.9999]  1[0.0001]  0
0[0.9962]  1[0.0038]  0
0[1.0000]  1[0.0000]  0
0[0.9995]  1[0.0005]  0
0[0.9911]  1[0.0089]  0
0[1.0000]  1[0.0000]  0
0[1.0000]  1[0.0000]  0
0[0.9962]  1[0.0038]  0
0[0.9989]  1[0.0011]  0
0[0.4148]  1[0.5852]  1
0[1.0000]  1[0.0000]  0
0[0.0301]  1[0.9699]  1
0[0.7784]  1[0.2216]  0
0[1.0000]  1[0.0000]  0
0[0.2777]  1[0.7223]  1
0[1.0000]  1[0.0000]  0
0[0.9999]  1[0.0001]  0
0[0.9976]  1[0.0024]  0
0[0.0025]  1[0.9975]  1
0[0.9996]  1[0.0004]  0
0[0.3897]  1[0.6103]  1
0[0.0003]  1[0.9997]  1
0[0.9999]  1[0.0001]  0
0[0.9999]  1[0.0001]  0
0[0.9999]  1[0.0001]  0
0[0.9932]  1[0.0068]  0
0[0.9868]  1[0.0132]  0
0[0.0207]  1[0.9793]  1
0[0.9872]  1[0.0128]  0
0[0.9509]  1[0.0491]  0
0[0.0004]  1[0.9996]  1
0[1.0000]  1[0.0000]  0
0[0.2198]  1[0.7802]  1
0[0.9996]  1[0.0004]  0
0[0.0001]  1[0.9999]  1
0[0.2364]  1[0.7636]  1
0[0.9981]  1[0.0019]  0
0[0.2066]  1[0.7934]  1
0[0.9974]  1[0.0026]  0
