0[0.9936]  1[0.0064]  0
0[0.9996]  1[0.0004]  0
0[0.0084]  1[0.9916]  1
0[0.9996]  1[0.0004]  0
0[0.1827]  1[0.8173]  1
0[0.0000]  1[1.0000]  1
0[0.0108]  1[0.9892]  1
0[0.9600]  1[0.0400]  0
0[0.9979]  1[0.0021]  0
0[0.0008]  1[0.9992]  1
0[1.0000]  1[0.0000]  0
0[0.9999]  1[0.0001]  0
0[0.5443]  1[0.4557]  0
0[0.9967]  1[0.0033]  0
0[1.0000]  1[0.0000]  0
0[0.9996]  1[0.0004]  0
0[0.9763]  1[0.0237]  0
0[1.0000]  1[0.0000]  0
0[0.7629]  1[0.2371]  0
0[1.0000]  1[0.0000]  0
0[0.0024]  1[0.9976]  1
0[1.0000]  1[0.0000]  0
0[0.0025]  1[0.9975]  1
0[0.9999]  1[0.0001]  0
0[0.0040]  1[0.9960]  1
0[1.0000]  1[0.0000]  0
0[1.0000]  1[0.0000]  0
0[0.0588]  1[0.9412]  1
0[0.9912]  1[0.0088]  0
0[0.9999]  1[0.0001]  0
0[0.9992]  1[0.0008]  0
0[0.9996]  1[0.0004]  0
0[0.0185]  1[0.9815]  1
0[0.9996]  1[0.0004]  0
0[0.9988]  1[0.0012]  0
0[0.9984]  1[0.0016]  0
0[0.0000]  1[1.0000]  1
0[0.9992]  1[0.0008]  0
0[0.9999]  1[0.0001]  0
0[0.0001]  1[0.9999]  1
0[0.0111]  1[0.9889]  1
0[0.1586]  1[0.8414]  1
0[1.0000]  1[0.0000]  0
0[0.9996]  1[0.0004]  0
0[0.9998]  1[0.0002]  0
0[0.0185]  1[0.9815]  1
0[1.0000]  1[0.0000]  0
0[0.9995]  1[0.0005]  0
0[0.9999]  1[0.0001]  0
0[0.0012]  1[0.9988]  1
0[0.5074]  1[0.4926]  0
0[1.0000]  1[0.0000]  0
0[0.0667]  1[0.9333]  1
0[1.0000]  1[0.0000]  0
0[0.0128]  1[0.9872]  1
0[0.0084]  1[0.9916]  1
0[0.3301]  1[0.6699]  1
0[0.0025]  1[0.9975]  1
0[0.9985]  1[0.0015]  0
0[1.0000]  1[0.0000]  0
0[0.9996]  1[0.0004]  0
0[0.0025]  1[0.9975]  1
0[1.0000]  1[0.0000]  0
0[0.0022]  1[0.9978]  1
0[0.0006]  1[0.9994]  1
0[0.1932]  1[0.8068]  1
0[1.0000]  1[0.0000]  0
0[1.0000]  1[0.0000]  0
0[1.0000]  1[0.0000]  0
0[0.0001]  1[0.9999]  1
0[0.0190]  1[0.9810]  1
0[1.0000]  1[0.0000]  0
0[0.9916]  1[0.0084]  0
0[0.1278]  1[0.8722]  1
0[0.9974]  1[0.0026]  0
0[0.0161]  1[0.9839]  1
0[0.0024]  1[0.9976]  1
0[0.0000]  1[1.0000]  1
0[0.0267]  1[0.9733]  1
