0[1.0000]  1[0.0000]  0
0[0.0022]  1[0.9978]  1
0[0.9987]  1[0.0013]  0
0[0.0133]  1[0.9867]  1
0[0.9999]  1[0.0001]  0
0[0.9999]  1[0.0001]  0
0[0.0089]  1[0.9911]  1
0[0.5972]  1[0.4028]  0
0[0.9975]  1[0.0025]  0
0[0.9956]  1[0.0044]  0
0[0.0858]  1[0.9142]  1
0[0.0056]  1[0.9944]  1
0[0.0001]  1[0.9999]  1
0[0.0007]  1[0.9993]  1
0[0.6053]  1[0.3947]  0
0[1.0000]  1[0.0000]  0
0[0.9999]  1[0.0001]  0
0[0.9980]  1[0.0020]  0
0[0.9998]  1[0.0002]  0
0[0.0000]  1[1.0000]  1
0[0.9999]  1[0.0001]  0
0[0.0164]  1[0.9836]  1
0[0.9989]  1[0.0011]  0
0[0.0000]  1[1.0000]  1
0[0.0471]  1[0.9529]  1
0[1.0000]  1[0.0000]  0
0[0.9996]  1[0.0004]  0
0[0.0022]  1[0.9978]  1
0[0.8368]  1[0.1632]  0
0[0.0023]  1[0.9977]  1
0[0.0003]  1[0.9997]  1
0[0.0002]  1[0.9998]  1
0[0.9989]  1[0.0011]  0
0[0.8839]  1[0.1161]  0
0[0.9998]  1[0.0002]  0
0[0.9999]  1[0.0001]  0
0[0.0150]  1[0.9850]  1
0[0.9985]  1[0.0015]  0
0[0.9999]  1[0.0001]  0
0[0.9750]  1[0.0250]  0
0[0.8059]  1[0.1941]  0
0[0.0211]  1[0.9789]  1
0[1.0000]  1[0.0000]  0
0[0.0009]  1[0.9991]  1
0[1.0000]  1[0.0000]  0
0[0.0240]  1[0.9760]  1
0[0.9935]  1[0.0065]  0
0[0.1159]  1[0.8841]  1
0[0.0022]  1[0.9978]  1
0[0.0022]  1[0.9978]  1
0[0.0000]  1[1.0000]  1
0[0.9988]  1[0.0012]  0
0[0.9569]  1[0.0431]  0
0[1.0000]  1[0.0000]  0
0[0.9999]  1[0.0001]  0
0[0.9746]  1[0.0254]  0
0[0.9832]  1[0.0168]  0
0[0.7173]  1[0.2827]  0
0[0.9999]  1[0.0001]  0
0[1.0000]  1[0.0000]  0
0[1.0000]  1[0.0000]  0
0[0.0050]  1[0.9950]  1
0[0.0204]  1[0.9796]  1
0[0.0001]  1[0.9999]  1
0[1.0000]  1[0.0000]  0
0[0.0023]  1[0.9977]  1
0[0.3544]  1[0.6456]  1
0[1.0000]  1[0.0000]  0
0[0.3815]  1[0.6185]  1
0[0.0066]  1[0.9934]  1
0[0.0516]  1[0.9484]  1
0[0.9968]  1[0.0032]  0
0[0.0043]  1[0.9957]  1
0[0.0000]  1[1.0000]  1
0[1.0000]  1[0.0000]  0
0[0.0055]  1[0.9945]  1
0[0.9996]  1[0.0004]  0
