0[0.9640]  1[0.0360]  0
0[0.0051]  1[0.9949]  1
0[0.0080]  1[0.9920]  1
0[1.0000]  1[0.0000]  0
0[0.0028]  1[0.9972]  1
0[1.0000]  1[0.0000]  0
0[1.0000]  1[0.0000]  0
0[1.0000]  1[0.0000]  0
0[0.9999]  1[0.0001]  0
0[0.0170]  1[0.9830]  1
0[0.9996]  1[0.0004]  0
0[0.0001]  1[0.9999]  1
0[0.8230]  1[0.1770]  0
0[0.0356]  1[0.9644]  1
0[0.9957]  1[0.0043]  0
0[0.9945]  1[0.0055]  0
0[0.9998]  1[0.0002]  0
0[1.0000]  1[0.0000]  0
0[0.0164]  1[0.9836]  1
0[0.9997]  1[0.0003]  0
0[1.0000]  1[0.0000]  0
0[1.0000]  1[0.0000]  0
0[1.0000]  1[0.0000]  0
0[0.9999]  1[0.0001]  0
0[1.0000]  1[0.0000]  0
0[0.9973]  1[0.0027]  0
0[0.9999]  1[0.0001]  0
0[0.9999]  1[0.0001]  0
0[1.0000]  1[0.0000]  0
0[1.0000]  1[0.0000]  0
0[0.9987]  1[0.0013]  0
0[0.0133]  1[0.9867]  1
0[0.9994]  1[0.0006]  0
0[0.0067]  1[0.9933]  1
0[0.0106]  1[0.9894]  1
0[0.9998]  1[0.0002]  0
0[0.9991]  1[0.0009]  0
0[0.1378]  1[0.8622]  1
0[1.0000]  1[0.0000]  0
0[0.0003]  1[0.9997]  1
0[0.9780]  1[0.0220]  0
0[1.0000]  1[0.0000]  0
0[0.9990]  1[0.0010]  0
0[0.6424]  1[0.3576]  0
0[0.0170]  1[0.9830]  1
0[0.9908]  1[0.0092]  0
0[0.9775]  1[0.0225]  0
0[0.0180]  1[0.9820]  1
0[0.0159]  1[0.9841]  1
0[0.0001]  1[0.9999]  1
0[0.0715]  1[0.9285]  1
0[0.0204]  1[0.9796]  1
0[1.0000]  1[0.0000]  0
0[0.9743]  1[0.0257]  0
0[0.3206]  1[0.6794]  1
0[0.0172]  1[0.9828]  1
0[0.9701]  1[0.0299]  0
0[1.0000]  1[0.0000]  0
0[1.0000]  1[0.0000]  0
0[0.9999]  1[0.0001]  0
0[0.0250]  1[0.9750]  1
