0[0.9994]  1[0.0006]  0
0[0.9695]  1[0.0305]  0
0[1.0000]  1[0.0000]  0
0[1.0000]  1[0.0000]  0
0[0.9989]  1[0.0011]  0
0[0.0001]  1[0.9999]  1
0[0.2171]  1[0.7829]  1
0[0.0175]  1[0.9825]  1
0[0.2065]  1[0.7935]  1
0[0.9986]  1[0.0014]  0
0[0.0003]  1[0.9997]  1
0[0.0089]  1[0.9911]  1
0[0.9994]  1[0.0006]  0
0[0.0623]  1[0.9377]  1
0[0.9331]  1[0.0669]  0
0[0.9775]  1[0.0225]  0
0[0.9991]  1[0.0009]  0
0[0.5339]  1[0.4661]  0
0[1.0000]  1[0.0000]  0
0[0.9962]  1[0.0038]  0
0[1.0000]  1[0.0000]  0
0[0.9932]  1[0.0068]  0
0[0.0000]  1[1.0000]  1
0[0.0213]  1[0.9787]  1
0[0.5254]  1[0.4746]  0
0[0.9995]  1[0.0005]  0
0[0.9982]  1[0.0018]  0
0[0.0038]  1[0.9962]  1
0[0.9953]  1[0.0047]  0
0[0.9989]  1[0.0011]  0
0[0.9758]  1[0.0242]  0
0[0.9919]  1[0.0081]  0
0[0.0000]  1[1.0000]  1
0[0.0014]  1[0.9986]  1
0[0.1341]  1[0.8659]  1
0[0.0429]  1[0.9571]  1
0[0.0175]  1[0.9825]  1
0[0.0066]  1[0.9934]  1
0[0.1262]  1[0.8738]  1
0[1.0000]  1[0.0000]  0
0[0.0171]  1[0.9829]  1
0[0.9999]  1[0.0001]  0
0[0.0454]  1[0.9546]  1
0[1.0000]  1[0.0000]  0
0[0.9815]  1[0.0185]  0
0[0.9999]  1[0.0001]  0
0[0.9998]  1[0.0002]  0
0[0.0019]  1[0.9981]  1
0[0.0002]  1[0.9998]  1
0[0.9999]  1[0.0001]  0
0[0.9992]  1[0.0008]  0
0[0.9792]  1[0.0208]  0
0[0.8371]  1[0.1629]  0
0[0.9979]  1[0.0021]  0
0[1.0000]  1[0.0000]  0
0[0.4240]  1[0.5760]  1
0[0.0170]  1[0.9830]  1
0[0.9985]  1[0.0015]  0
0[0.9922]  1[0.0078]  0
0[0.0002]  1[0.9998]  1
0[0.0301]  1[0.9699]  1
0[0.0210]  1[0.9790]  1
0[0.0119]  1[0.9881]  1
0[0.0115]  1[0.9885]  1
0[0.9998]  1[0.0002]  0
0[0.5710]  1[0.4290]  0
0[0.9995]  1[0.0005]  0
0[0.9999]  1[0.0001]  0
0[0.0033]  1[0.9967]  1
0[0.9983]  1[0.0017]  0
0[0.0350]  1[0.9650]  1
0[0.0000]  1[1.0000]  1
0[0.0189]  1[0.9811]  1
0[0.9999]  1[0.0001]  0
0[0.1189]  1[0.8811]  1
0[0.0033]  1[0.9967]  1
0[1.0000]  1[0.0000]  0
0[0.9616]  1[0.0384]  0
0[1.0000]  1[0.0000]  0
0[1.0000]  1[0.0000]  0
0[1.0000]  1[0.0000]  0
0[0.0000]  1[1.0000]  1
0[0.1495]  1[0.8505]  1
0[0.9870]  1[0.0130]  0
0[1.0000]  1[0.0000]  0
0[0.0856]  1[0.9144]  1
0[0.9997]  1[0.0003]  0
0[0.9999]  1[0.0001]  0
0[1.0000]  1[0.0000]  0
0[0.9998]  1[0.0002]  0
0[1.0000]  1[0.0000]  0
0[1.0000]  1[0.0000]  0
0[0.0089]  1[0.9911]  1
0[0.9968]  1[0.0032]  0
0[0.0008]  1[0.9992]  1
0[0.0067]  1[0.9933]  1
0[0.2181]  1[0.7819]  1
0[0.0393]  1[0.9607]  1
0[0.9638]  1[0.0362]  0
0[0.0081]  1[0.9919]  1
0[0.0066]  1[0.9934]  1
0[1.0000]  1[0.0000]  0
0[0.9976]  1[0.0024]  0
0[0.0008]  1[0.9992]  1
0[0.9996]  1[0.0004]  0
0[0.9987]  1[0.0013]  0
0[0.3938]  1[0.6062]  1
0[0.9994]  1[0.0006]  0
0[0.1426]  1[0.8574]  1
0[0.9774]  1[0.0226]  0
0[0.0080]  1[0.9920]  1
0[0.0004]  1[0.9996]  1
0[0.0104]  1[0.9896]  1
0[0.0162]  1[0.9838]  1
0[0.8806]  1[0.1194]  0
0[0.9983]  1[0.0017]  0
0[1.0000]  1[0.0000]  0
0[1.0000]  1[0.0000]  0
0[0.9930]  1[0.0070]  0
0[0.0008]  1[0.9992]  1
0[0.0587]  1[0.9413]  1
0[0.9998]  1[0.0002]  0
0[0.9996]  1[0.0004]  0
0[0.9942]  1[0.0058]  0
0[0.5121]  1[0.4879]  0
0[1.0000]  1[0.0000]  0
