0[0.0207]  1[0.9793]  1
0[0.9987]  1[0.0013]  0
0[1.0000]  1[0.0000]  0
0[1.0000]  1[0.0000]  0
0[1.0000]  1[0.0000]  0
0[1.0000]  1[0.0000]  0
0[0.0033]  1[0.9967]  1
0[0.1021]  1[0.8979]  1
0[1.0000]  1[0.0000]  0
0[0.9988]  1[0.0012]  0
0[1.0000]  1[0.0000]  0
0[0.9958]  1[0.0042]  0
0[0.0025]  1[0.9975]  1
0[0.0533]  1[0.9467]  1
0[0.0080]  1[0.9920]  1
0[0.9998]  1[0.0002]  0
0[0.0068]  1[0.9932]  1
0[0.9961]  1[0.0039]  0
0[0.9996]  1[0.0004]  0
0[1.0000]  1[0.0000]  0
0[1.0000]  1[0.0000]  0
