0[0.9842]  1[0.0158]  0
0[1.0000]  1[0.0000]  0
0[0.9665]  1[0.0335]  0
0[0.0085]  1[0.9915]  1
0[0.9904]  1[0.0096]  0
0[0.0071]  1[0.9929]  1
0[0.6585]  1[0.3415]  0
0[0.9981]  1[0.0019]  0
0[1.0000]  1[0.0000]  0
0[1.0000]  1[0.0000]  0
0[0.9970]  1[0.0030]  0
0[0.8221]  1[0.1779]  0
0[0.0057]  1[0.9943]  1
0[0.0406]  1[0.9594]  1
0[0.0381]  1[0.9619]  1
0[1.0000]  1[0.0000]  0
0[1.0000]  1[0.0000]  0
0[0.2495]  1[0.7505]  1
0[0.9995]  1[0.0005]  0
0[0.9994]  1[0.0006]  0
0[0.1436]  1[0.8564]  1
0[0.9982]  1[0.0018]  0
0[1.0000]  1[0.0000]  0
0[0.0080]  1[0.9920]  1
0[0.0004]  1[0.9996]  1
0[1.0000]  1[0.0000]  0
0[0.9999]  1[0.0001]  0
0[1.0000]  1[0.0000]  0
0[0.9937]  1[0.0063]  0
0[0.9997]  1[0.0003]  0
0[0.9999]  1[0.0001]  0
0[1.0000]  1[0.0000]  0
0[0.0327]  1[0.9673]  1
0[0.0047]  1[0.9953]  1
0[0.5228]  1[0.4772]  0
0[0.3565]  1[0.6435]  1
0[0.9267]  1[0.0733]  0
0[0.0798]  1[0.9202]  1
0[0.0026]  1[0.9974]  1
0[0.9973]  1[0.0027]  0
0[0.0620]  1[0.9380]  1
0[0.9990]  1[0.0010]  0
0[1.0000]  1[0.0000]  0
0[0.0088]  1[0.9912]  1
0[0.6830]  1[0.3170]  0
0[0.2085]  1[0.7915]  1
0[0.9934]  1[0.0066]  0
0[0.0472]  1[0.9528]  1
0[0.9581]  1[0.0419]  0
0[0.7186]  1[0.2814]  0
0[0.0004]  1[0.9996]  1
0[0.1394]  1[0.8606]  1
0[1.0000]  1[0.0000]  0
0[0.0325]  1[0.9675]  1
0[0.0733]  1[0.9267]  1
0[0.0161]  1[0.9839]  1
0[0.9877]  1[0.0123]  0
0[0.9984]  1[0.0016]  0
0[1.0000]  1[0.0000]  0
0[1.0000]  1[0.0000]  0
0[0.9998]  1[0.0002]  0
0[1.0000]  1[0.0000]  0
0[1.0000]  1[0.0000]  0
0[1.0000]  1[0.0000]  0
0[0.0872]  1[0.9128]  1
0[0.9999]  1[0.0001]  0
0[0.0954]  1[0.9046]  1
0[0.1132]  1[0.8868]  1
0[0.9999]  1[0.0001]  0
0[1.0000]  1[0.0000]  0
0[0.0180]  1[0.9820]  1
0[0.9977]  1[0.0023]  0
0[0.9900]  1[0.0100]  0
0[0.0000]  1[1.0000]  1
0[0.1557]  1[0.8443]  1
