0[0.4048]  1[0.5952]  1
0[1.0000]  1[0.0000]  0
0[0.9955]  1[0.0045]  0
0[0.9998]  1[0.0002]  0
0[0.0029]  1[0.9971]  1
0[0.9961]  1[0.0039]  0
0[0.9987]  1[0.0013]  0
0[0.9991]  1[0.0009]  0
0[0.0048]  1[0.9952]  1
0[0.9969]  1[0.0031]  0
0[0.0074]  1[0.9926]  1
0[0.9989]  1[0.0011]  0
0[1.0000]  1[0.0000]  0
0[1.0000]  1[0.0000]  0
0[0.9997]  1[0.0003]  0
0[1.0000]  1[0.0000]  0
0[0.2967]  1[0.7033]  1
0[0.0089]  1[0.9911]  1
0[0.0006]  1[0.9994]  1
0[1.0000]  1[0.0000]  0
0[0.9678]  1[0.0322]  0
0[0.0839]  1[0.9161]  1
0[0.0073]  1[0.9927]  1
0[0.0151]  1[0.9849]  1
0[0.9988]  1[0.0012]  0
0[0.9421]  1[0.0579]  0
0[0.9997]  1[0.0003]  0
0[0.0002]  1[0.9998]  1
0[1.0000]  1[0.0000]  0
0[0.0072]  1[0.9928]  1
0[0.9999]  1[0.0001]  0
0[0.0030]  1[0.9970]  1
0[1.0000]  1[0.0000]  0
0[0.9999]  1[0.0001]  0
0[1.0000]  1[0.0000]  0
0[0.9999]  1[0.0001]  0
0[1.0000]  1[0.0000]  0
0[0.9998]  1[0.0002]  0
0[0.9999]  1[0.0001]  0
0[0.9790]  1[0.0210]  0
0[0.9999]  1[0.0001]  0
0[1.0000]  1[0.0000]  0
0[0.1424]  1[0.8576]  1
0[0.0141]  1[0.9859]  1
0[0.0094]  1[0.9906]  1
0[0.0024]  1[0.9976]  1
0[0.0338]  1[0.9662]  1
0[0.9999]  1[0.0001]  0
0[0.9999]  1[0.0001]  0
0[0.0016]  1[0.9984]  1
0[0.0686]  1[0.9314]  1
0[0.0102]  1[0.9898]  1
0[0.9963]  1[0.0037]  0
0[0.0052]  1[0.9948]  1
0[0.0052]  1[0.9948]  1
0[0.9999]  1[0.0001]  0
0[1.0000]  1[0.0000]  0
0[0.0181]  1[0.9819]  1
0[0.9274]  1[0.0726]  0
0[0.0865]  1[0.9135]  1
0[0.0161]  1[0.9839]  1
0[0.9999]  1[0.0001]  0
0[0.1783]  1[0.8217]  1
0[0.0030]  1[0.9970]  1
0[1.0000]  1[0.0000]  0
0[0.9928]  1[0.0072]  0
0[0.0008]  1[0.9992]  1
0[1.0000]  1[0.0000]  0
0[0.4108]  1[0.5892]  1
0[0.0003]  1[0.9997]  1
0[0.0134]  1[0.9866]  1
0[1.0000]  1[0.0000]  0
0[0.9999]  1[0.0001]  0
0[0.9947]  1[0.0053]  0
0[1.0000]  1[0.0000]  0
0[0.0822]  1[0.9178]  1
0[0.0040]  1[0.9960]  1
0[0.0489]  1[0.9511]  1
0[0.7047]  1[0.2953]  0
0[0.0074]  1[0.9926]  1
0[0.0079]  1[0.9921]  1
0[0.0119]  1[0.9881]  1
0[0.9978]  1[0.0022]  0
0[0.0001]  1[0.9999]  1
0[0.0112]  1[0.9888]  1
0[1.0000]  1[0.0000]  0
0[0.0141]  1[0.9859]  1
0[1.0000]  1[0.0000]  0
0[1.0000]  1[0.0000]  0
0[0.0192]  1[0.9808]  1
0[0.9989]  1[0.0011]  0
0[0.0664]  1[0.9336]  1
0[0.9981]  1[0.0019]  0
0[0.9977]  1[0.0023]  0
0[0.9892]  1[0.0108]  0
0[0.0919]  1[0.9081]  1
0[0.6690]  1[0.3310]  0
0[0.6572]  1[0.3428]  0
0[1.0000]  1[0.0000]  0
0[1.0000]  1[0.0000]  0
0[0.9949]  1[0.0051]  0
