0[0.9751]  1[0.0249]  0
0[0.0001]  1[0.9999]  1
0[0.9999]  1[0.0001]  0
0[1.0000]  1[0.0000]  0
0[0.9999]  1[0.0001]  0
0[0.9989]  1[0.0011]  0
0[0.9994]  1[0.0006]  0
0[0.0151]  1[0.9849]  1
0[0.0000]  1[1.0000]  1
0[0.0017]  1[0.9983]  1
0[0.9984]  1[0.0016]  0
0[0.0243]  1[0.9757]  1
0[0.9998]  1[0.0002]  0
0[0.0032]  1[0.9968]  1
0[1.0000]  1[0.0000]  0
0[0.9978]  1[0.0022]  0
0[0.9987]  1[0.0013]  0
0[0.9850]  1[0.0150]  0
0[0.0126]  1[0.9874]  1
0[0.8265]  1[0.1735]  0
0[0.0131]  1[0.9869]  1
0[0.7406]  1[0.2594]  0
0[0.9995]  1[0.0005]  0
0[0.9999]  1[0.0001]  0
0[1.0000]  1[0.0000]  0
0[0.0009]  1[0.9991]  1
0[0.9584]  1[0.0416]  0
0[0.0031]  1[0.9969]  1
0[0.0008]  1[0.9992]  1
0[0.9928]  1[0.0072]  0
0[0.1380]  1[0.8620]  1
0[0.8087]  1[0.1913]  0
0[0.9999]  1[0.0001]  0
0[0.9997]  1[0.0003]  0
0[0.9999]  1[0.0001]  0
0[0.9995]  1[0.0005]  0
0[0.9989]  1[0.0011]  0
0[0.9931]  1[0.0069]  0
0[0.0004]  1[0.9996]  1
0[0.9994]  1[0.0006]  0
0[0.0004]  1[0.9996]  1
0[1.0000]  1[0.0000]  0
0[0.9984]  1[0.0016]  0
0[1.0000]  1[0.0000]  0
0[0.0686]  1[0.9314]  1
0[1.0000]  1[0.0000]  0
0[1.0000]  1[0.0000]  0
0[1.0000]  1[0.0000]  0
0[0.9979]  1[0.0021]  0
0[0.9990]  1[0.0010]  0
0[1.0000]  1[0.0000]  0
0[0.9998]  1[0.0002]  0
0[1.0000]  1[0.0000]  0
0[0.9989]  1[0.0011]  0
0[0.9975]  1[0.0025]  0
0[0.0018]  1[0.9982]  1
0[0.0274]  1[0.9726]  1
0[1.0000]  1[0.0000]  0
0[0.0172]  1[0.9828]  1
0[0.0004]  1[0.9996]  1
0[0.0098]  1[0.9902]  1
0[0.9903]  1[0.0097]  0
0[0.9875]  1[0.0125]  0
0[0.3087]  1[0.6913]  1
0[0.9996]  1[0.0004]  0
0[0.9993]  1[0.0007]  0
0[0.3893]  1[0.6107]  1
0[0.9982]  1[0.0018]  0
0[0.9996]  1[0.0004]  0
0[0.0712]  1[0.9288]  1
0[0.9676]  1[0.0324]  0
0[0.9555]  1[0.0445]  0
0[0.9999]  1[0.0001]  0
0[0.3938]  1[0.6062]  1
0[0.9995]  1[0.0005]  0
0[0.9985]  1[0.0015]  0
0[0.0151]  1[0.9849]  1
0[1.0000]  1[0.0000]  0
