0[0.0000]  1[1.0000]  1
0[0.9994]  1[0.0006]  0
0[0.9999]  1[0.0001]  0
0[1.0000]  1[0.0000]  0
0[0.0223]  1[0.9777]  1
0[0.9999]  1[0.0001]  0
0[0.9999]  1[0.0001]  0
0[0.0195]  1[0.9805]  1
0[0.9999]  1[0.0001]  0
0[0.0001]  1[0.9999]  1
0[0.9999]  1[0.0001]  0
0[0.9998]  1[0.0002]  0
0[0.0444]  1[0.9556]  1
0[1.0000]  1[0.0000]  0
0[0.9995]  1[0.0005]  0
0[0.9974]  1[0.0026]  0
0[0.7495]  1[0.2505]  0
0[0.9998]  1[0.0002]  0
0[0.0013]  1[0.9987]  1
0[0.9978]  1[0.0022]  0
0[0.9984]  1[0.0016]  0
0[0.7126]  1[0.2874]  0
0[0.2390]  1[0.7610]  1
0[0.0137]  1[0.9863]  1
0[1.0000]  1[0.0000]  0
0[0.9994]  1[0.0006]  0
0[0.0002]  1[0.9998]  1
0[0.6537]  1[0.3463]  0
0[0.9980]  1[0.0020]  0
0[0.0065]  1[0.9935]  1
0[0.9979]  1[0.0021]  0
0[0.0171]  1[0.9829]  1
0[0.9989]  1[0.0011]  0
0[1.0000]  1[0.0000]  0
0[0.9975]  1[0.0025]  0
0[0.0279]  1[0.9721]  1
0[0.0023]  1[0.9977]  1
0[0.0007]  1[0.9993]  1
0[0.1707]  1[0.8293]  1
0[0.9999]  1[0.0001]  0
0[0.9985]  1[0.0015]  0
0[1.0000]  1[0.0000]  0
0[0.9894]  1[0.0106]  0
0[0.0451]  1[0.9549]  1
0[0.9980]  1[0.0020]  0
0[0.0135]  1[0.9865]  1
0[0.9710]  1[0.0290]  0
0[0.0004]  1[0.9996]  1
0[0.9955]  1[0.0045]  0
0[0.9989]  1[0.0011]  0
0[0.3597]  1[0.6403]  1
0[0.9994]  1[0.0006]  0
0[0.9972]  1[0.0028]  0
0[0.7953]  1[0.2047]  0
0[0.0073]  1[0.9927]  1
0[0.0008]  1[0.9992]  1
0[0.9998]  1[0.0002]  0
0[0.9999]  1[0.0001]  0
0[0.9996]  1[0.0004]  0
0[1.0000]  1[0.0000]  0
0[0.1071]  1[0.8929]  1
0[0.0019]  1[0.9981]  1
0[0.0000]  1[1.0000]  1
0[0.9919]  1[0.0081]  0
0[0.9981]  1[0.0019]  0
0[0.9978]  1[0.0022]  0
0[0.0221]  1[0.9779]  1
0[1.0000]  1[0.0000]  0
0[0.9995]  1[0.0005]  0
0[0.9923]  1[0.0077]  0
0[0.0228]  1[0.9772]  1
0[0.0004]  1[0.9996]  1
0[1.0000]  1[0.0000]  0
0[0.0008]  1[0.9992]  1
