0[0.0029]  1[0.9971]  1
0[0.9998]  1[0.0002]  0
0[0.9976]  1[0.0024]  0
0[0.9996]  1[0.0004]  0
0[0.0588]  1[0.9412]  1
0[0.9999]  1[0.0001]  0
0[0.9904]  1[0.0096]  0
0[0.0439]  1[0.9561]  1
0[0.9998]  1[0.0002]  0
0[0.9467]  1[0.0533]  0
0[0.9998]  1[0.0002]  0
0[0.2085]  1[0.7915]  1
0[0.9966]  1[0.0034]  0
0[0.0064]  1[0.9936]  1
0[0.9996]  1[0.0004]  0
0[0.1025]  1[0.8975]  1
0[0.9991]  1[0.0009]  0
0[0.9995]  1[0.0005]  0
0[0.3865]  1[0.6135]  1
0[0.0721]  1[0.9279]  1
0[0.2633]  1[0.7367]  1
0[0.9982]  1[0.0018]  0
0[0.9986]  1[0.0014]  0
0[0.0623]  1[0.9377]  1
0[0.9996]  1[0.0004]  0
0[0.9680]  1[0.0320]  0
0[0.9998]  1[0.0002]  0
0[0.9979]  1[0.0021]  0
0[0.9787]  1[0.0213]  0
0[0.9335]  1[0.0665]  0
0[0.9164]  1[0.0836]  0
0[0.9997]  1[0.0003]  0
0[0.9809]  1[0.0191]  0
0[0.0172]  1[0.9828]  1
0[0.9997]  1[0.0003]  0
0[0.9993]  1[0.0007]  0
0[0.0240]  1[0.9760]  1
0[0.5547]  1[0.4453]  0
0[0.9996]  1[0.0004]  0
0[1.0000]  1[0.0000]  0
0[0.9972]  1[0.0028]  0
0[0.9999]  1[0.0001]  0
0[0.0229]  1[0.9771]  1
0[0.9533]  1[0.0467]  0
0[0.0204]  1[0.9796]  1
0[1.0000]  1[0.0000]  0
0[0.9996]  1[0.0004]  0
0[0.0110]  1[0.9890]  1
0[0.9990]  1[0.0010]  0
0[1.0000]  1[0.0000]  0
0[0.0040]  1[0.9960]  1
0[0.0805]  1[0.9195]  1
0[0.9988]  1[0.0012]  0
0[0.7294]  1[0.2706]  0
0[0.0469]  1[0.9531]  1
0[0.9999]  1[0.0001]  0
0[0.0117]  1[0.9883]  1
0[0.9988]  1[0.0012]  0
0[0.0141]  1[0.9859]  1
0[0.9831]  1[0.0169]  0
0[0.9996]  1[0.0004]  0
0[0.9990]  1[0.0010]  0
0[1.0000]  1[0.0000]  0
0[0.9977]  1[0.0023]  0
0[0.0002]  1[0.9998]  1
0[0.9989]  1[0.0011]  0
0[0.0118]  1[0.9882]  1
0[0.9683]  1[0.0317]  0
0[0.9997]  1[0.0003]  0
0[0.0156]  1[0.9844]  1
0[1.0000]  1[0.0000]  0
0[0.9851]  1[0.0149]  0
0[0.2165]  1[0.7835]  1
0[1.0000]  1[0.0000]  0
0[1.0000]  1[0.0000]  0
0[0.9962]  1[0.0038]  0
0[0.9998]  1[0.0002]  0
0[0.0093]  1[0.9907]  1
0[0.9932]  1[0.0068]  0
0[0.1200]  1[0.8800]  1
0[0.9990]  1[0.0010]  0
0[0.0092]  1[0.9908]  1
0[0.0081]  1[0.9919]  1
0[0.9984]  1[0.0016]  0
0[1.0000]  1[0.0000]  0
0[0.9999]  1[0.0001]  0
0[0.0249]  1[0.9751]  1
0[0.0337]  1[0.9663]  1
0[0.9995]  1[0.0005]  0
0[0.0145]  1[0.9855]  1
0[0.0004]  1[0.9996]  1
