0[0.0017]  1[0.9983]  1
0[0.1406]  1[0.8594]  1
0[1.0000]  1[0.0000]  0
0[0.9901]  1[0.0099]  0
0[0.9999]  1[0.0001]  0
0[0.0002]  1[0.9998]  1
0[0.9772]  1[0.0228]  0
0[0.0523]  1[0.9477]  1
0[0.9891]  1[0.0109]  0
0[0.9995]  1[0.0005]  0
0[1.0000]  1[0.0000]  0
0[0.9775]  1[0.0225]  0
0[0.9977]  1[0.0023]  0
0[0.3014]  1[0.6986]  1
0[1.0000]  1[0.0000]  0
0[0.9584]  1[0.0416]  0
0[0.9596]  1[0.0404]  0
0[0.3038]  1[0.6962]  1
0[0.9993]  1[0.0007]  0
0[0.9989]  1[0.0011]  0
0[0.9991]  1[0.0009]  0
0[0.9997]  1[0.0003]  0
0[0.9981]  1[0.0019]  0
0[0.9107]  1[0.0893]  0
0[0.9999]  1[0.0001]  0
0[0.0764]  1[0.9236]  1
0[1.0000]  1[0.0000]  0
0[0.0026]  1[0.9974]  1
0[1.0000]  1[0.0000]  0
0[1.0000]  1[0.0000]  0
0[0.9814]  1[0.0186]  0
0[0.0001]  1[0.9999]  1
0[0.0012]  1[0.9988]  1
0[0.0111]  1[0.9889]  1
0[0.9996]  1[0.0004]  0
0[0.9999]  1[0.0001]  0
0[0.9998]  1[0.0002]  0
0[1.0000]  1[0.0000]  0
0[0.9998]  1[0.0002]  0
0[0.2184]  1[0.7816]  1
0[0.9990]  1[0.0010]  0
0[0.0062]  1[0.9938]  1
0[0.0080]  1[0.9920]  1
0[0.0125]  1[0.9875]  1
0[0.9937]  1[0.0063]  0
0[0.9751]  1[0.0249]  0
0[0.0211]  1[0.9789]  1
0[0.9982]  1[0.0018]  0
0[0.9994]  1[0.0006]  0
0[0.9884]  1[0.0116]  0
0[0.0104]  1[0.9896]  1
0[0.0161]  1[0.9839]  1
0[0.9985]  1[0.0015]  0
0[0.9977]  1[0.0023]  0
0[1.0000]  1[0.0000]  0
0[1.0000]  1[0.0000]  0
0[0.3038]  1[0.6962]  1
0[0.9997]  1[0.0003]  0
0[0.9998]  1[0.0002]  0
0[0.0729]  1[0.9271]  1
0[0.9996]  1[0.0004]  0
0[1.0000]  1[0.0000]  0
0[0.9786]  1[0.0214]  0
0[1.0000]  1[0.0000]  0
0[0.0161]  1[0.9839]  1
0[0.0003]  1[0.9997]  1
0[0.0336]  1[0.9664]  1
0[0.0226]  1[0.9774]  1
0[1.0000]  1[0.0000]  0
0[0.0161]  1[0.9839]  1
0[0.9900]  1[0.0100]  0
0[1.0000]  1[0.0000]  0
