0[0.9998]  1[0.0002]  0
0[0.9999]  1[0.0001]  0
0[0.0128]  1[0.9872]  1
0[0.0349]  1[0.9651]  1
0[0.9438]  1[0.0562]  0
0[0.0046]  1[0.9954]  1
0[0.0050]  1[0.9950]  1
0[0.8827]  1[0.1173]  0
0[0.0010]  1[0.9990]  1
0[0.0313]  1[0.9687]  1
0[0.9962]  1[0.0038]  0
0[0.9998]  1[0.0002]  0
0[0.0021]  1[0.9979]  1
0[0.0327]  1[0.9673]  1
0[0.0649]  1[0.9351]  1
0[1.0000]  1[0.0000]  0
0[0.0002]  1[0.9998]  1
0[0.9996]  1[0.0004]  0
0[0.0123]  1[0.9877]  1
0[1.0000]  1[0.0000]  0
0[0.9840]  1[0.0160]  0
0[0.9999]  1[0.0001]  0
0[0.9999]  1[0.0001]  0
0[0.0062]  1[0.9938]  1
0[0.0050]  1[0.9950]  1
0[0.7325]  1[0.2675]  0
0[0.9955]  1[0.0045]  0
0[0.9999]  1[0.0001]  0
0[0.9995]  1[0.0005]  0
0[0.0531]  1[0.9469]  1
0[0.9971]  1[0.0029]  0
0[1.0000]  1[0.0000]  0
0[1.0000]  1[0.0000]  0
0[1.0000]  1[0.0000]  0
0[0.9999]  1[0.0001]  0
0[1.0000]  1[0.0000]  0
0[0.0125]  1[0.9875]  1
0[0.9965]  1[0.0035]  0
0[1.0000]  1[0.0000]  0
0[0.9821]  1[0.0179]  0
0[0.9917]  1[0.0083]  0
0[0.9494]  1[0.0506]  0
0[1.0000]  1[0.0000]  0
0[0.0025]  1[0.9975]  1
0[0.1409]  1[0.8591]  1
0[0.0126]  1[0.9874]  1
0[0.6929]  1[0.3071]  0
0[0.0059]  1[0.9941]  1
0[0.0731]  1[0.9269]  1
0[0.7944]  1[0.2056]  0
0[1.0000]  1[0.0000]  0
0[0.9988]  1[0.0012]  0
0[0.9998]  1[0.0002]  0
0[0.9999]  1[0.0001]  0
0[1.0000]  1[0.0000]  0
0[0.0363]  1[0.9637]  1
0[0.9923]  1[0.0077]  0
0[0.0050]  1[0.9950]  1
0[0.0710]  1[0.9290]  1
0[0.6548]  1[0.3452]  0
0[0.9999]  1[0.0001]  0
0[0.9999]  1[0.0001]  0
0[0.7964]  1[0.2036]  0
0[0.9999]  1[0.0001]  0
0[0.9984]  1[0.0016]  0
0[0.0048]  1[0.9952]  1
0[1.0000]  1[0.0000]  0
0[0.0075]  1[0.9925]  1
0[0.9994]  1[0.0006]  0
0[0.9999]  1[0.0001]  0
0[1.0000]  1[0.0000]  0
0[0.9988]  1[0.0012]  0
