0[1.0000]  1[0.0000]  0
0[0.9997]  1[0.0003]  0
0[0.0031]  1[0.9969]  1
0[0.9984]  1[0.0016]  0
0[0.0009]  1[0.9991]  1
0[0.9974]  1[0.0026]  0
0[0.9996]  1[0.0004]  0
0[1.0000]  1[0.0000]  0
0[0.0110]  1[0.9890]  1
0[0.9999]  1[0.0001]  0
0[1.0000]  1[0.0000]  0
0[0.9998]  1[0.0002]  0
0[0.9998]  1[0.0002]  0
0[0.0004]  1[0.9996]  1
0[0.9997]  1[0.0003]  0
0[1.0000]  1[0.0000]  0
0[0.8503]  1[0.1497]  0
0[0.6658]  1[0.3342]  0
0[0.9998]  1[0.0002]  0
0[0.9998]  1[0.0002]  0
0[0.0019]  1[0.9981]  1
0[0.0000]  1[1.0000]  1
0[0.9904]  1[0.0096]  0
0[1.0000]  1[0.0000]  0
0[0.0092]  1[0.9908]  1
0[1.0000]  1[0.0000]  0
0[0.9996]  1[0.0004]  0
0[0.9998]  1[0.0002]  0
0[0.9997]  1[0.0003]  0
0[1.0000]  1[0.0000]  0
0[0.0160]  1[0.9840]  1
0[0.9999]  1[0.0001]  0
0[1.0000]  1[0.0000]  0
0[0.9988]  1[0.0012]  0
0[0.0481]  1[0.9519]  1
0[1.0000]  1[0.0000]  0
0[0.0001]  1[0.9999]  1
0[0.0139]  1[0.9861]  1
0[0.9995]  1[0.0005]  0
0[0.9998]  1[0.0002]  0
0[1.0000]  1[0.0000]  0
0[0.0079]  1[0.9921]  1
0[0.0071]  1[0.9929]  1
0[0.9491]  1[0.0509]  0
0[0.0001]  1[0.9999]  1
0[0.1086]  1[0.8914]  1
0[0.9546]  1[0.0454]  0
0[0.0048]  1[0.9952]  1
0[0.9996]  1[0.0004]  0
0[0.9980]  1[0.0020]  0
0[0.9992]  1[0.0008]  0
0[0.9991]  1[0.0009]  0
0[0.9999]  1[0.0001]  0
0[1.0000]  1[0.0000]  0
0[0.9999]  1[0.0001]  0
0[1.0000]  1[0.0000]  0
0[1.0000]  1[0.0000]  0
0[0.9986]  1[0.0014]  0
0[0.0111]  1[0.9889]  1
0[0.9999]  1[0.0001]  0
0[1.0000]  1[0.0000]  0
0[0.9999]  1[0.0001]  0
0[1.0000]  1[0.0000]  0
0[1.0000]  1[0.0000]  0
0[1.0000]  1[0.0000]  0
0[0.0236]  1[0.9764]  1
0[0.3195]  1[0.6805]  1
0[1.0000]  1[0.0000]  0
0[0.4585]  1[0.5415]  1
0[1.0000]  1[0.0000]  0
0[1.0000]  1[0.0000]  0
0[1.0000]  1[0.0000]  0
0[1.0000]  1[0.0000]  0
0[0.0323]  1[0.9677]  1
0[0.0054]  1[0.9946]  1
0[1.0000]  1[0.0000]  0
0[1.0000]  1[0.0000]  0
0[0.9999]  1[0.0001]  0
0[0.0093]  1[0.9907]  1
0[0.9999]  1[0.0001]  0
0[0.9998]  1[0.0002]  0
0[1.0000]  1[0.0000]  0
0[0.0068]  1[0.9932]  1
0[0.0074]  1[0.9926]  1
0[1.0000]  1[0.0000]  0
0[0.9998]  1[0.0002]  0
0[0.7827]  1[0.2173]  0
0[0.9996]  1[0.0004]  0
0[0.9996]  1[0.0004]  0
0[1.0000]  1[0.0000]  0
0[1.0000]  1[0.0000]  0
0[0.0003]  1[0.9997]  1
0[0.9989]  1[0.0011]  0
0[0.0086]  1[0.9914]  1
0[1.0000]  1[0.0000]  0
0[0.0757]  1[0.9243]  1
0[0.0147]  1[0.9853]  1
0[1.0000]  1[0.0000]  0
0[0.9996]  1[0.0004]  0
0[0.0004]  1[0.9996]  1
0[0.8806]  1[0.1194]  0
0[0.9987]  1[0.0013]  0
0[0.0789]  1[0.9211]  1
0[0.0022]  1[0.9978]  1
0[0.9991]  1[0.0009]  0
0[0.0120]  1[0.9880]  1
0[1.0000]  1[0.0000]  0
0[0.0045]  1[0.9955]  1
0[0.0553]  1[0.9447]  1
0[0.9690]  1[0.0310]  0
0[0.0149]  1[0.9851]  1
0[0.0161]  1[0.9839]  1
0[0.6197]  1[0.3803]  0
0[0.0019]  1[0.9981]  1
0[0.0085]  1[0.9915]  1
0[0.4842]  1[0.5158]  1
0[0.9982]  1[0.0018]  0
0[0.4385]  1[0.5615]  1
0[0.9996]  1[0.0004]  0
0[1.0000]  1[0.0000]  0
0[0.9992]  1[0.0008]  0
0[1.0000]  1[0.0000]  0
0[0.0076]  1[0.9924]  1
0[0.0112]  1[0.9888]  1
0[0.9993]  1[0.0007]  0
0[0.9939]  1[0.0061]  0
0[0.9997]  1[0.0003]  0
0[0.9997]  1[0.0003]  0
0[0.0304]  1[0.9696]  1
