0[0.0301]  1[0.9699]  1
0[0.0210]  1[0.9790]  1
0[0.9999]  1[0.0001]  0
0[0.0044]  1[0.9956]  1
0[0.0333]  1[0.9667]  1
0[0.8969]  1[0.1031]  0
0[1.0000]  1[0.0000]  0
0[0.9995]  1[0.0005]  0
0[0.0301]  1[0.9699]  1
0[0.0210]  1[0.9790]  1
0[0.9999]  1[0.0001]  0
0[0.6686]  1[0.3314]  0
0[0.9996]  1[0.0004]  0
0[0.9992]  1[0.0008]  0
0[1.0000]  1[0.0000]  0
0[1.0000]  1[0.0000]  0
0[0.0000]  1[1.0000]  1
0[0.0267]  1[0.9733]  1
0[0.9999]  1[0.0001]  0
0[0.0162]  1[0.9838]  1
0[1.0000]  1[0.0000]  0
0[0.9998]  1[0.0002]  0
