0[0.8448]  1[0.1552]  0
0[1.0000]  1[0.0000]  0
0[0.6902]  1[0.3098]  0
0[0.0027]  1[0.9973]  1
0[0.0089]  1[0.9911]  1
0[0.9820]  1[0.0180]  0
0[0.0069]  1[0.9931]  1
0[0.9999]  1[0.0001]  0
0[0.0163]  1[0.9837]  1
0[0.9766]  1[0.0234]  0
0[1.0000]  1[0.0000]  0
0[0.1021]  1[0.8979]  1
0[0.9948]  1[0.0052]  0
0[0.9999]  1[0.0001]  0
0[1.0000]  1[0.0000]  0
0[0.0255]  1[0.9745]  1
0[0.0078]  1[0.9922]  1
0[0.9999]  1[0.0001]  0
0[0.9934]  1[0.0066]  0
0[1.0000]  1[0.0000]  0
0[1.0000]  1[0.0000]  0
0[0.9983]  1[0.0017]  0
0[0.9856]  1[0.0144]  0
0[1.0000]  1[0.0000]  0
0[0.0929]  1[0.9071]  1
0[0.9986]  1[0.0014]  0
0[0.9975]  1[0.0025]  0
0[0.9985]  1[0.0015]  0
0[0.9998]  1[0.0002]  0
0[0.0439]  1[0.9561]  1
0[1.0000]  1[0.0000]  0
0[0.0001]  1[0.9999]  1
0[0.9988]  1[0.0012]  0
0[0.9965]  1[0.0035]  0
0[1.0000]  1[0.0000]  0
0[0.0083]  1[0.9917]  1
0[0.9838]  1[0.0162]  0
0[1.0000]  1[0.0000]  0
0[0.9997]  1[0.0003]  0
0[0.9999]  1[0.0001]  0
0[1.0000]  1[0.0000]  0
0[1.0000]  1[0.0000]  0
0[1.0000]  1[0.0000]  0
0[0.9996]  1[0.0004]  0
0[1.0000]  1[0.0000]  0
0[0.9992]  1[0.0008]  0
0[1.0000]  1[0.0000]  0
0[0.0419]  1[0.9581]  1
0[1.0000]  1[0.0000]  0
0[0.0489]  1[0.9511]  1
