0[0.9989]  1[0.0011]  0
0[0.9985]  1[0.0015]  0
0[0.9953]  1[0.0047]  0
0[0.0268]  1[0.9732]  1
0[0.0002]  1[0.9998]  1
0[1.0000]  1[0.0000]  0
0[0.9975]  1[0.0025]  0
0[0.0261]  1[0.9739]  1
0[0.0000]  1[1.0000]  1
0[0.0004]  1[0.9996]  1
0[1.0000]  1[0.0000]  0
0[0.9343]  1[0.0657]  0
0[0.9996]  1[0.0004]  0
0[1.0000]  1[0.0000]  0
0[0.1354]  1[0.8646]  1
0[1.0000]  1[0.0000]  0
0[1.0000]  1[0.0000]  0
0[0.0030]  1[0.9970]  1
0[0.9996]  1[0.0004]  0
0[0.9983]  1[0.0017]  0
0[0.0436]  1[0.9564]  1
0[0.9998]  1[0.0002]  0
0[0.0069]  1[0.9931]  1
0[1.0000]  1[0.0000]  0
0[0.0316]  1[0.9684]  1
0[0.9968]  1[0.0032]  0
0[0.0295]  1[0.9705]  1
0[1.0000]  1[0.0000]  0
0[0.9996]  1[0.0004]  0
0[0.9947]  1[0.0053]  0
0[0.9984]  1[0.0016]  0
0[1.0000]  1[0.0000]  0
0[1.0000]  1[0.0000]  0
0[0.0050]  1[0.9950]  1
0[0.9951]  1[0.0049]  0
0[0.9999]  1[0.0001]  0
0[0.0327]  1[0.9673]  1
0[1.0000]  1[0.0000]  0
0[0.0116]  1[0.9884]  1
0[0.9083]  1[0.0917]  0
0[0.9832]  1[0.0168]  0
0[1.0000]  1[0.0000]  0
0[0.9625]  1[0.0375]  0
0[0.7074]  1[0.2926]  0
0[0.9999]  1[0.0001]  0
0[0.0075]  1[0.9925]  1
0[0.9982]  1[0.0018]  0
0[0.0093]  1[0.9907]  1
0[0.9976]  1[0.0024]  0
0[0.9992]  1[0.0008]  0
0[1.0000]  1[0.0000]  0
0[0.9881]  1[0.0119]  0
0[1.0000]  1[0.0000]  0
0[0.0133]  1[0.9867]  1
0[0.0069]  1[0.9931]  1
0[0.1951]  1[0.8049]  1
0[0.0001]  1[0.9999]  1
0[0.0055]  1[0.9945]  1
0[0.9985]  1[0.0015]  0
0[1.0000]  1[0.0000]  0
0[0.9134]  1[0.0866]  0
0[0.9999]  1[0.0001]  0
0[0.9995]  1[0.0005]  0
0[0.9997]  1[0.0003]  0
0[0.3976]  1[0.6024]  1
0[1.0000]  1[0.0000]  0
0[0.1044]  1[0.8956]  1
0[1.0000]  1[0.0000]  0
0[0.1636]  1[0.8364]  1
0[1.0000]  1[0.0000]  0
0[0.0133]  1[0.9867]  1
0[0.0255]  1[0.9745]  1
0[0.9962]  1[0.0038]  0
0[0.0133]  1[0.9867]  1
0[0.9962]  1[0.0038]  0
0[0.0050]  1[0.9950]  1
0[0.9975]  1[0.0025]  0
0[0.8909]  1[0.1091]  0
0[0.9939]  1[0.0061]  0
0[0.0002]  1[0.9998]  1
0[0.0453]  1[0.9547]  1
0[0.9713]  1[0.0287]  0
0[0.9863]  1[0.0137]  0
0[1.0000]  1[0.0000]  0
0[1.0000]  1[0.0000]  0
0[0.9989]  1[0.0011]  0
0[0.0005]  1[0.9995]  1
0[0.9996]  1[0.0004]  0
0[0.0019]  1[0.9981]  1
0[0.4124]  1[0.5876]  1
0[1.0000]  1[0.0000]  0
0[0.0061]  1[0.9939]  1
0[1.0000]  1[0.0000]  0
0[0.1806]  1[0.8194]  1
0[0.8884]  1[0.1116]  0
0[0.9959]  1[0.0041]  0
0[0.9980]  1[0.0020]  0
0[0.9985]  1[0.0015]  0
0[0.9987]  1[0.0013]  0
0[1.0000]  1[0.0000]  0
0[0.9982]  1[0.0018]  0
0[0.0044]  1[0.9956]  1
0[1.0000]  1[0.0000]  0
0[1.0000]  1[0.0000]  0
0[0.9999]  1[0.0001]  0
0[0.0006]  1[0.9994]  1
0[0.0044]  1[0.9956]  1
0[0.0143]  1[0.9857]  1
0[0.9999]  1[0.0001]  0
0[0.9999]  1[0.0001]  0
0[1.0000]  1[0.0000]  0
0[0.9575]  1[0.0425]  0
0[0.0658]  1[0.9342]  1
0[0.9969]  1[0.0031]  0
0[0.9843]  1[0.0157]  0
0[0.9960]  1[0.0040]  0
0[0.9973]  1[0.0027]  0
0[0.9917]  1[0.0083]  0
0[0.9997]  1[0.0003]  0
0[0.9996]  1[0.0004]  0
0[0.0010]  1[0.9990]  1
0[0.9086]  1[0.0914]  0
0[0.9999]  1[0.0001]  0
0[0.9991]  1[0.0009]  0
0[0.0038]  1[0.9962]  1
0[1.0000]  1[0.0000]  0
0[0.9805]  1[0.0195]  0
0[0.9976]  1[0.0024]  0
0[0.9980]  1[0.0020]  0
0[0.9994]  1[0.0006]  0
0[0.0001]  1[0.9999]  1
0[0.0116]  1[0.9884]  1
0[1.0000]  1[0.0000]  0
0[0.9983]  1[0.0017]  0
0[0.9998]  1[0.0002]  0
0[1.0000]  1[0.0000]  0
0[0.9977]  1[0.0023]  0
0[0.9948]  1[0.0052]  0
0[0.0078]  1[0.9922]  1
0[0.9999]  1[0.0001]  0
0[0.9974]  1[0.0026]  0
0[1.0000]  1[0.0000]  0
0[1.0000]  1[0.0000]  0
0[0.0015]  1[0.9985]  1
0[0.0014]  1[0.9986]  1
0[0.3164]  1[0.6836]  1
0[0.9983]  1[0.0017]  0
