0[0.9995]  1[0.0005]  0
0[0.0073]  1[0.9927]  1
0[0.9897]  1[0.0103]  0
0[0.0025]  1[0.9975]  1
0[0.9992]  1[0.0008]  0
0[0.9620]  1[0.0380]  0
0[0.9999]  1[0.0001]  0
0[1.0000]  1[0.0000]  0
0[0.8085]  1[0.1915]  0
0[0.0025]  1[0.9975]  1
0[0.9993]  1[0.0007]  0
0[0.9968]  1[0.0032]  0
0[0.9984]  1[0.0016]  0
0[0.0275]  1[0.9725]  1
0[0.0245]  1[0.9755]  1
0[0.0206]  1[0.9794]  1
0[1.0000]  1[0.0000]  0
0[0.9929]  1[0.0071]  0
0[0.0186]  1[0.9814]  1
0[0.9999]  1[0.0001]  0
0[0.9918]  1[0.0082]  0
0[0.9999]  1[0.0001]  0
0[0.0537]  1[0.9463]  1
0[0.9999]  1[0.0001]  0
0[0.0466]  1[0.9534]  1
0[0.9993]  1[0.0007]  0
0[0.0040]  1[0.9960]  1
0[0.0010]  1[0.9990]  1
0[0.0064]  1[0.9936]  1
0[0.9972]  1[0.0028]  0
0[0.9982]  1[0.0018]  0
0[0.9970]  1[0.0030]  0
0[0.0398]  1[0.9602]  1
0[0.9986]  1[0.0014]  0
0[0.9896]  1[0.0104]  0
0[0.9988]  1[0.0012]  0
0[0.0010]  1[0.9990]  1
0[0.0280]  1[0.9720]  1
0[0.1289]  1[0.8711]  1
0[0.9956]  1[0.0044]  0
0[0.9996]  1[0.0004]  0
0[0.0047]  1[0.9953]  1
0[0.9944]  1[0.0056]  0
0[0.0266]  1[0.9734]  1
0[0.9999]  1[0.0001]  0
0[0.9975]  1[0.0025]  0
0[1.0000]  1[0.0000]  0
0[0.0133]  1[0.9867]  1
