0[0.0002]  1[0.9998]  1
0[0.0054]  1[0.9946]  1
0[0.9971]  1[0.0029]  0
0[1.0000]  1[0.0000]  0
0[0.1649]  1[0.8351]  1
0[0.9718]  1[0.0282]  0
0[0.9975]  1[0.0025]  0
0[0.9976]  1[0.0024]  0
0[0.0002]  1[0.9998]  1
0[0.4542]  1[0.5458]  1
0[0.9998]  1[0.0002]  0
0[0.0464]  1[0.9536]  1
0[1.0000]  1[0.0000]  0
0[0.9999]  1[0.0001]  0
0[0.9999]  1[0.0001]  0
0[0.1392]  1[0.8608]  1
0[0.0154]  1[0.9846]  1
0[0.8695]  1[0.1305]  0
0[0.9995]  1[0.0005]  0
0[0.0000]  1[1.0000]  1
0[0.0471]  1[0.9529]  1
0[0.0343]  1[0.9657]  1
0[0.9999]  1[0.0001]  0
0[0.9999]  1[0.0001]  0
0[0.0725]  1[0.9275]  1
0[0.0000]  1[1.0000]  1
0[0.9999]  1[0.0001]  0
0[1.0000]  1[0.0000]  0
0[0.2588]  1[0.7412]  1
0[0.0023]  1[0.9977]  1
0[1.0000]  1[0.0000]  0
0[1.0000]  1[0.0000]  0
0[1.0000]  1[0.0000]  0
0[0.0137]  1[0.9863]  1
0[1.0000]  1[0.0000]  0
0[0.9970]  1[0.0030]  0
0[0.9938]  1[0.0062]  0
0[1.0000]  1[0.0000]  0
0[0.0506]  1[0.9494]  1
0[0.9908]  1[0.0092]  0
0[0.0856]  1[0.9144]  1
0[0.9999]  1[0.0001]  0
0[0.0025]  1[0.9975]  1
0[0.5709]  1[0.4291]  0
0[0.0040]  1[0.9960]  1
0[1.0000]  1[0.0000]  0
0[0.0115]  1[0.9885]  1
0[1.0000]  1[0.0000]  0
0[1.0000]  1[0.0000]  0
0[0.9372]  1[0.0628]  0
0[1.0000]  1[0.0000]  0
0[1.0000]  1[0.0000]  0
0[0.9987]  1[0.0013]  0
0[0.9989]  1[0.0011]  0
