0[0.0072]  1[0.9928]  1
0[0.0003]  1[0.9997]  1
0[1.0000]  1[0.0000]  0
0[0.0002]  1[0.9998]  1
0[0.0168]  1[0.9832]  1
0[0.0003]  1[0.9997]  1
0[0.0894]  1[0.9106]  1
0[0.0008]  1[0.9992]  1
0[0.0004]  1[0.9996]  1
0[0.0170]  1[0.9830]  1
0[0.0553]  1[0.9447]  1
0[0.9999]  1[0.0001]  0
0[0.9997]  1[0.0003]  0
0[0.0000]  1[1.0000]  1
0[0.0362]  1[0.9638]  1
0[0.9999]  1[0.0001]  0
0[0.9244]  1[0.0756]  0
0[1.0000]  1[0.0000]  0
0[0.9979]  1[0.0021]  0
0[0.9995]  1[0.0005]  0
0[0.0000]  1[1.0000]  1
0[0.0095]  1[0.9905]  1
0[0.9990]  1[0.0010]  0
0[0.2440]  1[0.7560]  1
0[1.0000]  1[0.0000]  0
0[0.9989]  1[0.0011]  0
0[0.0031]  1[0.9969]  1
0[0.9999]  1[0.0001]  0
0[0.0084]  1[0.9916]  1
0[0.9999]  1[0.0001]  0
0[0.9999]  1[0.0001]  0
0[0.1318]  1[0.8682]  1
0[0.9584]  1[0.0416]  0
0[0.0008]  1[0.9992]  1
0[0.0003]  1[0.9997]  1
0[0.9996]  1[0.0004]  0
0[0.0242]  1[0.9758]  1
0[0.9999]  1[0.0001]  0
