0[0.0473]  1[0.9527]  1
0[0.0003]  1[0.9997]  1
0[0.9996]  1[0.0004]  0
0[1.0000]  1[0.0000]  0
0[0.9988]  1[0.0012]  0
0[0.0117]  1[0.9883]  1
0[0.9995]  1[0.0005]  0
0[0.9965]  1[0.0035]  0
0[0.0049]  1[0.9951]  1
0[0.0197]  1[0.9803]  1
0[0.0533]  1[0.9467]  1
0[0.9998]  1[0.0002]  0
0[0.6000]  1[0.4000]  0
0[0.3557]  1[0.6443]  1
0[0.0001]  1[0.9999]  1
0[0.0831]  1[0.9169]  1
0[0.9995]  1[0.0005]  0
0[0.0726]  1[0.9274]  1
0[0.9999]  1[0.0001]  0
0[0.9989]  1[0.0011]  0
0[0.5155]  1[0.4845]  0
0[0.0034]  1[0.9966]  1
0[0.9973]  1[0.0027]  0
0[1.0000]  1[0.0000]  0
0[0.0057]  1[0.9943]  1
0[0.9996]  1[0.0004]  0
0[0.9999]  1[0.0001]  0
0[0.9992]  1[0.0008]  0
0[0.0059]  1[0.9941]  1
0[0.9997]  1[0.0003]  0
0[0.0003]  1[0.9997]  1
0[0.0420]  1[0.9580]  1
0[0.0039]  1[0.9961]  1
0[0.9983]  1[0.0017]  0
0[0.9981]  1[0.0019]  0
0[0.9966]  1[0.0034]  0
0[1.0000]  1[0.0000]  0
0[0.9992]  1[0.0008]  0
0[0.9999]  1[0.0001]  0
0[0.9959]  1[0.0041]  0
0[0.0222]  1[0.9778]  1
0[0.9999]  1[0.0001]  0
0[0.0117]  1[0.9883]  1
0[0.0562]  1[0.9438]  1
0[0.9990]  1[0.0010]  0
0[1.0000]  1[0.0000]  0
0[0.9996]  1[0.0004]  0
0[0.9977]  1[0.0023]  0
0[0.9998]  1[0.0002]  0
0[0.0019]  1[0.9981]  1
0[1.0000]  1[0.0000]  0
0[0.0228]  1[0.9772]  1
0[0.0609]  1[0.9391]  1
0[0.9998]  1[0.0002]  0
0[0.0118]  1[0.9882]  1
0[0.9994]  1[0.0006]  0
0[0.0001]  1[0.9999]  1
0[0.9996]  1[0.0004]  0
0[0.9790]  1[0.0210]  0
0[0.9999]  1[0.0001]  0
0[0.9872]  1[0.0128]  0
0[0.9981]  1[0.0019]  0
0[1.0000]  1[0.0000]  0
0[0.0000]  1[1.0000]  1
0[0.0188]  1[0.9812]  1
0[0.0002]  1[0.9998]  1
0[0.9994]  1[0.0006]  0
0[1.0000]  1[0.0000]  0
0[0.9981]  1[0.0019]  0
0[1.0000]  1[0.0000]  0
0[0.9999]  1[0.0001]  0
0[0.3303]  1[0.6697]  1
0[0.9999]  1[0.0001]  0
0[0.0002]  1[0.9998]  1
0[0.9993]  1[0.0007]  0
0[1.0000]  1[0.0000]  0
0[0.0375]  1[0.9625]  1
0[0.9997]  1[0.0003]  0
0[0.9813]  1[0.0187]  0
0[0.9756]  1[0.0244]  0
0[0.9996]  1[0.0004]  0
0[1.0000]  1[0.0000]  0
0[0.0037]  1[0.9963]  1
0[0.0038]  1[0.9962]  1
0[0.0270]  1[0.9730]  1
