0[0.9993]  1[0.0007]  0
0[1.0000]  1[0.0000]  0
0[0.0066]  1[0.9934]  1
0[0.9559]  1[0.0441]  0
0[0.9694]  1[0.0306]  0
0[1.0000]  1[0.0000]  0
0[0.9936]  1[0.0064]  0
0[0.0824]  1[0.9176]  1
0[0.0235]  1[0.9765]  1
0[0.0124]  1[0.9876]  1
0[0.0005]  1[0.9995]  1
0[0.0449]  1[0.9551]  1
0[0.0077]  1[0.9923]  1
0[0.0533]  1[0.9467]  1
0[0.0213]  1[0.9787]  1
0[0.0044]  1[0.9956]  1
0[1.0000]  1[0.0000]  0
0[0.9999]  1[0.0001]  0
0[0.0657]  1[0.9343]  1
0[0.0045]  1[0.9955]  1
0[0.7581]  1[0.2419]  0
0[1.0000]  1[0.0000]  0
0[0.9993]  1[0.0007]  0
0[0.9740]  1[0.0260]  0
0[0.0063]  1[0.9937]  1
0[0.0002]  1[0.9998]  1
0[0.0867]  1[0.9133]  1
0[0.9999]  1[0.0001]  0
0[0.9999]  1[0.0001]  0
0[0.9999]  1[0.0001]  0
0[0.9999]  1[0.0001]  0
0[0.0030]  1[0.9970]  1
0[0.0150]  1[0.9850]  1
0[0.9999]  1[0.0001]  0
0[0.9994]  1[0.0006]  0
0[0.9996]  1[0.0004]  0
0[0.9969]  1[0.0031]  0
0[0.9997]  1[0.0003]  0
0[1.0000]  1[0.0000]  0
0[1.0000]  1[0.0000]  0
0[0.9993]  1[0.0007]  0
0[0.1875]  1[0.8125]  1
0[0.9984]  1[0.0016]  0
0[0.9980]  1[0.0020]  0
0[1.0000]  1[0.0000]  0
0[0.0176]  1[0.9824]  1
0[0.0023]  1[0.9977]  1
0[1.0000]  1[0.0000]  0
0[0.9982]  1[0.0018]  0
0[0.9976]  1[0.0024]  0
0[0.9940]  1[0.0060]  0
0[0.9983]  1[0.0017]  0
0[0.5434]  1[0.4566]  0
0[0.0395]  1[0.9605]  1
0[0.0099]  1[0.9901]  1
0[0.0296]  1[0.9704]  1
0[0.9999]  1[0.0001]  0
0[0.9954]  1[0.0046]  0
0[0.0050]  1[0.9950]  1
0[1.0000]  1[0.0000]  0
0[0.0048]  1[0.9952]  1
0[0.0851]  1[0.9149]  1
0[0.0109]  1[0.9891]  1
0[1.0000]  1[0.0000]  0
0[0.0000]  1[1.0000]  1
0[0.9999]  1[0.0001]  0
0[0.0084]  1[0.9916]  1
0[0.9977]  1[0.0023]  0
0[0.9999]  1[0.0001]  0
0[0.9997]  1[0.0003]  0
0[0.9992]  1[0.0008]  0
0[0.9999]  1[0.0001]  0
0[0.0038]  1[0.9962]  1
0[1.0000]  1[0.0000]  0
0[0.9999]  1[0.0001]  0
0[0.9957]  1[0.0043]  0
0[0.0591]  1[0.9409]  1
0[0.9853]  1[0.0147]  0
0[0.0069]  1[0.9931]  1
