0[0.0159]  1[0.9841]  1
0[0.9999]  1[0.0001]  0
0[0.9960]  1[0.0040]  0
0[1.0000]  1[0.0000]  0
0[0.9955]  1[0.0045]  0
0[1.0000]  1[0.0000]  0
0[0.9999]  1[0.0001]  0
0[0.9993]  1[0.0007]  0
0[0.0173]  1[0.9827]  1
0[0.0394]  1[0.9606]  1
0[0.9949]  1[0.0051]  0
0[0.9996]  1[0.0004]  0
0[0.0548]  1[0.9452]  1
0[0.9986]  1[0.0014]  0
0[0.9651]  1[0.0349]  0
0[0.9996]  1[0.0004]  0
0[0.9995]  1[0.0005]  0
0[0.9979]  1[0.0021]  0
0[1.0000]  1[0.0000]  0
0[0.0105]  1[0.9895]  1
0[0.2169]  1[0.7831]  1
0[0.2825]  1[0.7175]  1
0[1.0000]  1[0.0000]  0
0[0.9999]  1[0.0001]  0
0[0.7456]  1[0.2544]  0
0[1.0000]  1[0.0000]  0
0[0.9987]  1[0.0013]  0
0[0.9994]  1[0.0006]  0
0[0.0207]  1[0.9793]  1
0[0.9509]  1[0.0491]  0
0[0.0438]  1[0.9562]  1
0[1.0000]  1[0.0000]  0
0[0.9955]  1[0.0045]  0
0[0.9822]  1[0.0178]  0
0[0.9995]  1[0.0005]  0
0[0.0022]  1[0.9978]  1
0[0.9932]  1[0.0068]  0
0[0.0196]  1[0.9804]  1
0[1.0000]  1[0.0000]  0
0[1.0000]  1[0.0000]  0
0[0.2291]  1[0.7709]  1
0[1.0000]  1[0.0000]  0
0[0.9998]  1[0.0002]  0
0[0.0296]  1[0.9704]  1
0[0.9996]  1[0.0004]  0
0[1.0000]  1[0.0000]  0
0[0.9962]  1[0.0038]  0
0[0.0246]  1[0.9754]  1
0[0.0000]  1[1.0000]  1
0[0.9987]  1[0.0013]  0
0[1.0000]  1[0.0000]  0
0[1.0000]  1[0.0000]  0
0[0.9980]  1[0.0020]  0
0[1.0000]  1[0.0000]  0
0[0.9991]  1[0.0009]  0
0[1.0000]  1[0.0000]  0
0[0.0467]  1[0.9533]  1
0[0.0004]  1[0.9996]  1
0[1.0000]  1[0.0000]  0
0[0.9983]  1[0.0017]  0
0[1.0000]  1[0.0000]  0
