0[1.0000]  1[0.0000]  0
0[0.0022]  1[0.9978]  1
0[1.0000]  1[0.0000]  0
0[0.0027]  1[0.9973]  1
0[0.9985]  1[0.0015]  0
0[0.0293]  1[0.9707]  1
0[0.9985]  1[0.0015]  0
0[0.9975]  1[0.0025]  0
0[0.0019]  1[0.9981]  1
0[1.0000]  1[0.0000]  0
0[0.9999]  1[0.0001]  0
0[0.9971]  1[0.0029]  0
0[0.9895]  1[0.0105]  0
0[0.9986]  1[0.0014]  0
0[0.0012]  1[0.9988]  1
0[0.0142]  1[0.9858]  1
0[0.9999]  1[0.0001]  0
0[1.0000]  1[0.0000]  0
0[0.0321]  1[0.9679]  1
0[0.9829]  1[0.0171]  0
0[0.8902]  1[0.1098]  0
0[0.0810]  1[0.9190]  1
0[0.0030]  1[0.9970]  1
0[0.9992]  1[0.0008]  0
0[1.0000]  1[0.0000]  0
0[0.9940]  1[0.0060]  0
0[0.0103]  1[0.9897]  1
0[0.0220]  1[0.9780]  1
0[0.5714]  1[0.4286]  0
0[0.0010]  1[0.9990]  1
0[0.0019]  1[0.9981]  1
0[0.9998]  1[0.0002]  0
0[0.9999]  1[0.0001]  0
0[0.9999]  1[0.0001]  0
0[0.9998]  1[0.0002]  0
0[0.0015]  1[0.9985]  1
0[0.9995]  1[0.0005]  0
0[0.9992]  1[0.0008]  0
0[0.9993]  1[0.0007]  0
0[1.0000]  1[0.0000]  0
0[0.9999]  1[0.0001]  0
0[0.0412]  1[0.9588]  1
