0[1.0000]  1[0.0000]  0
0[0.9997]  1[0.0003]  0
0[0.0153]  1[0.9847]  1
0[0.0003]  1[0.9997]  1
0[0.9783]  1[0.0217]  0
0[0.9999]  1[0.0001]  0
0[1.0000]  1[0.0000]  0
0[0.0080]  1[0.9920]  1
0[1.0000]  1[0.0000]  0
0[0.9985]  1[0.0015]  0
0[0.2722]  1[0.7278]  1
0[0.0041]  1[0.9959]  1
0[0.1143]  1[0.8857]  1
0[0.9998]  1[0.0002]  0
0[1.0000]  1[0.0000]  0
0[0.0025]  1[0.9975]  1
0[1.0000]  1[0.0000]  0
0[0.9889]  1[0.0111]  0
0[0.0001]  1[0.9999]  1
0[0.3670]  1[0.6330]  1
0[0.0638]  1[0.9362]  1
0[0.0080]  1[0.9920]  1
0[0.0565]  1[0.9435]  1
0[0.9994]  1[0.0006]  0
0[0.9998]  1[0.0002]  0
0[1.0000]  1[0.0000]  0
0[0.9995]  1[0.0005]  0
0[0.9988]  1[0.0012]  0
0[0.0272]  1[0.9728]  1
0[1.0000]  1[0.0000]  0
0[0.9972]  1[0.0028]  0
0[1.0000]  1[0.0000]  0
0[0.9840]  1[0.0160]  0
0[0.9984]  1[0.0016]  0
0[0.9997]  1[0.0003]  0
0[0.0081]  1[0.9919]  1
0[0.0102]  1[0.9898]  1
0[0.0078]  1[0.9922]  1
0[0.9881]  1[0.0119]  0
0[0.9735]  1[0.0265]  0
0[0.8843]  1[0.1157]  0
0[0.9990]  1[0.0010]  0
0[0.9954]  1[0.0046]  0
0[1.0000]  1[0.0000]  0
0[0.0001]  1[0.9999]  1
0[0.9996]  1[0.0004]  0
0[0.9803]  1[0.0197]  0
0[0.9974]  1[0.0026]  0
0[0.9889]  1[0.0111]  0
0[0.9922]  1[0.0078]  0
0[1.0000]  1[0.0000]  0
0[0.9996]  1[0.0004]  0
0[0.9999]  1[0.0001]  0
0[0.9347]  1[0.0653]  0
0[0.9951]  1[0.0049]  0
0[0.9990]  1[0.0010]  0
0[0.9998]  1[0.0002]  0
0[0.9999]  1[0.0001]  0
0[0.9999]  1[0.0001]  0
0[0.9997]  1[0.0003]  0
0[0.9999]  1[0.0001]  0
0[0.9944]  1[0.0056]  0
0[0.9989]  1[0.0011]  0
0[1.0000]  1[0.0000]  0
0[0.9982]  1[0.0018]  0
0[0.0001]  1[0.9999]  1
0[0.9963]  1[0.0037]  0
0[1.0000]  1[0.0000]  0
0[0.9970]  1[0.0030]  0
0[0.9996]  1[0.0004]  0
0[0.0147]  1[0.9853]  1
