0[0.0197]  1[0.9803]  1
0[0.0156]  1[0.9844]  1
0[0.0218]  1[0.9782]  1
0[0.0214]  1[0.9786]  1
0[0.9996]  1[0.0004]  0
0[0.0050]  1[0.9950]  1
0[0.9999]  1[0.0001]  0
0[1.0000]  1[0.0000]  0
0[0.2845]  1[0.7155]  1
0[0.9995]  1[0.0005]  0
0[1.0000]  1[0.0000]  0
0[0.0081]  1[0.9919]  1
0[0.9976]  1[0.0024]  0
0[0.8636]  1[0.1364]  0
0[1.0000]  1[0.0000]  0
0[0.9993]  1[0.0007]  0
0[0.0073]  1[0.9927]  1
0[0.9999]  1[0.0001]  0
0[0.9999]  1[0.0001]  0
0[1.0000]  1[0.0000]  0
0[0.9997]  1[0.0003]  0
0[0.9998]  1[0.0002]  0
0[0.0025]  1[0.9975]  1
0[0.0113]  1[0.9887]  1
0[0.7910]  1[0.2090]  0
0[1.0000]  1[0.0000]  0
0[0.9984]  1[0.0016]  0
0[0.0107]  1[0.9893]  1
0[0.9997]  1[0.0003]  0
0[1.0000]  1[0.0000]  0
0[0.9996]  1[0.0004]  0
0[0.9999]  1[0.0001]  0
0[0.2482]  1[0.7518]  1
0[1.0000]  1[0.0000]  0
