0[0.1771]  1[0.8229]  1
0[0.9995]  1[0.0005]  0
0[0.0003]  1[0.9997]  1
0[0.9999]  1[0.0001]  0
0[0.9976]  1[0.0024]  0
0[0.9998]  1[0.0002]  0
0[1.0000]  1[0.0000]  0
0[0.0081]  1[0.9919]  1
0[0.0564]  1[0.9436]  1
0[1.0000]  1[0.0000]  0
0[0.0004]  1[0.9996]  1
0[0.9941]  1[0.0059]  0
0[0.9911]  1[0.0089]  0
0[0.4158]  1[0.5842]  1
0[0.9996]  1[0.0004]  0
0[1.0000]  1[0.0000]  0
0[0.9985]  1[0.0015]  0
0[0.9998]  1[0.0002]  0
0[1.0000]  1[0.0000]  0
0[0.9870]  1[0.0130]  0
0[0.0175]  1[0.9825]  1
0[0.0302]  1[0.9698]  1
0[0.9981]  1[0.0019]  0
0[0.0120]  1[0.9880]  1
0[0.0022]  1[0.9978]  1
0[1.0000]  1[0.0000]  0
0[0.9988]  1[0.0012]  0
0[0.2163]  1[0.7837]  1
0[0.9975]  1[0.0025]  0
0[0.9999]  1[0.0001]  0
0[0.9999]  1[0.0001]  0
0[0.9670]  1[0.0330]  0
0[0.9999]  1[0.0001]  0
0[0.9996]  1[0.0004]  0
0[0.1018]  1[0.8982]  1
0[0.9998]  1[0.0002]  0
0[0.0682]  1[0.9318]  1
0[0.9996]  1[0.0004]  0
0[1.0000]  1[0.0000]  0
0[1.0000]  1[0.0000]  0
0[0.9903]  1[0.0097]  0
0[0.0088]  1[0.9912]  1
0[0.0022]  1[0.9978]  1
0[0.9940]  1[0.0060]  0
0[0.9996]  1[0.0004]  0
0[0.0003]  1[0.9997]  1
0[1.0000]  1[0.0000]  0
0[0.9999]  1[0.0001]  0
0[1.0000]  1[0.0000]  0
0[0.0025]  1[0.9975]  1
0[0.0195]  1[0.9805]  1
0[0.0056]  1[0.9944]  1
0[0.9994]  1[0.0006]  0
0[1.0000]  1[0.0000]  0
0[0.0301]  1[0.9699]  1
0[0.1078]  1[0.8922]  1
0[1.0000]  1[0.0000]  0
0[1.0000]  1[0.0000]  0
0[0.0037]  1[0.9963]  1
0[0.8755]  1[0.1245]  0
0[0.0062]  1[0.9938]  1
0[0.9918]  1[0.0082]  0
0[1.0000]  1[0.0000]  0
0[0.0128]  1[0.9872]  1
0[0.0223]  1[0.9777]  1
0[0.9983]  1[0.0017]  0
0[0.0408]  1[0.9592]  1
0[0.9988]  1[0.0012]  0
0[0.0002]  1[0.9998]  1
0[0.0109]  1[0.9891]  1
0[1.0000]  1[0.0000]  0
0[0.9930]  1[0.0070]  0
0[0.9998]  1[0.0002]  0
