0[0.0002]  1[0.9998]  1
0[0.9960]  1[0.0040]  0
0[1.0000]  1[0.0000]  0
0[0.9951]  1[0.0049]  0
0[0.9972]  1[0.0028]  0
0[0.0076]  1[0.9924]  1
0[0.0012]  1[0.9988]  1
0[1.0000]  1[0.0000]  0
0[1.0000]  1[0.0000]  0
0[0.0008]  1[0.9992]  1
0[0.9999]  1[0.0001]  0
0[1.0000]  1[0.0000]  0
0[0.9999]  1[0.0001]  0
0[0.9995]  1[0.0005]  0
0[0.9999]  1[0.0001]  0
0[0.0154]  1[0.9846]  1
0[0.9999]  1[0.0001]  0
0[0.0003]  1[0.9997]  1
0[0.9999]  1[0.0001]  0
0[0.9985]  1[0.0015]  0
0[0.0094]  1[0.9906]  1
0[0.9980]  1[0.0020]  0
0[0.0025]  1[0.9975]  1
0[0.0051]  1[0.9949]  1
0[1.0000]  1[0.0000]  0
0[0.9886]  1[0.0114]  0
0[1.0000]  1[0.0000]  0
0[0.9995]  1[0.0005]  0
0[0.0119]  1[0.9881]  1
0[0.0154]  1[0.9846]  1
0[0.9993]  1[0.0007]  0
0[0.0184]  1[0.9816]  1
0[0.9995]  1[0.0005]  0
0[0.0107]  1[0.9893]  1
0[0.9815]  1[0.0185]  0
0[0.9999]  1[0.0001]  0
0[0.9950]  1[0.0050]  0
0[0.0019]  1[0.9981]  1
0[0.9958]  1[0.0042]  0
0[0.9999]  1[0.0001]  0
0[0.0196]  1[0.9804]  1
0[0.9917]  1[0.0083]  0
0[0.9999]  1[0.0001]  0
0[0.0120]  1[0.9880]  1
0[0.9986]  1[0.0014]  0
0[0.9646]  1[0.0354]  0
0[0.0002]  1[0.9998]  1
0[0.9999]  1[0.0001]  0
0[0.0087]  1[0.9913]  1
0[0.9992]  1[0.0008]  0
0[0.9936]  1[0.0064]  0
0[0.9985]  1[0.0015]  0
0[0.9996]  1[0.0004]  0
0[0.0340]  1[0.9660]  1
0[0.9891]  1[0.0109]  0
0[0.9996]  1[0.0004]  0
0[0.9996]  1[0.0004]  0
0[0.9935]  1[0.0065]  0
0[0.9275]  1[0.0725]  0
0[0.9999]  1[0.0001]  0
0[0.9999]  1[0.0001]  0
0[1.0000]  1[0.0000]  0
0[1.0000]  1[0.0000]  0
0[1.0000]  1[0.0000]  0
