0[0.0133]  1[0.9867]  1
0[1.0000]  1[0.0000]  0
0[0.0408]  1[0.9592]  1
0[0.9999]  1[0.0001]  0
0[0.9873]  1[0.0127]  0
0[0.5810]  1[0.4190]  0
0[0.9995]  1[0.0005]  0
0[0.9999]  1[0.0001]  0
0[0.0128]  1[0.9872]  1
0[0.0011]  1[0.9989]  1
0[0.0161]  1[0.9839]  1
0[0.0512]  1[0.9488]  1
0[1.0000]  1[0.0000]  0
0[0.9985]  1[0.0015]  0
0[0.9999]  1[0.0001]  0
0[0.0467]  1[0.9533]  1
0[0.9999]  1[0.0001]  0
0[0.0033]  1[0.9967]  1
0[0.0135]  1[0.9865]  1
0[0.0061]  1[0.9939]  1
0[0.9972]  1[0.0028]  0
0[0.9996]  1[0.0004]  0
0[0.9989]  1[0.0011]  0
0[0.9982]  1[0.0018]  0
