0[0.9999]  1[0.0001]  0
0[0.2678]  1[0.7322]  1
0[1.0000]  1[0.0000]  0
0[0.9731]  1[0.0269]  0
0[0.9996]  1[0.0004]  0
0[0.9973]  1[0.0027]  0
0[0.9995]  1[0.0005]  0
0[0.0764]  1[0.9236]  1
0[0.9965]  1[0.0035]  0
0[1.0000]  1[0.0000]  0
0[1.0000]  1[0.0000]  0
0[0.9944]  1[0.0056]  0
0[0.9999]  1[0.0001]  0
0[0.9980]  1[0.0020]  0
0[0.9999]  1[0.0001]  0
0[0.9999]  1[0.0001]  0
0[0.0003]  1[0.9997]  1
0[0.0020]  1[0.9980]  1
0[0.9962]  1[0.0038]  0
0[0.9996]  1[0.0004]  0
0[1.0000]  1[0.0000]  0
0[0.9999]  1[0.0001]  0
