0[0.0051]  1[0.9949]  1
0[0.9907]  1[0.0093]  0
0[0.0745]  1[0.9255]  1
0[0.1260]  1[0.8740]  1
0[0.9970]  1[0.0030]  0
0[1.0000]  1[0.0000]  0
0[0.0010]  1[0.9990]  1
0[0.0686]  1[0.9314]  1
0[0.9980]  1[0.0020]  0
0[1.0000]  1[0.0000]  0
0[0.9972]  1[0.0028]  0
0[0.0195]  1[0.9805]  1
0[0.9978]  1[0.0022]  0
0[1.0000]  1[0.0000]  0
0[0.3689]  1[0.6311]  1
0[0.9921]  1[0.0079]  0
0[0.9991]  1[0.0009]  0
0[0.0003]  1[0.9997]  1
0[1.0000]  1[0.0000]  0
0[0.7515]  1[0.2485]  0
0[0.1433]  1[0.8567]  1
0[1.0000]  1[0.0000]  0
0[0.9999]  1[0.0001]  0
0[0.9997]  1[0.0003]  0
0[0.9956]  1[0.0044]  0
0[0.0003]  1[0.9997]  1
0[0.0309]  1[0.9691]  1
0[0.9957]  1[0.0043]  0
0[0.9999]  1[0.0001]  0
0[0.9641]  1[0.0359]  0
0[0.0087]  1[0.9913]  1
0[0.9999]  1[0.0001]  0
0[0.0045]  1[0.9955]  1
0[0.0764]  1[0.9236]  1
0[0.0008]  1[0.9992]  1
0[0.1361]  1[0.8639]  1
0[0.9997]  1[0.0003]  0
0[0.0110]  1[0.9890]  1
0[0.9992]  1[0.0008]  0
0[0.9911]  1[0.0089]  0
0[0.9971]  1[0.0029]  0
0[0.0390]  1[0.9610]  1
0[0.9922]  1[0.0078]  0
0[0.9093]  1[0.0907]  0
0[0.9990]  1[0.0010]  0
0[0.9996]  1[0.0004]  0
0[0.9994]  1[0.0006]  0
0[0.9999]  1[0.0001]  0
0[0.9999]  1[0.0001]  0
0[0.8250]  1[0.1750]  0
0[0.9998]  1[0.0002]  0
0[0.9974]  1[0.0026]  0
0[0.0002]  1[0.9998]  1
0[0.9970]  1[0.0030]  0
0[0.9996]  1[0.0004]  0
0[0.0272]  1[0.9728]  1
0[0.9971]  1[0.0029]  0
0[0.0022]  1[0.9978]  1
0[1.0000]  1[0.0000]  0
0[0.9999]  1[0.0001]  0
0[0.9966]  1[0.0034]  0
0[0.9999]  1[0.0001]  0
0[0.9999]  1[0.0001]  0
0[0.0192]  1[0.9808]  1
0[0.9994]  1[0.0006]  0
0[0.9904]  1[0.0096]  0
0[0.9996]  1[0.0004]  0
0[0.9779]  1[0.0221]  0
0[0.0025]  1[0.9975]  1
0[0.9999]  1[0.0001]  0
0[0.9999]  1[0.0001]  0
0[0.9981]  1[0.0019]  0
0[0.0000]  1[1.0000]  1
0[0.0207]  1[0.9793]  1
0[0.2937]  1[0.7063]  1
0[0.2596]  1[0.7404]  1
0[0.0085]  1[0.9915]  1
0[0.9999]  1[0.0001]  0
0[0.3117]  1[0.6883]  1
0[0.9997]  1[0.0003]  0
0[1.0000]  1[0.0000]  0
0[0.9962]  1[0.0038]  0
