0[0.9998]  1[0.0002]  0
0[1.0000]  1[0.0000]  0
0[0.9999]  1[0.0001]  0
0[0.0043]  1[0.9957]  1
0[0.2902]  1[0.7098]  1
0[0.9639]  1[0.0361]  0
0[1.0000]  1[0.0000]  0
0[0.0344]  1[0.9656]  1
0[0.0842]  1[0.9158]  1
0[0.8266]  1[0.1734]  0
0[0.9999]  1[0.0001]  0
0[0.0927]  1[0.9073]  1
0[1.0000]  1[0.0000]  0
0[0.0022]  1[0.9978]  1
0[0.9986]  1[0.0014]  0
0[0.0127]  1[0.9873]  1
0[0.0040]  1[0.9960]  1
0[0.0164]  1[0.9836]  1
0[1.0000]  1[0.0000]  0
0[0.9996]  1[0.0004]  0
0[0.8046]  1[0.1954]  0
0[1.0000]  1[0.0000]  0
0[0.9705]  1[0.0295]  0
0[0.0023]  1[0.9977]  1
0[0.0116]  1[0.9884]  1
0[0.0022]  1[0.9978]  1
0[0.6870]  1[0.3130]  0
0[0.9997]  1[0.0003]  0
0[0.0296]  1[0.9704]  1
0[0.9991]  1[0.0009]  0
0[0.9996]  1[0.0004]  0
0[0.0426]  1[0.9574]  1
0[0.9999]  1[0.0001]  0
0[0.0296]  1[0.9704]  1
0[0.9997]  1[0.0003]  0
0[0.0101]  1[0.9899]  1
0[0.9999]  1[0.0001]  0
0[0.9999]  1[0.0001]  0
0[0.0704]  1[0.9296]  1
0[0.6583]  1[0.3417]  0
0[0.0076]  1[0.9924]  1
0[0.9981]  1[0.0019]  0
0[0.9002]  1[0.0998]  0
0[1.0000]  1[0.0000]  0
0[0.4506]  1[0.5494]  1
0[0.0001]  1[0.9999]  1
0[0.9897]  1[0.0103]  0
0[0.9999]  1[0.0001]  0
0[0.9576]  1[0.0424]  0
0[0.9985]  1[0.0015]  0
0[0.0009]  1[0.9991]  1
0[0.9999]  1[0.0001]  0
0[0.0073]  1[0.9927]  1
0[0.0478]  1[0.9522]  1
0[0.9966]  1[0.0034]  0
0[1.0000]  1[0.0000]  0
0[0.9983]  1[0.0017]  0
0[0.0061]  1[0.9939]  1
0[0.0041]  1[0.9959]  1
0[0.0436]  1[0.9564]  1
0[0.0246]  1[0.9754]  1
0[1.0000]  1[0.0000]  0
0[0.9998]  1[0.0002]  0
0[0.9999]  1[0.0001]  0
0[0.9908]  1[0.0092]  0
0[0.0278]  1[0.9722]  1
0[0.0015]  1[0.9985]  1
0[0.9999]  1[0.0001]  0
0[0.9999]  1[0.0001]  0
0[0.9979]  1[0.0021]  0
0[0.0265]  1[0.9735]  1
0[0.0020]  1[0.9980]  1
0[0.9979]  1[0.0021]  0
0[0.0009]  1[0.9991]  1
0[0.0008]  1[0.9992]  1
0[0.9998]  1[0.0002]  0
0[0.9995]  1[0.0005]  0
0[0.9999]  1[0.0001]  0
0[0.0021]  1[0.9979]  1
0[0.9990]  1[0.0010]  0
0[0.9966]  1[0.0034]  0
0[1.0000]  1[0.0000]  0
0[1.0000]  1[0.0000]  0
0[0.9975]  1[0.0025]  0
0[1.0000]  1[0.0000]  0
0[0.9801]  1[0.0199]  0
0[0.0100]  1[0.9900]  1
0[0.0171]  1[0.9829]  1
0[0.9999]  1[0.0001]  0
0[0.0174]  1[0.9826]  1
0[0.9995]  1[0.0005]  0
0[0.0077]  1[0.9923]  1
0[1.0000]  1[0.0000]  0
0[0.9999]  1[0.0001]  0
0[0.9953]  1[0.0047]  0
0[0.9997]  1[0.0003]  0
0[0.0165]  1[0.9835]  1
0[0.0139]  1[0.9861]  1
0[0.9968]  1[0.0032]  0
0[0.1421]  1[0.8579]  1
0[0.9999]  1[0.0001]  0
0[0.9999]  1[0.0001]  0
0[0.0143]  1[0.9857]  1
0[0.9999]  1[0.0001]  0
0[0.9999]  1[0.0001]  0
0[0.9866]  1[0.0134]  0
0[0.2636]  1[0.7364]  1
0[0.9995]  1[0.0005]  0
0[0.0601]  1[0.9399]  1
0[0.1474]  1[0.8526]  1
0[0.9987]  1[0.0013]  0
0[0.9999]  1[0.0001]  0
0[0.0002]  1[0.9998]  1
0[0.0761]  1[0.9239]  1
0[0.0394]  1[0.9606]  1
0[0.0077]  1[0.9923]  1
0[0.9999]  1[0.0001]  0
0[0.8756]  1[0.1244]  0
0[0.0002]  1[0.9998]  1
0[0.9999]  1[0.0001]  0
0[0.9997]  1[0.0003]  0
0[0.9998]  1[0.0002]  0
0[0.9998]  1[0.0002]  0
0[0.0719]  1[0.9281]  1
0[0.9986]  1[0.0014]  0
0[0.9997]  1[0.0003]  0
0[0.0177]  1[0.9823]  1
0[0.9979]  1[0.0021]  0
0[0.9982]  1[0.0018]  0
0[0.9996]  1[0.0004]  0
0[0.9999]  1[0.0001]  0
0[0.9999]  1[0.0001]  0
0[0.5632]  1[0.4368]  0
0[0.0033]  1[0.9967]  1
0[0.9999]  1[0.0001]  0
0[0.0025]  1[0.9975]  1
0[0.0020]  1[0.9980]  1
0[0.0995]  1[0.9005]  1
0[0.9980]  1[0.0020]  0
