0[0.0302]  1[0.9698]  1
0[0.5463]  1[0.4537]  0
0[0.9662]  1[0.0338]  0
0[0.7834]  1[0.2166]  0
0[0.9999]  1[0.0001]  0
0[0.0016]  1[0.9984]  1
0[0.0030]  1[0.9970]  1
0[0.0127]  1[0.9873]  1
0[0.9999]  1[0.0001]  0
0[0.1277]  1[0.8723]  1
0[0.0002]  1[0.9998]  1
0[1.0000]  1[0.0000]  0
0[0.0115]  1[0.9885]  1
0[0.9994]  1[0.0006]  0
0[0.0078]  1[0.9922]  1
0[0.9999]  1[0.0001]  0
0[0.0134]  1[0.9866]  1
0[0.5105]  1[0.4895]  0
0[1.0000]  1[0.0000]  0
0[0.0004]  1[0.9996]  1
0[0.0202]  1[0.9798]  1
0[0.0002]  1[0.9998]  1
