0[0.9956]  1[0.0044]  0
0[1.0000]  1[0.0000]  0
0[0.9990]  1[0.0010]  0
0[0.0220]  1[0.9780]  1
0[0.9985]  1[0.0015]  0
0[0.9996]  1[0.0004]  0
0[0.0075]  1[0.9925]  1
0[0.8767]  1[0.1233]  0
0[0.9933]  1[0.0067]  0
0[0.9999]  1[0.0001]  0
0[0.9999]  1[0.0001]  0
0[0.9987]  1[0.0013]  0
0[1.0000]  1[0.0000]  0
0[0.9998]  1[0.0002]  0
0[0.9999]  1[0.0001]  0
0[0.9953]  1[0.0047]  0
0[0.9972]  1[0.0028]  0
0[0.0046]  1[0.9954]  1
0[0.0248]  1[0.9752]  1
0[0.9522]  1[0.0478]  0
0[0.0335]  1[0.9665]  1
0[1.0000]  1[0.0000]  0
0[0.0135]  1[0.9865]  1
0[0.9997]  1[0.0003]  0
0[0.0041]  1[0.9959]  1
0[0.0795]  1[0.9205]  1
0[1.0000]  1[0.0000]  0
0[0.9234]  1[0.0766]  0
0[0.0128]  1[0.9872]  1
0[0.9999]  1[0.0001]  0
0[0.0065]  1[0.9935]  1
0[0.0147]  1[0.9853]  1
0[1.0000]  1[0.0000]  0
0[0.0245]  1[0.9755]  1
0[0.9812]  1[0.0188]  0
0[0.9998]  1[0.0002]  0
0[0.9999]  1[0.0001]  0
0[0.9996]  1[0.0004]  0
0[0.0289]  1[0.9711]  1
0[0.1237]  1[0.8763]  1
0[0.9949]  1[0.0051]  0
0[0.9987]  1[0.0013]  0
0[0.0150]  1[0.9850]  1
0[1.0000]  1[0.0000]  0
0[0.9986]  1[0.0014]  0
0[0.9971]  1[0.0029]  0
0[0.8978]  1[0.1022]  0
0[0.0289]  1[0.9711]  1
0[0.0043]  1[0.9957]  1
0[0.9962]  1[0.0038]  0
0[0.9994]  1[0.0006]  0
0[0.9986]  1[0.0014]  0
0[0.0279]  1[0.9721]  1
0[1.0000]  1[0.0000]  0
0[0.9999]  1[0.0001]  0
0[0.0004]  1[0.9996]  1
0[0.8563]  1[0.1437]  0
0[0.9982]  1[0.0018]  0
0[0.7711]  1[0.2289]  0
0[1.0000]  1[0.0000]  0
0[0.0252]  1[0.9748]  1
0[1.0000]  1[0.0000]  0
0[0.0675]  1[0.9325]  1
0[0.6749]  1[0.3251]  0
0[0.9913]  1[0.0087]  0
0[0.9992]  1[0.0008]  0
