0[0.0215]  1[0.9785]  1
0[1.0000]  1[0.0000]  0
0[1.0000]  1[0.0000]  0
0[1.0000]  1[0.0000]  0
0[0.0003]  1[0.9997]  1
0[1.0000]  1[0.0000]  0
0[0.8066]  1[0.1934]  0
0[1.0000]  1[0.0000]  0
0[0.0037]  1[0.9963]  1
0[0.0097]  1[0.9903]  1
0[0.4943]  1[0.5057]  1
0[0.9971]  1[0.0029]  0
0[0.0061]  1[0.9939]  1
0[0.3680]  1[0.6320]  1
0[0.9976]  1[0.0024]  0
0[0.9999]  1[0.0001]  0
0[0.0192]  1[0.9808]  1
0[0.0153]  1[0.9847]  1
0[0.0069]  1[0.9931]  1
0[0.9999]  1[0.0001]  0
0[0.0001]  1[0.9999]  1
0[0.0208]  1[0.9792]  1
0[0.9990]  1[0.0010]  0
0[0.9231]  1[0.0769]  0
0[0.9970]  1[0.0030]  0
0[1.0000]  1[0.0000]  0
0[0.0075]  1[0.9925]  1
0[0.9947]  1[0.0053]  0
0[1.0000]  1[0.0000]  0
0[0.9930]  1[0.0070]  0
0[0.0004]  1[0.9996]  1
0[0.9998]  1[0.0002]  0
0[0.0113]  1[0.9887]  1
0[0.1459]  1[0.8541]  1
0[1.0000]  1[0.0000]  0
0[0.0654]  1[0.9346]  1
0[0.0085]  1[0.9915]  1
0[0.0028]  1[0.9972]  1
0[0.9908]  1[0.0092]  0
0[0.0867]  1[0.9133]  1
0[0.0002]  1[0.9998]  1
0[0.9990]  1[0.0010]  0
0[0.9998]  1[0.0002]  0
0[0.0147]  1[0.9853]  1
0[0.9999]  1[0.0001]  0
0[0.9972]  1[0.0028]  0
0[0.0012]  1[0.9988]  1
0[1.0000]  1[0.0000]  0
0[0.9999]  1[0.0001]  0
0[0.0045]  1[0.9955]  1
0[0.0174]  1[0.9826]  1
0[0.0000]  1[1.0000]  1
0[0.9974]  1[0.0026]  0
0[0.0247]  1[0.9753]  1
0[0.9980]  1[0.0020]  0
0[0.9996]  1[0.0004]  0
0[0.9996]  1[0.0004]  0
0[0.9999]  1[0.0001]  0
0[0.9999]  1[0.0001]  0
0[1.0000]  1[0.0000]  0
0[0.9999]  1[0.0001]  0
0[0.0108]  1[0.9892]  1
0[0.9989]  1[0.0011]  0
0[0.3487]  1[0.6513]  1
0[1.0000]  1[0.0000]  0
0[0.9835]  1[0.0165]  0
0[0.0031]  1[0.9969]  1
0[0.9997]  1[0.0003]  0
0[0.0034]  1[0.9966]  1
0[1.0000]  1[0.0000]  0
0[0.9998]  1[0.0002]  0
0[0.9995]  1[0.0005]  0
0[1.0000]  1[0.0000]  0
0[0.9994]  1[0.0006]  0
0[0.9999]  1[0.0001]  0
0[0.9999]  1[0.0001]  0
0[0.0536]  1[0.9464]  1
0[0.9988]  1[0.0012]  0
0[0.0623]  1[0.9377]  1
0[0.9999]  1[0.0001]  0
0[0.9996]  1[0.0004]  0
0[0.9995]  1[0.0005]  0
0[0.9996]  1[0.0004]  0
