0[0.0188]  1[0.9812]  1
0[0.9998]  1[0.0002]  0
0[1.0000]  1[0.0000]  0
0[0.1422]  1[0.8578]  1
0[1.0000]  1[0.0000]  0
0[0.1643]  1[0.8357]  1
0[0.9999]  1[0.0001]  0
0[1.0000]  1[0.0000]  0
0[0.0022]  1[0.9978]  1
0[0.0000]  1[1.0000]  1
0[0.0080]  1[0.9920]  1
0[0.9999]  1[0.0001]  0
0[0.3253]  1[0.6747]  1
0[0.0181]  1[0.9819]  1
0[0.0540]  1[0.9460]  1
0[0.9976]  1[0.0024]  0
0[0.0161]  1[0.9839]  1
0[0.9917]  1[0.0083]  0
0[0.0027]  1[0.9973]  1
0[0.9997]  1[0.0003]  0
0[0.0204]  1[0.9796]  1
0[0.0027]  1[0.9973]  1
0[0.9885]  1[0.0115]  0
0[0.0161]  1[0.9839]  1
0[0.9955]  1[0.0045]  0
0[0.9995]  1[0.0005]  0
0[1.0000]  1[0.0000]  0
0[0.5970]  1[0.4030]  0
0[0.0133]  1[0.9867]  1
0[1.0000]  1[0.0000]  0
0[0.0023]  1[0.9977]  1
0[0.0003]  1[0.9997]  1
0[0.9996]  1[0.0004]  0
0[0.9999]  1[0.0001]  0
0[0.0093]  1[0.9907]  1
0[1.0000]  1[0.0000]  0
0[0.0075]  1[0.9925]  1
0[0.9892]  1[0.0108]  0
0[0.9977]  1[0.0023]  0
0[0.9978]  1[0.0022]  0
0[0.0161]  1[0.9839]  1
