0[0.3370]  1[0.6630]  1
0[0.9964]  1[0.0036]  0
0[0.0078]  1[0.9922]  1
0[0.7172]  1[0.2828]  0
0[0.9999]  1[0.0001]  0
0[1.0000]  1[0.0000]  0
0[0.9988]  1[0.0012]  0
0[0.9992]  1[0.0008]  0
0[0.9993]  1[0.0007]  0
0[0.9987]  1[0.0013]  0
0[1.0000]  1[0.0000]  0
0[0.9957]  1[0.0043]  0
0[0.9999]  1[0.0001]  0
0[0.0004]  1[0.9996]  1
0[0.0003]  1[0.9997]  1
0[0.0242]  1[0.9758]  1
0[1.0000]  1[0.0000]  0
0[1.0000]  1[0.0000]  0
0[1.0000]  1[0.0000]  0
0[0.9998]  1[0.0002]  0
0[0.9999]  1[0.0001]  0
0[1.0000]  1[0.0000]  0
0[1.0000]  1[0.0000]  0
0[1.0000]  1[0.0000]  0
0[0.9989]  1[0.0011]  0
0[1.0000]  1[0.0000]  0
0[0.9999]  1[0.0001]  0
0[0.9996]  1[0.0004]  0
0[0.9998]  1[0.0002]  0
0[1.0000]  1[0.0000]  0
0[1.0000]  1[0.0000]  0
0[0.9995]  1[0.0005]  0
0[0.7462]  1[0.2538]  0
0[0.0080]  1[0.9920]  1
0[0.9585]  1[0.0415]  0
0[1.0000]  1[0.0000]  0
0[0.0174]  1[0.9826]  1
0[0.0002]  1[0.9998]  1
0[0.9999]  1[0.0001]  0
0[0.9996]  1[0.0004]  0
0[0.9521]  1[0.0479]  0
0[0.8073]  1[0.1927]  0
0[0.9998]  1[0.0002]  0
0[0.0002]  1[0.9998]  1
0[0.9803]  1[0.0197]  0
0[1.0000]  1[0.0000]  0
0[0.9994]  1[0.0006]  0
0[0.0096]  1[0.9904]  1
0[0.9986]  1[0.0014]  0
0[0.9963]  1[0.0037]  0
0[1.0000]  1[0.0000]  0
0[0.9682]  1[0.0318]  0
