0[0.9928]  1[0.0072]  0
0[0.9999]  1[0.0001]  0
0[0.9962]  1[0.0038]  0
0[1.0000]  1[0.0000]  0
0[0.9291]  1[0.0709]  0
0[0.0073]  1[0.9927]  1
0[0.9995]  1[0.0005]  0
0[1.0000]  1[0.0000]  0
0[0.0066]  1[0.9934]  1
0[0.9938]  1[0.0062]  0
0[0.9992]  1[0.0008]  0
0[0.9981]  1[0.0019]  0
0[0.0030]  1[0.9970]  1
0[0.8796]  1[0.1204]  0
0[1.0000]  1[0.0000]  0
0[0.9980]  1[0.0020]  0
0[0.9969]  1[0.0031]  0
0[0.9998]  1[0.0002]  0
0[0.0051]  1[0.9949]  1
0[0.0009]  1[0.9991]  1
0[1.0000]  1[0.0000]  0
0[0.9970]  1[0.0030]  0
0[0.9996]  1[0.0004]  0
0[0.0004]  1[0.9996]  1
0[0.0024]  1[0.9976]  1
0[1.0000]  1[0.0000]  0
0[1.0000]  1[0.0000]  0
0[0.0078]  1[0.9922]  1
0[1.0000]  1[0.0000]  0
0[0.9999]  1[0.0001]  0
0[0.6637]  1[0.3363]  0
0[0.9999]  1[0.0001]  0
0[0.0076]  1[0.9924]  1
0[0.0649]  1[0.9351]  1
0[0.0309]  1[0.9691]  1
0[0.0113]  1[0.9887]  1
0[0.9967]  1[0.0033]  0
0[0.9528]  1[0.0472]  0
0[0.9996]  1[0.0004]  0
0[0.0168]  1[0.9832]  1
0[0.0019]  1[0.9981]  1
0[0.9996]  1[0.0004]  0
0[0.6830]  1[0.3170]  0
0[0.9996]  1[0.0004]  0
0[0.9522]  1[0.0478]  0
0[0.0842]  1[0.9158]  1
0[0.9999]  1[0.0001]  0
0[0.9996]  1[0.0004]  0
0[0.9998]  1[0.0002]  0
0[1.0000]  1[0.0000]  0
0[1.0000]  1[0.0000]  0
0[1.0000]  1[0.0000]  0
0[0.9989]  1[0.0011]  0
0[0.9660]  1[0.0340]  0
0[0.9999]  1[0.0001]  0
0[0.0024]  1[0.9976]  1
0[1.0000]  1[0.0000]  0
0[0.0273]  1[0.9727]  1
0[0.9996]  1[0.0004]  0
0[0.9967]  1[0.0033]  0
0[1.0000]  1[0.0000]  0
0[0.0558]  1[0.9442]  1
0[0.9996]  1[0.0004]  0
0[0.9998]  1[0.0002]  0
0[0.0216]  1[0.9784]  1
0[0.9606]  1[0.0394]  0
0[0.9999]  1[0.0001]  0
0[0.9999]  1[0.0001]  0
0[0.9949]  1[0.0051]  0
0[1.0000]  1[0.0000]  0
0[0.9982]  1[0.0018]  0
0[0.0434]  1[0.9566]  1
0[0.9990]  1[0.0010]  0
0[0.0378]  1[0.9622]  1
0[0.0847]  1[0.9153]  1
0[0.5153]  1[0.4847]  0
0[0.2017]  1[0.7983]  1
0[0.9979]  1[0.0021]  0
0[0.3356]  1[0.6644]  1
0[0.9984]  1[0.0016]  0
0[0.9977]  1[0.0023]  0
0[0.0002]  1[0.9998]  1
0[0.9999]  1[0.0001]  0
0[1.0000]  1[0.0000]  0
0[0.0159]  1[0.9841]  1
0[0.8155]  1[0.1845]  0
