0[0.9967]  1[0.0033]  0
0[0.3421]  1[0.6579]  1
0[1.0000]  1[0.0000]  0
0[0.0115]  1[0.9885]  1
0[0.9998]  1[0.0002]  0
0[0.0077]  1[0.9923]  1
0[0.9998]  1[0.0002]  0
0[0.9995]  1[0.0005]  0
0[0.9997]  1[0.0003]  0
0[0.0081]  1[0.9919]  1
0[0.9999]  1[0.0001]  0
0[1.0000]  1[0.0000]  0
0[0.0111]  1[0.9889]  1
0[0.0042]  1[0.9958]  1
0[0.9995]  1[0.0005]  0
0[0.9995]  1[0.0005]  0
0[0.4274]  1[0.5726]  1
0[1.0000]  1[0.0000]  0
0[1.0000]  1[0.0000]  0
0[0.1144]  1[0.8856]  1
0[0.0008]  1[0.9992]  1
0[0.9893]  1[0.0107]  0
0[0.0197]  1[0.9803]  1
0[1.0000]  1[0.0000]  0
0[1.0000]  1[0.0000]  0
0[0.7375]  1[0.2625]  0
0[0.9973]  1[0.0027]  0
0[0.9989]  1[0.0011]  0
0[0.9995]  1[0.0005]  0
0[0.0330]  1[0.9670]  1
0[0.9951]  1[0.0049]  0
0[0.9976]  1[0.0024]  0
0[0.0742]  1[0.9258]  1
0[0.0165]  1[0.9835]  1
0[1.0000]  1[0.0000]  0
0[0.0269]  1[0.9731]  1
0[0.9995]  1[0.0005]  0
0[0.9708]  1[0.0292]  0
0[0.0443]  1[0.9557]  1
0[0.0022]  1[0.9978]  1
0[0.9999]  1[0.0001]  0
0[0.9995]  1[0.0005]  0
0[0.0127]  1[0.9873]  1
0[0.0002]  1[0.9998]  1
0[0.9999]  1[0.0001]  0
0[0.9996]  1[0.0004]  0
0[1.0000]  1[0.0000]  0
0[0.9875]  1[0.0125]  0
0[0.0164]  1[0.9836]  1
0[0.0029]  1[0.9971]  1
0[1.0000]  1[0.0000]  0
0[0.0292]  1[0.9708]  1
0[0.9999]  1[0.0001]  0
0[1.0000]  1[0.0000]  0
0[0.9998]  1[0.0002]  0
