0[0.9994]  1[0.0006]  0
0[0.9985]  1[0.0015]  0
0[0.0754]  1[0.9246]  1
0[0.9999]  1[0.0001]  0
0[0.9999]  1[0.0001]  0
0[0.9999]  1[0.0001]  0
0[0.9984]  1[0.0016]  0
0[1.0000]  1[0.0000]  0
0[0.7362]  1[0.2638]  0
0[0.9995]  1[0.0005]  0
0[0.9994]  1[0.0006]  0
0[0.8661]  1[0.1339]  0
0[0.0019]  1[0.9981]  1
0[0.9999]  1[0.0001]  0
0[1.0000]  1[0.0000]  0
0[0.0344]  1[0.9656]  1
0[0.9998]  1[0.0002]  0
0[0.9998]  1[0.0002]  0
0[0.9999]  1[0.0001]  0
0[1.0000]  1[0.0000]  0
0[0.0099]  1[0.9901]  1
0[0.9939]  1[0.0061]  0
0[0.9995]  1[0.0005]  0
0[1.0000]  1[0.0000]  0
0[0.9986]  1[0.0014]  0
0[0.0349]  1[0.9651]  1
0[0.7645]  1[0.2355]  0
0[0.6307]  1[0.3693]  0
0[1.0000]  1[0.0000]  0
0[0.9941]  1[0.0059]  0
0[0.0233]  1[0.9767]  1
0[0.0087]  1[0.9913]  1
0[0.9999]  1[0.0001]  0
0[0.9989]  1[0.0011]  0
0[0.9961]  1[0.0039]  0
0[0.9998]  1[0.0002]  0
0[0.9994]  1[0.0006]  0
0[0.9999]  1[0.0001]  0
0[1.0000]  1[0.0000]  0
0[1.0000]  1[0.0000]  0
0[0.9997]  1[0.0003]  0
0[0.9999]  1[0.0001]  0
0[1.0000]  1[0.0000]  0
0[0.0273]  1[0.9727]  1
0[0.0516]  1[0.9484]  1
0[1.0000]  1[0.0000]  0
0[1.0000]  1[0.0000]  0
0[0.9974]  1[0.0026]  0
0[0.9910]  1[0.0090]  0
0[0.8683]  1[0.1317]  0
0[0.0003]  1[0.9997]  1
0[0.8754]  1[0.1246]  0
0[0.0247]  1[0.9753]  1
