0[1.0000]  1[0.0000]  0
0[0.9999]  1[0.0001]  0
0[0.9926]  1[0.0074]  0
0[0.0230]  1[0.9770]  1
0[0.9998]  1[0.0002]  0
0[0.9878]  1[0.0122]  0
0[0.4048]  1[0.5952]  1
0[0.0077]  1[0.9923]  1
0[0.0057]  1[0.9943]  1
0[0.0866]  1[0.9134]  1
0[0.9905]  1[0.0095]  0
0[0.0232]  1[0.9768]  1
0[1.0000]  1[0.0000]  0
0[0.0686]  1[0.9314]  1
0[1.0000]  1[0.0000]  0
0[0.0070]  1[0.9930]  1
0[0.9999]  1[0.0001]  0
0[0.9999]  1[0.0001]  0
0[0.9977]  1[0.0023]  0
0[0.9995]  1[0.0005]  0
0[0.9976]  1[0.0024]  0
0[1.0000]  1[0.0000]  0
0[0.9998]  1[0.0002]  0
0[0.0115]  1[0.9885]  1
0[0.9943]  1[0.0057]  0
0[0.9999]  1[0.0001]  0
0[0.9996]  1[0.0004]  0
0[0.9726]  1[0.0274]  0
0[0.0005]  1[0.9995]  1
0[0.9963]  1[0.0037]  0
0[0.9996]  1[0.0004]  0
0[0.9996]  1[0.0004]  0
0[0.9999]  1[0.0001]  0
0[0.9996]  1[0.0004]  0
0[0.0154]  1[0.9846]  1
0[1.0000]  1[0.0000]  0
0[0.9999]  1[0.0001]  0
0[1.0000]  1[0.0000]  0
0[1.0000]  1[0.0000]  0
0[0.4512]  1[0.5488]  1
0[0.0327]  1[0.9673]  1
0[0.9961]  1[0.0039]  0
0[0.9999]  1[0.0001]  0
0[0.9999]  1[0.0001]  0
0[0.0152]  1[0.9848]  1
0[0.9967]  1[0.0033]  0
0[1.0000]  1[0.0000]  0
0[0.9986]  1[0.0014]  0
0[1.0000]  1[0.0000]  0
0[0.9998]  1[0.0002]  0
0[0.4887]  1[0.5113]  1
0[0.9997]  1[0.0003]  0
0[0.9999]  1[0.0001]  0
0[0.1477]  1[0.8523]  1
0[0.9998]  1[0.0002]  0
0[0.0293]  1[0.9707]  1
0[1.0000]  1[0.0000]  0
0[0.0010]  1[0.9990]  1
0[0.9995]  1[0.0005]  0
0[0.9998]  1[0.0002]  0
0[0.9812]  1[0.0188]  0
0[0.9827]  1[0.0173]  0
0[0.9997]  1[0.0003]  0
0[0.0349]  1[0.9651]  1
0[1.0000]  1[0.0000]  0
0[0.0325]  1[0.9675]  1
0[1.0000]  1[0.0000]  0
0[0.9995]  1[0.0005]  0
0[0.9901]  1[0.0099]  0
0[0.9982]  1[0.0018]  0
0[0.9854]  1[0.0146]  0
0[0.9997]  1[0.0003]  0
0[0.3246]  1[0.6754]  1
0[1.0000]  1[0.0000]  0
0[0.0082]  1[0.9918]  1
0[0.9983]  1[0.0017]  0
0[0.1146]  1[0.8854]  1
0[0.9981]  1[0.0019]  0
0[0.0764]  1[0.9236]  1
0[0.9994]  1[0.0006]  0
0[0.9121]  1[0.0879]  0
0[0.9999]  1[0.0001]  0
0[0.9982]  1[0.0018]  0
0[0.9999]  1[0.0001]  0
0[0.0683]  1[0.9317]  1
0[0.9995]  1[0.0005]  0
0[0.2309]  1[0.7691]  1
0[0.0764]  1[0.9236]  1
0[1.0000]  1[0.0000]  0
0[0.9999]  1[0.0001]  0
0[1.0000]  1[0.0000]  0
0[0.9999]  1[0.0001]  0
0[0.9969]  1[0.0031]  0
0[1.0000]  1[0.0000]  0
0[0.9996]  1[0.0004]  0
0[0.0059]  1[0.9941]  1
0[0.9856]  1[0.0144]  0
0[1.0000]  1[0.0000]  0
0[0.0190]  1[0.9810]  1
0[0.9984]  1[0.0016]  0
0[0.0123]  1[0.9877]  1
0[0.9984]  1[0.0016]  0
0[0.9979]  1[0.0021]  0
0[0.0132]  1[0.9868]  1
0[1.0000]  1[0.0000]  0
0[1.0000]  1[0.0000]  0
0[0.9995]  1[0.0005]  0
0[1.0000]  1[0.0000]  0
0[0.9999]  1[0.0001]  0
0[0.9996]  1[0.0004]  0
0[1.0000]  1[0.0000]  0
0[0.9997]  1[0.0003]  0
0[1.0000]  1[0.0000]  0
0[0.9830]  1[0.0170]  0
